<?xml version="1.0" encoding="UTF-8"?>
<testsuites name="Run all test cases" time="970.454" tests="24" failures="5" errors="0">
   <testsuite name="Run all test cases" tests="24" failures="5" errors="0" time="970.454" timestamp="2019-12-20 13:15:55" hostname="apple - localhost" id="Test Suites/Run all test cases">
      <properties>
         <property name="deviceName" value=""/>
         <property name="devicePlatform" value=""/>
         <property name="logFolder" value="/Users/apple/Desktop/Stduy/katalon-mattermost/dsds/Reports/20191220_131552/Run all test cases/20191220_131552"/>
         <property name="logFiles" value="/Users/apple/Desktop/Stduy/katalon-mattermost/dsds/Reports/20191220_131552/Run all test cases/20191220_131552/execution0.log"/>
         <property name="attachments" value="/Users/apple/Desktop/Stduy/katalon-mattermost/dsds/Reports/20191220_131552/Run all test cases/20191220_131552/1576823047074.png, /Users/apple/Desktop/Stduy/katalon-mattermost/dsds/Reports/20191220_131552/Run all test cases/20191220_131552/1576823188992.png, /Users/apple/Desktop/Stduy/katalon-mattermost/dsds/Reports/20191220_131552/Run all test cases/20191220_131552/1576823297443.png, /Users/apple/Desktop/Stduy/katalon-mattermost/dsds/Reports/20191220_131552/Run all test cases/20191220_131552/1576823423271.png, /Users/apple/Desktop/Stduy/katalon-mattermost/dsds/Reports/20191220_131552/Run all test cases/20191220_131552/1576823524703.png"/>
         <property name="hostName" value="apple - localhost"/>
         <property name="os" value="Mac OS X 64bit"/>
         <property name="katalonVersion" value="7.1.2.1"/>
         <property name="browser" value="Firefox 71.0"/>
         <property name="hostAddress" value="127.0.0.1"/>
         <property name="sessionId" value="d380bff9-4df4-b54e-88ba-2f8a1efdc116"/>
         <property name="seleniumVersion" value="3.141.59"/>
         <property name="proxyInformation" value="ProxyInformation{proxyOption=NO_PROXY, proxyServerType=HTTP, password=, proxyServerAddress=, proxyServerPort=0, executionList=}"/>
         <property name="platform" value="Mac OS X"/>
      </properties>
      <testcase name="Test Cases/Login with wrong password" time="25.145" classname="Test Cases/Login with wrong password" status="PASSED">
         <system-out><![CDATA[2019-12-20 13:15:55 - [TEST_CASE][PASSED] - Test Cases/Login with wrong password: Test Cases/Login with wrong password

2019-12-20 13:15:56 - [TEST_STEP][PASSED] - openBrowser(""): Browser is opened with url: ''

2019-12-20 13:15:56 - [MESSAGE][INFO] - Starting 'Firefox' driver

2019-12-20 13:15:56 - [MESSAGE][INFO] - Action delay is set to 0 seconds

2019-12-20 13:16:02 - [MESSAGE][PASSED] - Browser is opened with url: ''

2019-12-20 13:16:02 - [TEST_STEP][PASSED] - navigateToUrl("https://mattermost-usecase.herokuapp.com"): Navigate to 'https://mattermost-usecase.herokuapp.com' successfully

2019-12-20 13:16:11 - [MESSAGE][PASSED] - Navigate to 'https://mattermost-usecase.herokuapp.com' successfully

2019-12-20 13:16:11 - [TEST_STEP][PASSED] - setText(findTestObject("Login/Login succed/input_All team communication in one place s_703ef5"), "bannnnn"): Text 'bannnnn' is set on object 'Object Repository/Login/Login succed/input_All team communication in one place s_703ef5'

2019-12-20 13:16:17 - [MESSAGE][PASSED] - Text 'bannnnn' is set on object 'Object Repository/Login/Login succed/input_All team communication in one place s_703ef5'

2019-12-20 13:16:17 - [TEST_STEP][PASSED] - setEncryptedText(findTestObject("Login/Login succed/input_All team communication in one place s_2f2733"), "6M8jdlTs8n6rOnocPaG5Cw=="): Text ****** has been set on object 'Object Repository/Login/Login succed/input_All team communication in one place s_2f2733'

2019-12-20 13:16:18 - [MESSAGE][PASSED] - Text ****** has been set on object 'Object Repository/Login/Login succed/input_All team communication in one place s_2f2733'

2019-12-20 13:16:18 - [TEST_STEP][PASSED] - click(findTestObject("Login/Login succed/span_Sign in")): Object: 'Object Repository/Login/Login succed/span_Sign in' is clicked on

2019-12-20 13:16:18 - [MESSAGE][PASSED] - Object: 'Object Repository/Login/Login succed/span_Sign in' is clicked on

2019-12-20 13:16:18 - [TEST_STEP][PASSED] - closeBrowser(): Browser is closed

2019-12-20 13:16:20 - [MESSAGE][PASSED] - Browser is closed]]></system-out>
         <system-err><![CDATA[]]></system-err>
      </testcase>
      <testcase name="Test Cases/Login with correct password" time="23.659" classname="Test Cases/Login with correct password" status="PASSED">
         <system-out><![CDATA[2019-12-20 13:16:20 - [TEST_CASE][PASSED] - Test Cases/Login with correct password: Test Cases/Login with correct password

2019-12-20 13:16:21 - [TEST_STEP][PASSED] - openBrowser(""): Browser is opened with url: ''

2019-12-20 13:16:21 - [MESSAGE][INFO] - Starting 'Firefox' driver

2019-12-20 13:16:24 - [MESSAGE][PASSED] - Browser is opened with url: ''

2019-12-20 13:16:24 - [TEST_STEP][PASSED] - navigateToUrl("https://mattermost-usecase.herokuapp.com"): Navigate to 'https://mattermost-usecase.herokuapp.com' successfully

2019-12-20 13:16:35 - [MESSAGE][PASSED] - Navigate to 'https://mattermost-usecase.herokuapp.com' successfully

2019-12-20 13:16:35 - [TEST_STEP][PASSED] - setText(findTestObject("Login/Login failed/input_All team communication in one place s_703ef5"), "bannnnn"): Text 'bannnnn' is set on object 'Object Repository/Login/Login failed/input_All team communication in one place s_703ef5'

2019-12-20 13:16:41 - [MESSAGE][PASSED] - Text 'bannnnn' is set on object 'Object Repository/Login/Login failed/input_All team communication in one place s_703ef5'

2019-12-20 13:16:41 - [TEST_STEP][PASSED] - setEncryptedText(findTestObject("Login/Login failed/input_All team communication in one place s_2f2733"), "6M8jdlTs8n6rOnocPaG5Cw=="): Text ****** has been set on object 'Object Repository/Login/Login failed/input_All team communication in one place s_2f2733'

2019-12-20 13:16:42 - [MESSAGE][PASSED] - Text ****** has been set on object 'Object Repository/Login/Login failed/input_All team communication in one place s_2f2733'

2019-12-20 13:16:42 - [TEST_STEP][PASSED] - click(findTestObject("Login/Login failed/span_Sign in")): Object: 'Object Repository/Login/Login failed/span_Sign in' is clicked on

2019-12-20 13:16:42 - [MESSAGE][PASSED] - Object: 'Object Repository/Login/Login failed/span_Sign in' is clicked on

2019-12-20 13:16:42 - [TEST_STEP][PASSED] - closeBrowser(): Browser is closed

2019-12-20 13:16:44 - [MESSAGE][PASSED] - Browser is closed]]></system-out>
         <system-err><![CDATA[]]></system-err>
      </testcase>
      <testcase name="Test Cases/Forgot passwords" time="26.764" classname="Test Cases/Forgot passwords" status="PASSED">
         <system-out><![CDATA[2019-12-20 13:16:44 - [TEST_CASE][PASSED] - Test Cases/Forgot passwords: Test Cases/Forgot passwords

2019-12-20 13:16:44 - [TEST_STEP][PASSED] - openBrowser(""): Browser is opened with url: ''

2019-12-20 13:16:44 - [MESSAGE][INFO] - Starting 'Firefox' driver

2019-12-20 13:16:48 - [MESSAGE][PASSED] - Browser is opened with url: ''

2019-12-20 13:16:48 - [TEST_STEP][PASSED] - navigateToUrl("https://mattermost-usecase.herokuapp.com/"): Navigate to 'https://mattermost-usecase.herokuapp.com/' successfully

2019-12-20 13:16:59 - [MESSAGE][PASSED] - Navigate to 'https://mattermost-usecase.herokuapp.com/' successfully

2019-12-20 13:16:59 - [TEST_STEP][PASSED] - click(findTestObject("Object Repository/Login/Forgot password/Page_Mattermost/span_I forgot my password")): Object: 'Object Repository/Login/Forgot password/Page_Mattermost/span_I forgot my password' is clicked on

2019-12-20 13:17:06 - [MESSAGE][PASSED] - Object: 'Object Repository/Login/Forgot password/Page_Mattermost/span_I forgot my password' is clicked on

2019-12-20 13:17:06 - [TEST_STEP][PASSED] - setText(findTestObject("Object Repository/Login/Forgot password/Page_Mattermost/input_To reset your password enter the emai_5f6d79"), "habinhan1999@gmail.com"): Text 'habinhan1999@gmail.com' is set on object 'Object Repository/Login/Forgot password/Page_Mattermost/input_To reset your password enter the emai_5f6d79'

2019-12-20 13:17:06 - [MESSAGE][PASSED] - Text 'habinhan1999@gmail.com' is set on object 'Object Repository/Login/Forgot password/Page_Mattermost/input_To reset your password enter the emai_5f6d79'

2019-12-20 13:17:06 - [TEST_STEP][PASSED] - click(findTestObject("Object Repository/Login/Forgot password/Page_Mattermost/span_Reset my password")): Object: 'Object Repository/Login/Forgot password/Page_Mattermost/span_Reset my password' is clicked on

2019-12-20 13:17:07 - [MESSAGE][PASSED] - Object: 'Object Repository/Login/Forgot password/Page_Mattermost/span_Reset my password' is clicked on

2019-12-20 13:17:07 - [TEST_STEP][PASSED] - closeBrowser(): Browser is closed

2019-12-20 13:17:11 - [MESSAGE][PASSED] - Browser is closed]]></system-out>
         <system-err><![CDATA[]]></system-err>
      </testcase>
      <testcase name="Test Cases/Create Private channel" time="26.798" classname="Test Cases/Create Private channel" status="PASSED">
         <system-out><![CDATA[2019-12-20 13:17:11 - [TEST_CASE][PASSED] - Test Cases/Create Private channel: Test Cases/Create Private channel

2019-12-20 13:17:11 - [TEST_STEP][PASSED] - openBrowser(""): Browser is opened with url: ''

2019-12-20 13:17:11 - [MESSAGE][INFO] - Starting 'Firefox' driver

2019-12-20 13:17:15 - [MESSAGE][PASSED] - Browser is opened with url: ''

2019-12-20 13:17:15 - [TEST_STEP][PASSED] - navigateToUrl("https://mattermost-usecase.herokuapp.com"): Navigate to 'https://mattermost-usecase.herokuapp.com' successfully

2019-12-20 13:17:22 - [MESSAGE][PASSED] - Navigate to 'https://mattermost-usecase.herokuapp.com' successfully

2019-12-20 13:17:22 - [TEST_STEP][PASSED] - setText(findTestObject("Object Repository/Private channel/Page_Mattermost/input_All team communication in one place s_703ef5"), "bannnnn"): Text 'bannnnn' is set on object 'Object Repository/Private channel/Page_Mattermost/input_All team communication in one place s_703ef5'

2019-12-20 13:17:29 - [MESSAGE][PASSED] - Text 'bannnnn' is set on object 'Object Repository/Private channel/Page_Mattermost/input_All team communication in one place s_703ef5'

2019-12-20 13:17:29 - [TEST_STEP][PASSED] - setEncryptedText(findTestObject("Object Repository/Private channel/Page_Mattermost/input_All team communication in one place s_2f2733"), "6M8jdlTs8n6rOnocPaG5Cw=="): Text ****** has been set on object 'Object Repository/Private channel/Page_Mattermost/input_All team communication in one place s_2f2733'

2019-12-20 13:17:29 - [MESSAGE][PASSED] - Text ****** has been set on object 'Object Repository/Private channel/Page_Mattermost/input_All team communication in one place s_2f2733'

2019-12-20 13:17:29 - [TEST_STEP][PASSED] - click(findTestObject("Object Repository/Private channel/Page_Mattermost/span_Sign in")): Object: 'Object Repository/Private channel/Page_Mattermost/span_Sign in' is clicked on

2019-12-20 13:17:30 - [MESSAGE][PASSED] - Object: 'Object Repository/Private channel/Page_Mattermost/span_Sign in' is clicked on

2019-12-20 13:17:30 - [TEST_STEP][PASSED] - click(findTestObject("Private channel/span_")): Object: 'Object Repository/Private channel/span_' is clicked on

2019-12-20 13:17:35 - [MESSAGE][PASSED] - Object: 'Object Repository/Private channel/span_' is clicked on

2019-12-20 13:17:35 - [TEST_STEP][PASSED] - setText(findTestObject("Private channel/input_Name_newChannelName"), "Test create private channel"): Text 'Test create private channel' is set on object 'Object Repository/Private channel/input_Name_newChannelName'

2019-12-20 13:17:35 - [MESSAGE][PASSED] - Text 'Test create private channel' is set on object 'Object Repository/Private channel/input_Name_newChannelName'

2019-12-20 13:17:35 - [TEST_STEP][PASSED] - click(findTestObject("Private channel/span_Create New Channel")): Object: 'Object Repository/Private channel/span_Create New Channel' is clicked on

2019-12-20 13:17:36 - [MESSAGE][PASSED] - Object: 'Object Repository/Private channel/span_Create New Channel' is clicked on

2019-12-20 13:17:36 - [TEST_STEP][PASSED] - closeBrowser(): Browser is closed

2019-12-20 13:17:38 - [MESSAGE][PASSED] - Browser is closed]]></system-out>
         <system-err><![CDATA[]]></system-err>
      </testcase>
      <testcase name="Test Cases/Create new public channel" time="37.852" classname="Test Cases/Create new public channel" status="PASSED">
         <system-out><![CDATA[2019-12-20 13:17:38 - [TEST_CASE][PASSED] - Test Cases/Create new public channel: Test Cases/Create new public channel

2019-12-20 13:17:38 - [TEST_STEP][PASSED] - openBrowser(""): Browser is opened with url: ''

2019-12-20 13:17:38 - [MESSAGE][INFO] - Starting 'Firefox' driver

2019-12-20 13:17:42 - [MESSAGE][PASSED] - Browser is opened with url: ''

2019-12-20 13:17:42 - [TEST_STEP][PASSED] - navigateToUrl("https://mattermost-usecase.herokuapp.com/"): Navigate to 'https://mattermost-usecase.herokuapp.com/' successfully

2019-12-20 13:17:54 - [MESSAGE][PASSED] - Navigate to 'https://mattermost-usecase.herokuapp.com/' successfully

2019-12-20 13:17:54 - [TEST_STEP][PASSED] - setText(findTestObject("Object Repository/CreateNewPublicChannel/Page_Mattermost/input_All team communication in one place s_703ef5"), Email): Text 'dhgbao@apcs.vn' is set on object 'Object Repository/CreateNewPublicChannel/Page_Mattermost/input_All team communication in one place s_703ef5'

2019-12-20 13:18:01 - [MESSAGE][PASSED] - Text 'dhgbao@apcs.vn' is set on object 'Object Repository/CreateNewPublicChannel/Page_Mattermost/input_All team communication in one place s_703ef5'

2019-12-20 13:18:01 - [TEST_STEP][PASSED] - setText(findTestObject("Object Repository/CreateNewPublicChannel/Page_Mattermost/input_All team communication in one place s_2f2733"), Password): Text '123456789' is set on object 'Object Repository/CreateNewPublicChannel/Page_Mattermost/input_All team communication in one place s_2f2733'

2019-12-20 13:18:02 - [MESSAGE][PASSED] - Text '123456789' is set on object 'Object Repository/CreateNewPublicChannel/Page_Mattermost/input_All team communication in one place s_2f2733'

2019-12-20 13:18:02 - [TEST_STEP][PASSED] - click(findTestObject("Object Repository/CreateNewPublicChannel/Page_Mattermost/span_Sign in")): Object: 'Object Repository/CreateNewPublicChannel/Page_Mattermost/span_Sign in' is clicked on

2019-12-20 13:18:02 - [MESSAGE][PASSED] - Object: 'Object Repository/CreateNewPublicChannel/Page_Mattermost/span_Sign in' is clicked on

2019-12-20 13:18:02 - [TEST_STEP][PASSED] - click(findTestObject("Object Repository/CreateNewPublicChannel/Page_Town Square - Rednit Mattermost/span_")): Object: 'Object Repository/CreateNewPublicChannel/Page_Town Square - Rednit Mattermost/span_' is clicked on

2019-12-20 13:18:07 - [MESSAGE][PASSED] - Object: 'Object Repository/CreateNewPublicChannel/Page_Town Square - Rednit Mattermost/span_' is clicked on

2019-12-20 13:18:07 - [TEST_STEP][PASSED] - setText(findTestObject("Object Repository/CreateNewPublicChannel/Page_Town Square - Rednit Mattermost/input_Name_newChannelName"), ChannelName): Text '123456789' is set on object 'Object Repository/CreateNewPublicChannel/Page_Town Square - Rednit Mattermost/input_Name_newChannelName'

2019-12-20 13:18:08 - [MESSAGE][PASSED] - Text '123456789' is set on object 'Object Repository/CreateNewPublicChannel/Page_Town Square - Rednit Mattermost/input_Name_newChannelName'

2019-12-20 13:18:08 - [TEST_STEP][PASSED] - setText(findTestObject("Object Repository/CreateNewPublicChannel/Page_Town Square - Rednit Mattermost/textarea_(optional)_newChannelPurpose"), "s"): Text 's' is set on object 'Object Repository/CreateNewPublicChannel/Page_Town Square - Rednit Mattermost/textarea_(optional)_newChannelPurpose'

2019-12-20 13:18:08 - [MESSAGE][PASSED] - Text 's' is set on object 'Object Repository/CreateNewPublicChannel/Page_Town Square - Rednit Mattermost/textarea_(optional)_newChannelPurpose'

2019-12-20 13:18:08 - [TEST_STEP][PASSED] - setText(findTestObject("Object Repository/CreateNewPublicChannel/Page_Town Square - Rednit Mattermost/textarea_s"), "so"): Text 'so' is set on object 'Object Repository/CreateNewPublicChannel/Page_Town Square - Rednit Mattermost/textarea_s'

2019-12-20 13:18:09 - [MESSAGE][PASSED] - Text 'so' is set on object 'Object Repository/CreateNewPublicChannel/Page_Town Square - Rednit Mattermost/textarea_s'

2019-12-20 13:18:09 - [TEST_STEP][PASSED] - setText(findTestObject("Object Repository/CreateNewPublicChannel/Page_Town Square - Rednit Mattermost/textarea_so"), "sou"): Text 'sou' is set on object 'Object Repository/CreateNewPublicChannel/Page_Town Square - Rednit Mattermost/textarea_so'

2019-12-20 13:18:09 - [MESSAGE][PASSED] - Text 'sou' is set on object 'Object Repository/CreateNewPublicChannel/Page_Town Square - Rednit Mattermost/textarea_so'

2019-12-20 13:18:09 - [TEST_STEP][PASSED] - setText(findTestObject("Object Repository/CreateNewPublicChannel/Page_Town Square - Rednit Mattermost/textarea_sou"), "sour"): Text 'sour' is set on object 'Object Repository/CreateNewPublicChannel/Page_Town Square - Rednit Mattermost/textarea_sou'

2019-12-20 13:18:10 - [MESSAGE][PASSED] - Text 'sour' is set on object 'Object Repository/CreateNewPublicChannel/Page_Town Square - Rednit Mattermost/textarea_sou'

2019-12-20 13:18:10 - [TEST_STEP][PASSED] - setText(findTestObject("Object Repository/CreateNewPublicChannel/Page_Town Square - Rednit Mattermost/textarea_sour"), "sourc"): Text 'sourc' is set on object 'Object Repository/CreateNewPublicChannel/Page_Town Square - Rednit Mattermost/textarea_sour'

2019-12-20 13:18:10 - [MESSAGE][PASSED] - Text 'sourc' is set on object 'Object Repository/CreateNewPublicChannel/Page_Town Square - Rednit Mattermost/textarea_sour'

2019-12-20 13:18:10 - [TEST_STEP][PASSED] - setText(findTestObject("Object Repository/CreateNewPublicChannel/Page_Town Square - Rednit Mattermost/textarea_sourc"), "source"): Text 'source' is set on object 'Object Repository/CreateNewPublicChannel/Page_Town Square - Rednit Mattermost/textarea_sourc'

2019-12-20 13:18:11 - [MESSAGE][PASSED] - Text 'source' is set on object 'Object Repository/CreateNewPublicChannel/Page_Town Square - Rednit Mattermost/textarea_sourc'

2019-12-20 13:18:11 - [TEST_STEP][PASSED] - setText(findTestObject("Object Repository/CreateNewPublicChannel/Page_Town Square - Rednit Mattermost/textarea_(optional)_newChannelHeader"), "c"): Text 'c' is set on object 'Object Repository/CreateNewPublicChannel/Page_Town Square - Rednit Mattermost/textarea_(optional)_newChannelHeader'

2019-12-20 13:18:11 - [MESSAGE][PASSED] - Text 'c' is set on object 'Object Repository/CreateNewPublicChannel/Page_Town Square - Rednit Mattermost/textarea_(optional)_newChannelHeader'

2019-12-20 13:18:11 - [TEST_STEP][PASSED] - setText(findTestObject("Object Repository/CreateNewPublicChannel/Page_Town Square - Rednit Mattermost/textarea_c"), "co"): Text 'co' is set on object 'Object Repository/CreateNewPublicChannel/Page_Town Square - Rednit Mattermost/textarea_c'

2019-12-20 13:18:12 - [MESSAGE][PASSED] - Text 'co' is set on object 'Object Repository/CreateNewPublicChannel/Page_Town Square - Rednit Mattermost/textarea_c'

2019-12-20 13:18:12 - [TEST_STEP][PASSED] - setText(findTestObject("Object Repository/CreateNewPublicChannel/Page_Town Square - Rednit Mattermost/textarea_co"), "cod"): Text 'cod' is set on object 'Object Repository/CreateNewPublicChannel/Page_Town Square - Rednit Mattermost/textarea_co'

2019-12-20 13:18:12 - [MESSAGE][PASSED] - Text 'cod' is set on object 'Object Repository/CreateNewPublicChannel/Page_Town Square - Rednit Mattermost/textarea_co'

2019-12-20 13:18:12 - [TEST_STEP][PASSED] - setText(findTestObject("Object Repository/CreateNewPublicChannel/Page_Town Square - Rednit Mattermost/textarea_cod"), "code"): Text 'code' is set on object 'Object Repository/CreateNewPublicChannel/Page_Town Square - Rednit Mattermost/textarea_cod'

2019-12-20 13:18:13 - [MESSAGE][PASSED] - Text 'code' is set on object 'Object Repository/CreateNewPublicChannel/Page_Town Square - Rednit Mattermost/textarea_cod'

2019-12-20 13:18:13 - [TEST_STEP][PASSED] - click(findTestObject("Object Repository/CreateNewPublicChannel/Page_Town Square - Rednit Mattermost/span_Create New Channel")): Object: 'Object Repository/CreateNewPublicChannel/Page_Town Square - Rednit Mattermost/span_Create New Channel' is clicked on

2019-12-20 13:18:14 - [MESSAGE][PASSED] - Object: 'Object Repository/CreateNewPublicChannel/Page_Town Square - Rednit Mattermost/span_Create New Channel' is clicked on

2019-12-20 13:18:14 - [TEST_STEP][PASSED] - closeBrowser(): Browser is closed

2019-12-20 13:18:16 - [MESSAGE][PASSED] - Browser is closed]]></system-out>
         <system-err><![CDATA[]]></system-err>
      </testcase>
      <testcase name="Test Cases/Create new public channel" time="35.417" classname="Test Cases/Create new public channel" status="PASSED">
         <system-out><![CDATA[2019-12-20 13:18:16 - [TEST_CASE][PASSED] - Test Cases/Create new public channel: Test Cases/Create new public channel

2019-12-20 13:18:16 - [TEST_STEP][PASSED] - openBrowser(""): Browser is opened with url: ''

2019-12-20 13:18:16 - [MESSAGE][INFO] - Starting 'Firefox' driver

2019-12-20 13:18:20 - [MESSAGE][PASSED] - Browser is opened with url: ''

2019-12-20 13:18:20 - [TEST_STEP][PASSED] - navigateToUrl("https://mattermost-usecase.herokuapp.com/"): Navigate to 'https://mattermost-usecase.herokuapp.com/' successfully

2019-12-20 13:18:31 - [MESSAGE][PASSED] - Navigate to 'https://mattermost-usecase.herokuapp.com/' successfully

2019-12-20 13:18:31 - [TEST_STEP][PASSED] - setText(findTestObject("Object Repository/CreateNewPublicChannel/Page_Mattermost/input_All team communication in one place s_703ef5"), Email): Text 'dhgbao@apcs.vn' is set on object 'Object Repository/CreateNewPublicChannel/Page_Mattermost/input_All team communication in one place s_703ef5'

2019-12-20 13:18:38 - [MESSAGE][PASSED] - Text 'dhgbao@apcs.vn' is set on object 'Object Repository/CreateNewPublicChannel/Page_Mattermost/input_All team communication in one place s_703ef5'

2019-12-20 13:18:38 - [TEST_STEP][PASSED] - setText(findTestObject("Object Repository/CreateNewPublicChannel/Page_Mattermost/input_All team communication in one place s_2f2733"), Password): Text '123456789' is set on object 'Object Repository/CreateNewPublicChannel/Page_Mattermost/input_All team communication in one place s_2f2733'

2019-12-20 13:18:38 - [MESSAGE][PASSED] - Text '123456789' is set on object 'Object Repository/CreateNewPublicChannel/Page_Mattermost/input_All team communication in one place s_2f2733'

2019-12-20 13:18:38 - [TEST_STEP][PASSED] - click(findTestObject("Object Repository/CreateNewPublicChannel/Page_Mattermost/span_Sign in")): Object: 'Object Repository/CreateNewPublicChannel/Page_Mattermost/span_Sign in' is clicked on

2019-12-20 13:18:39 - [MESSAGE][PASSED] - Object: 'Object Repository/CreateNewPublicChannel/Page_Mattermost/span_Sign in' is clicked on

2019-12-20 13:18:39 - [TEST_STEP][PASSED] - click(findTestObject("Object Repository/CreateNewPublicChannel/Page_Town Square - Rednit Mattermost/span_")): Object: 'Object Repository/CreateNewPublicChannel/Page_Town Square - Rednit Mattermost/span_' is clicked on

2019-12-20 13:18:43 - [MESSAGE][PASSED] - Object: 'Object Repository/CreateNewPublicChannel/Page_Town Square - Rednit Mattermost/span_' is clicked on

2019-12-20 13:18:43 - [TEST_STEP][PASSED] - setText(findTestObject("Object Repository/CreateNewPublicChannel/Page_Town Square - Rednit Mattermost/input_Name_newChannelName"), ChannelName): Text '123456789' is set on object 'Object Repository/CreateNewPublicChannel/Page_Town Square - Rednit Mattermost/input_Name_newChannelName'

2019-12-20 13:18:43 - [MESSAGE][PASSED] - Text '123456789' is set on object 'Object Repository/CreateNewPublicChannel/Page_Town Square - Rednit Mattermost/input_Name_newChannelName'

2019-12-20 13:18:43 - [TEST_STEP][PASSED] - setText(findTestObject("Object Repository/CreateNewPublicChannel/Page_Town Square - Rednit Mattermost/textarea_(optional)_newChannelPurpose"), "s"): Text 's' is set on object 'Object Repository/CreateNewPublicChannel/Page_Town Square - Rednit Mattermost/textarea_(optional)_newChannelPurpose'

2019-12-20 13:18:44 - [MESSAGE][PASSED] - Text 's' is set on object 'Object Repository/CreateNewPublicChannel/Page_Town Square - Rednit Mattermost/textarea_(optional)_newChannelPurpose'

2019-12-20 13:18:44 - [TEST_STEP][PASSED] - setText(findTestObject("Object Repository/CreateNewPublicChannel/Page_Town Square - Rednit Mattermost/textarea_s"), "so"): Text 'so' is set on object 'Object Repository/CreateNewPublicChannel/Page_Town Square - Rednit Mattermost/textarea_s'

2019-12-20 13:18:44 - [MESSAGE][PASSED] - Text 'so' is set on object 'Object Repository/CreateNewPublicChannel/Page_Town Square - Rednit Mattermost/textarea_s'

2019-12-20 13:18:44 - [TEST_STEP][PASSED] - setText(findTestObject("Object Repository/CreateNewPublicChannel/Page_Town Square - Rednit Mattermost/textarea_so"), "sou"): Text 'sou' is set on object 'Object Repository/CreateNewPublicChannel/Page_Town Square - Rednit Mattermost/textarea_so'

2019-12-20 13:18:45 - [MESSAGE][PASSED] - Text 'sou' is set on object 'Object Repository/CreateNewPublicChannel/Page_Town Square - Rednit Mattermost/textarea_so'

2019-12-20 13:18:45 - [TEST_STEP][PASSED] - setText(findTestObject("Object Repository/CreateNewPublicChannel/Page_Town Square - Rednit Mattermost/textarea_sou"), "sour"): Text 'sour' is set on object 'Object Repository/CreateNewPublicChannel/Page_Town Square - Rednit Mattermost/textarea_sou'

2019-12-20 13:18:45 - [MESSAGE][PASSED] - Text 'sour' is set on object 'Object Repository/CreateNewPublicChannel/Page_Town Square - Rednit Mattermost/textarea_sou'

2019-12-20 13:18:45 - [TEST_STEP][PASSED] - setText(findTestObject("Object Repository/CreateNewPublicChannel/Page_Town Square - Rednit Mattermost/textarea_sour"), "sourc"): Text 'sourc' is set on object 'Object Repository/CreateNewPublicChannel/Page_Town Square - Rednit Mattermost/textarea_sour'

2019-12-20 13:18:46 - [MESSAGE][PASSED] - Text 'sourc' is set on object 'Object Repository/CreateNewPublicChannel/Page_Town Square - Rednit Mattermost/textarea_sour'

2019-12-20 13:18:46 - [TEST_STEP][PASSED] - setText(findTestObject("Object Repository/CreateNewPublicChannel/Page_Town Square - Rednit Mattermost/textarea_sourc"), "source"): Text 'source' is set on object 'Object Repository/CreateNewPublicChannel/Page_Town Square - Rednit Mattermost/textarea_sourc'

2019-12-20 13:18:47 - [MESSAGE][PASSED] - Text 'source' is set on object 'Object Repository/CreateNewPublicChannel/Page_Town Square - Rednit Mattermost/textarea_sourc'

2019-12-20 13:18:47 - [TEST_STEP][PASSED] - setText(findTestObject("Object Repository/CreateNewPublicChannel/Page_Town Square - Rednit Mattermost/textarea_(optional)_newChannelHeader"), "c"): Text 'c' is set on object 'Object Repository/CreateNewPublicChannel/Page_Town Square - Rednit Mattermost/textarea_(optional)_newChannelHeader'

2019-12-20 13:18:47 - [MESSAGE][PASSED] - Text 'c' is set on object 'Object Repository/CreateNewPublicChannel/Page_Town Square - Rednit Mattermost/textarea_(optional)_newChannelHeader'

2019-12-20 13:18:47 - [TEST_STEP][PASSED] - setText(findTestObject("Object Repository/CreateNewPublicChannel/Page_Town Square - Rednit Mattermost/textarea_c"), "co"): Text 'co' is set on object 'Object Repository/CreateNewPublicChannel/Page_Town Square - Rednit Mattermost/textarea_c'

2019-12-20 13:18:47 - [MESSAGE][PASSED] - Text 'co' is set on object 'Object Repository/CreateNewPublicChannel/Page_Town Square - Rednit Mattermost/textarea_c'

2019-12-20 13:18:47 - [TEST_STEP][PASSED] - setText(findTestObject("Object Repository/CreateNewPublicChannel/Page_Town Square - Rednit Mattermost/textarea_co"), "cod"): Text 'cod' is set on object 'Object Repository/CreateNewPublicChannel/Page_Town Square - Rednit Mattermost/textarea_co'

2019-12-20 13:18:48 - [MESSAGE][PASSED] - Text 'cod' is set on object 'Object Repository/CreateNewPublicChannel/Page_Town Square - Rednit Mattermost/textarea_co'

2019-12-20 13:18:48 - [TEST_STEP][PASSED] - setText(findTestObject("Object Repository/CreateNewPublicChannel/Page_Town Square - Rednit Mattermost/textarea_cod"), "code"): Text 'code' is set on object 'Object Repository/CreateNewPublicChannel/Page_Town Square - Rednit Mattermost/textarea_cod'

2019-12-20 13:18:49 - [MESSAGE][PASSED] - Text 'code' is set on object 'Object Repository/CreateNewPublicChannel/Page_Town Square - Rednit Mattermost/textarea_cod'

2019-12-20 13:18:49 - [TEST_STEP][PASSED] - click(findTestObject("Object Repository/CreateNewPublicChannel/Page_Town Square - Rednit Mattermost/span_Create New Channel")): Object: 'Object Repository/CreateNewPublicChannel/Page_Town Square - Rednit Mattermost/span_Create New Channel' is clicked on

2019-12-20 13:18:49 - [MESSAGE][PASSED] - Object: 'Object Repository/CreateNewPublicChannel/Page_Town Square - Rednit Mattermost/span_Create New Channel' is clicked on

2019-12-20 13:18:49 - [TEST_STEP][PASSED] - closeBrowser(): Browser is closed

2019-12-20 13:18:51 - [MESSAGE][PASSED] - Browser is closed]]></system-out>
         <system-err><![CDATA[]]></system-err>
      </testcase>
      <testcase name="Test Cases/Create new public channel" time="38.797" classname="Test Cases/Create new public channel" status="PASSED">
         <system-out><![CDATA[2019-12-20 13:18:51 - [TEST_CASE][PASSED] - Test Cases/Create new public channel: Test Cases/Create new public channel

2019-12-20 13:18:51 - [TEST_STEP][PASSED] - openBrowser(""): Browser is opened with url: ''

2019-12-20 13:18:51 - [MESSAGE][INFO] - Starting 'Firefox' driver

2019-12-20 13:18:55 - [MESSAGE][PASSED] - Browser is opened with url: ''

2019-12-20 13:18:55 - [TEST_STEP][PASSED] - navigateToUrl("https://mattermost-usecase.herokuapp.com/"): Navigate to 'https://mattermost-usecase.herokuapp.com/' successfully

2019-12-20 13:19:07 - [MESSAGE][PASSED] - Navigate to 'https://mattermost-usecase.herokuapp.com/' successfully

2019-12-20 13:19:07 - [TEST_STEP][PASSED] - setText(findTestObject("Object Repository/CreateNewPublicChannel/Page_Mattermost/input_All team communication in one place s_703ef5"), Email): Text 'dhgbao@apcs.vn' is set on object 'Object Repository/CreateNewPublicChannel/Page_Mattermost/input_All team communication in one place s_703ef5'

2019-12-20 13:19:16 - [MESSAGE][PASSED] - Text 'dhgbao@apcs.vn' is set on object 'Object Repository/CreateNewPublicChannel/Page_Mattermost/input_All team communication in one place s_703ef5'

2019-12-20 13:19:16 - [TEST_STEP][PASSED] - setText(findTestObject("Object Repository/CreateNewPublicChannel/Page_Mattermost/input_All team communication in one place s_2f2733"), Password): Text '123456789' is set on object 'Object Repository/CreateNewPublicChannel/Page_Mattermost/input_All team communication in one place s_2f2733'

2019-12-20 13:19:17 - [MESSAGE][PASSED] - Text '123456789' is set on object 'Object Repository/CreateNewPublicChannel/Page_Mattermost/input_All team communication in one place s_2f2733'

2019-12-20 13:19:17 - [TEST_STEP][PASSED] - click(findTestObject("Object Repository/CreateNewPublicChannel/Page_Mattermost/span_Sign in")): Object: 'Object Repository/CreateNewPublicChannel/Page_Mattermost/span_Sign in' is clicked on

2019-12-20 13:19:17 - [MESSAGE][PASSED] - Object: 'Object Repository/CreateNewPublicChannel/Page_Mattermost/span_Sign in' is clicked on

2019-12-20 13:19:17 - [TEST_STEP][PASSED] - click(findTestObject("Object Repository/CreateNewPublicChannel/Page_Town Square - Rednit Mattermost/span_")): Object: 'Object Repository/CreateNewPublicChannel/Page_Town Square - Rednit Mattermost/span_' is clicked on

2019-12-20 13:19:21 - [MESSAGE][PASSED] - Object: 'Object Repository/CreateNewPublicChannel/Page_Town Square - Rednit Mattermost/span_' is clicked on

2019-12-20 13:19:21 - [TEST_STEP][PASSED] - setText(findTestObject("Object Repository/CreateNewPublicChannel/Page_Town Square - Rednit Mattermost/input_Name_newChannelName"), ChannelName): Text '123456789' is set on object 'Object Repository/CreateNewPublicChannel/Page_Town Square - Rednit Mattermost/input_Name_newChannelName'

2019-12-20 13:19:22 - [MESSAGE][PASSED] - Text '123456789' is set on object 'Object Repository/CreateNewPublicChannel/Page_Town Square - Rednit Mattermost/input_Name_newChannelName'

2019-12-20 13:19:22 - [TEST_STEP][PASSED] - setText(findTestObject("Object Repository/CreateNewPublicChannel/Page_Town Square - Rednit Mattermost/textarea_(optional)_newChannelPurpose"), "s"): Text 's' is set on object 'Object Repository/CreateNewPublicChannel/Page_Town Square - Rednit Mattermost/textarea_(optional)_newChannelPurpose'

2019-12-20 13:19:22 - [MESSAGE][PASSED] - Text 's' is set on object 'Object Repository/CreateNewPublicChannel/Page_Town Square - Rednit Mattermost/textarea_(optional)_newChannelPurpose'

2019-12-20 13:19:22 - [TEST_STEP][PASSED] - setText(findTestObject("Object Repository/CreateNewPublicChannel/Page_Town Square - Rednit Mattermost/textarea_s"), "so"): Text 'so' is set on object 'Object Repository/CreateNewPublicChannel/Page_Town Square - Rednit Mattermost/textarea_s'

2019-12-20 13:19:23 - [MESSAGE][PASSED] - Text 'so' is set on object 'Object Repository/CreateNewPublicChannel/Page_Town Square - Rednit Mattermost/textarea_s'

2019-12-20 13:19:23 - [TEST_STEP][PASSED] - setText(findTestObject("Object Repository/CreateNewPublicChannel/Page_Town Square - Rednit Mattermost/textarea_so"), "sou"): Text 'sou' is set on object 'Object Repository/CreateNewPublicChannel/Page_Town Square - Rednit Mattermost/textarea_so'

2019-12-20 13:19:23 - [MESSAGE][PASSED] - Text 'sou' is set on object 'Object Repository/CreateNewPublicChannel/Page_Town Square - Rednit Mattermost/textarea_so'

2019-12-20 13:19:23 - [TEST_STEP][PASSED] - setText(findTestObject("Object Repository/CreateNewPublicChannel/Page_Town Square - Rednit Mattermost/textarea_sou"), "sour"): Text 'sour' is set on object 'Object Repository/CreateNewPublicChannel/Page_Town Square - Rednit Mattermost/textarea_sou'

2019-12-20 13:19:24 - [MESSAGE][PASSED] - Text 'sour' is set on object 'Object Repository/CreateNewPublicChannel/Page_Town Square - Rednit Mattermost/textarea_sou'

2019-12-20 13:19:24 - [TEST_STEP][PASSED] - setText(findTestObject("Object Repository/CreateNewPublicChannel/Page_Town Square - Rednit Mattermost/textarea_sour"), "sourc"): Text 'sourc' is set on object 'Object Repository/CreateNewPublicChannel/Page_Town Square - Rednit Mattermost/textarea_sour'

2019-12-20 13:19:24 - [MESSAGE][PASSED] - Text 'sourc' is set on object 'Object Repository/CreateNewPublicChannel/Page_Town Square - Rednit Mattermost/textarea_sour'

2019-12-20 13:19:24 - [TEST_STEP][PASSED] - setText(findTestObject("Object Repository/CreateNewPublicChannel/Page_Town Square - Rednit Mattermost/textarea_sourc"), "source"): Text 'source' is set on object 'Object Repository/CreateNewPublicChannel/Page_Town Square - Rednit Mattermost/textarea_sourc'

2019-12-20 13:19:25 - [MESSAGE][PASSED] - Text 'source' is set on object 'Object Repository/CreateNewPublicChannel/Page_Town Square - Rednit Mattermost/textarea_sourc'

2019-12-20 13:19:25 - [TEST_STEP][PASSED] - setText(findTestObject("Object Repository/CreateNewPublicChannel/Page_Town Square - Rednit Mattermost/textarea_(optional)_newChannelHeader"), "c"): Text 'c' is set on object 'Object Repository/CreateNewPublicChannel/Page_Town Square - Rednit Mattermost/textarea_(optional)_newChannelHeader'

2019-12-20 13:19:26 - [MESSAGE][PASSED] - Text 'c' is set on object 'Object Repository/CreateNewPublicChannel/Page_Town Square - Rednit Mattermost/textarea_(optional)_newChannelHeader'

2019-12-20 13:19:26 - [TEST_STEP][PASSED] - setText(findTestObject("Object Repository/CreateNewPublicChannel/Page_Town Square - Rednit Mattermost/textarea_c"), "co"): Text 'co' is set on object 'Object Repository/CreateNewPublicChannel/Page_Town Square - Rednit Mattermost/textarea_c'

2019-12-20 13:19:26 - [MESSAGE][PASSED] - Text 'co' is set on object 'Object Repository/CreateNewPublicChannel/Page_Town Square - Rednit Mattermost/textarea_c'

2019-12-20 13:19:26 - [TEST_STEP][PASSED] - setText(findTestObject("Object Repository/CreateNewPublicChannel/Page_Town Square - Rednit Mattermost/textarea_co"), "cod"): Text 'cod' is set on object 'Object Repository/CreateNewPublicChannel/Page_Town Square - Rednit Mattermost/textarea_co'

2019-12-20 13:19:27 - [MESSAGE][PASSED] - Text 'cod' is set on object 'Object Repository/CreateNewPublicChannel/Page_Town Square - Rednit Mattermost/textarea_co'

2019-12-20 13:19:27 - [TEST_STEP][PASSED] - setText(findTestObject("Object Repository/CreateNewPublicChannel/Page_Town Square - Rednit Mattermost/textarea_cod"), "code"): Text 'code' is set on object 'Object Repository/CreateNewPublicChannel/Page_Town Square - Rednit Mattermost/textarea_cod'

2019-12-20 13:19:27 - [MESSAGE][PASSED] - Text 'code' is set on object 'Object Repository/CreateNewPublicChannel/Page_Town Square - Rednit Mattermost/textarea_cod'

2019-12-20 13:19:27 - [TEST_STEP][PASSED] - click(findTestObject("Object Repository/CreateNewPublicChannel/Page_Town Square - Rednit Mattermost/span_Create New Channel")): Object: 'Object Repository/CreateNewPublicChannel/Page_Town Square - Rednit Mattermost/span_Create New Channel' is clicked on

2019-12-20 13:19:28 - [MESSAGE][PASSED] - Object: 'Object Repository/CreateNewPublicChannel/Page_Town Square - Rednit Mattermost/span_Create New Channel' is clicked on

2019-12-20 13:19:28 - [TEST_STEP][PASSED] - closeBrowser(): Browser is closed

2019-12-20 13:19:30 - [MESSAGE][PASSED] - Browser is closed]]></system-out>
         <system-err><![CDATA[]]></system-err>
      </testcase>
      <testcase name="Test Cases/Create new public channel" time="36.328" classname="Test Cases/Create new public channel" status="PASSED">
         <system-out><![CDATA[2019-12-20 13:19:30 - [TEST_CASE][PASSED] - Test Cases/Create new public channel: Test Cases/Create new public channel

2019-12-20 13:19:30 - [TEST_STEP][PASSED] - openBrowser(""): Browser is opened with url: ''

2019-12-20 13:19:30 - [MESSAGE][INFO] - Starting 'Firefox' driver

2019-12-20 13:19:34 - [MESSAGE][PASSED] - Browser is opened with url: ''

2019-12-20 13:19:34 - [TEST_STEP][PASSED] - navigateToUrl("https://mattermost-usecase.herokuapp.com/"): Navigate to 'https://mattermost-usecase.herokuapp.com/' successfully

2019-12-20 13:19:45 - [MESSAGE][PASSED] - Navigate to 'https://mattermost-usecase.herokuapp.com/' successfully

2019-12-20 13:19:45 - [TEST_STEP][PASSED] - setText(findTestObject("Object Repository/CreateNewPublicChannel/Page_Mattermost/input_All team communication in one place s_703ef5"), Email): Text 'dhgbao@apcs.vn' is set on object 'Object Repository/CreateNewPublicChannel/Page_Mattermost/input_All team communication in one place s_703ef5'

2019-12-20 13:19:52 - [MESSAGE][PASSED] - Text 'dhgbao@apcs.vn' is set on object 'Object Repository/CreateNewPublicChannel/Page_Mattermost/input_All team communication in one place s_703ef5'

2019-12-20 13:19:52 - [TEST_STEP][PASSED] - setText(findTestObject("Object Repository/CreateNewPublicChannel/Page_Mattermost/input_All team communication in one place s_2f2733"), Password): Text '123456789' is set on object 'Object Repository/CreateNewPublicChannel/Page_Mattermost/input_All team communication in one place s_2f2733'

2019-12-20 13:19:52 - [MESSAGE][PASSED] - Text '123456789' is set on object 'Object Repository/CreateNewPublicChannel/Page_Mattermost/input_All team communication in one place s_2f2733'

2019-12-20 13:19:52 - [TEST_STEP][PASSED] - click(findTestObject("Object Repository/CreateNewPublicChannel/Page_Mattermost/span_Sign in")): Object: 'Object Repository/CreateNewPublicChannel/Page_Mattermost/span_Sign in' is clicked on

2019-12-20 13:19:53 - [MESSAGE][PASSED] - Object: 'Object Repository/CreateNewPublicChannel/Page_Mattermost/span_Sign in' is clicked on

2019-12-20 13:19:53 - [TEST_STEP][PASSED] - click(findTestObject("Object Repository/CreateNewPublicChannel/Page_Town Square - Rednit Mattermost/span_")): Object: 'Object Repository/CreateNewPublicChannel/Page_Town Square - Rednit Mattermost/span_' is clicked on

2019-12-20 13:19:57 - [MESSAGE][PASSED] - Object: 'Object Repository/CreateNewPublicChannel/Page_Town Square - Rednit Mattermost/span_' is clicked on

2019-12-20 13:19:57 - [TEST_STEP][PASSED] - setText(findTestObject("Object Repository/CreateNewPublicChannel/Page_Town Square - Rednit Mattermost/input_Name_newChannelName"), ChannelName): Text '123456789' is set on object 'Object Repository/CreateNewPublicChannel/Page_Town Square - Rednit Mattermost/input_Name_newChannelName'

2019-12-20 13:19:57 - [MESSAGE][PASSED] - Text '123456789' is set on object 'Object Repository/CreateNewPublicChannel/Page_Town Square - Rednit Mattermost/input_Name_newChannelName'

2019-12-20 13:19:57 - [TEST_STEP][PASSED] - setText(findTestObject("Object Repository/CreateNewPublicChannel/Page_Town Square - Rednit Mattermost/textarea_(optional)_newChannelPurpose"), "s"): Text 's' is set on object 'Object Repository/CreateNewPublicChannel/Page_Town Square - Rednit Mattermost/textarea_(optional)_newChannelPurpose'

2019-12-20 13:19:58 - [MESSAGE][PASSED] - Text 's' is set on object 'Object Repository/CreateNewPublicChannel/Page_Town Square - Rednit Mattermost/textarea_(optional)_newChannelPurpose'

2019-12-20 13:19:58 - [TEST_STEP][PASSED] - setText(findTestObject("Object Repository/CreateNewPublicChannel/Page_Town Square - Rednit Mattermost/textarea_s"), "so"): Text 'so' is set on object 'Object Repository/CreateNewPublicChannel/Page_Town Square - Rednit Mattermost/textarea_s'

2019-12-20 13:19:58 - [MESSAGE][PASSED] - Text 'so' is set on object 'Object Repository/CreateNewPublicChannel/Page_Town Square - Rednit Mattermost/textarea_s'

2019-12-20 13:19:58 - [TEST_STEP][PASSED] - setText(findTestObject("Object Repository/CreateNewPublicChannel/Page_Town Square - Rednit Mattermost/textarea_so"), "sou"): Text 'sou' is set on object 'Object Repository/CreateNewPublicChannel/Page_Town Square - Rednit Mattermost/textarea_so'

2019-12-20 13:19:59 - [MESSAGE][PASSED] - Text 'sou' is set on object 'Object Repository/CreateNewPublicChannel/Page_Town Square - Rednit Mattermost/textarea_so'

2019-12-20 13:19:59 - [TEST_STEP][PASSED] - setText(findTestObject("Object Repository/CreateNewPublicChannel/Page_Town Square - Rednit Mattermost/textarea_sou"), "sour"): Text 'sour' is set on object 'Object Repository/CreateNewPublicChannel/Page_Town Square - Rednit Mattermost/textarea_sou'

2019-12-20 13:19:59 - [MESSAGE][PASSED] - Text 'sour' is set on object 'Object Repository/CreateNewPublicChannel/Page_Town Square - Rednit Mattermost/textarea_sou'

2019-12-20 13:19:59 - [TEST_STEP][PASSED] - setText(findTestObject("Object Repository/CreateNewPublicChannel/Page_Town Square - Rednit Mattermost/textarea_sour"), "sourc"): Text 'sourc' is set on object 'Object Repository/CreateNewPublicChannel/Page_Town Square - Rednit Mattermost/textarea_sour'

2019-12-20 13:20:00 - [MESSAGE][PASSED] - Text 'sourc' is set on object 'Object Repository/CreateNewPublicChannel/Page_Town Square - Rednit Mattermost/textarea_sour'

2019-12-20 13:20:00 - [TEST_STEP][PASSED] - setText(findTestObject("Object Repository/CreateNewPublicChannel/Page_Town Square - Rednit Mattermost/textarea_sourc"), "source"): Text 'source' is set on object 'Object Repository/CreateNewPublicChannel/Page_Town Square - Rednit Mattermost/textarea_sourc'

2019-12-20 13:20:00 - [MESSAGE][PASSED] - Text 'source' is set on object 'Object Repository/CreateNewPublicChannel/Page_Town Square - Rednit Mattermost/textarea_sourc'

2019-12-20 13:20:00 - [TEST_STEP][PASSED] - setText(findTestObject("Object Repository/CreateNewPublicChannel/Page_Town Square - Rednit Mattermost/textarea_(optional)_newChannelHeader"), "c"): Text 'c' is set on object 'Object Repository/CreateNewPublicChannel/Page_Town Square - Rednit Mattermost/textarea_(optional)_newChannelHeader'

2019-12-20 13:20:01 - [MESSAGE][PASSED] - Text 'c' is set on object 'Object Repository/CreateNewPublicChannel/Page_Town Square - Rednit Mattermost/textarea_(optional)_newChannelHeader'

2019-12-20 13:20:01 - [TEST_STEP][PASSED] - setText(findTestObject("Object Repository/CreateNewPublicChannel/Page_Town Square - Rednit Mattermost/textarea_c"), "co"): Text 'co' is set on object 'Object Repository/CreateNewPublicChannel/Page_Town Square - Rednit Mattermost/textarea_c'

2019-12-20 13:20:01 - [MESSAGE][PASSED] - Text 'co' is set on object 'Object Repository/CreateNewPublicChannel/Page_Town Square - Rednit Mattermost/textarea_c'

2019-12-20 13:20:01 - [TEST_STEP][PASSED] - setText(findTestObject("Object Repository/CreateNewPublicChannel/Page_Town Square - Rednit Mattermost/textarea_co"), "cod"): Text 'cod' is set on object 'Object Repository/CreateNewPublicChannel/Page_Town Square - Rednit Mattermost/textarea_co'

2019-12-20 13:20:02 - [MESSAGE][PASSED] - Text 'cod' is set on object 'Object Repository/CreateNewPublicChannel/Page_Town Square - Rednit Mattermost/textarea_co'

2019-12-20 13:20:02 - [TEST_STEP][PASSED] - setText(findTestObject("Object Repository/CreateNewPublicChannel/Page_Town Square - Rednit Mattermost/textarea_cod"), "code"): Text 'code' is set on object 'Object Repository/CreateNewPublicChannel/Page_Town Square - Rednit Mattermost/textarea_cod'

2019-12-20 13:20:03 - [MESSAGE][PASSED] - Text 'code' is set on object 'Object Repository/CreateNewPublicChannel/Page_Town Square - Rednit Mattermost/textarea_cod'

2019-12-20 13:20:03 - [TEST_STEP][PASSED] - click(findTestObject("Object Repository/CreateNewPublicChannel/Page_Town Square - Rednit Mattermost/span_Create New Channel")): Object: 'Object Repository/CreateNewPublicChannel/Page_Town Square - Rednit Mattermost/span_Create New Channel' is clicked on

2019-12-20 13:20:03 - [MESSAGE][PASSED] - Object: 'Object Repository/CreateNewPublicChannel/Page_Town Square - Rednit Mattermost/span_Create New Channel' is clicked on

2019-12-20 13:20:03 - [TEST_STEP][PASSED] - closeBrowser(): Browser is closed

2019-12-20 13:20:06 - [MESSAGE][PASSED] - Browser is closed]]></system-out>
         <system-err><![CDATA[]]></system-err>
      </testcase>
      <testcase name="Test Cases/Create new public channel" time="74.78" classname="Test Cases/Create new public channel" status="PASSED">
         <system-out><![CDATA[2019-12-20 13:20:06 - [TEST_CASE][PASSED] - Test Cases/Create new public channel: Test Cases/Create new public channel

2019-12-20 13:20:06 - [TEST_STEP][PASSED] - openBrowser(""): Browser is opened with url: ''

2019-12-20 13:20:06 - [MESSAGE][INFO] - Starting 'Firefox' driver

2019-12-20 13:20:10 - [MESSAGE][PASSED] - Browser is opened with url: ''

2019-12-20 13:20:10 - [TEST_STEP][PASSED] - navigateToUrl("https://mattermost-usecase.herokuapp.com/"): Navigate to 'https://mattermost-usecase.herokuapp.com/' successfully

2019-12-20 13:20:20 - [MESSAGE][PASSED] - Navigate to 'https://mattermost-usecase.herokuapp.com/' successfully

2019-12-20 13:20:20 - [TEST_STEP][PASSED] - setText(findTestObject("Object Repository/CreateNewPublicChannel/Page_Mattermost/input_All team communication in one place s_703ef5"), Email): Text 'habinhan99@gmail.com' is set on object 'Object Repository/CreateNewPublicChannel/Page_Mattermost/input_All team communication in one place s_703ef5'

2019-12-20 13:20:26 - [MESSAGE][PASSED] - Text 'habinhan99@gmail.com' is set on object 'Object Repository/CreateNewPublicChannel/Page_Mattermost/input_All team communication in one place s_703ef5'

2019-12-20 13:20:26 - [TEST_STEP][PASSED] - setText(findTestObject("Object Repository/CreateNewPublicChannel/Page_Mattermost/input_All team communication in one place s_2f2733"), Password): Text 'BInhan01' is set on object 'Object Repository/CreateNewPublicChannel/Page_Mattermost/input_All team communication in one place s_2f2733'

2019-12-20 13:20:27 - [MESSAGE][PASSED] - Text 'BInhan01' is set on object 'Object Repository/CreateNewPublicChannel/Page_Mattermost/input_All team communication in one place s_2f2733'

2019-12-20 13:20:27 - [TEST_STEP][PASSED] - click(findTestObject("Object Repository/CreateNewPublicChannel/Page_Mattermost/span_Sign in")): Object: 'Object Repository/CreateNewPublicChannel/Page_Mattermost/span_Sign in' is clicked on

2019-12-20 13:20:28 - [MESSAGE][PASSED] - Object: 'Object Repository/CreateNewPublicChannel/Page_Mattermost/span_Sign in' is clicked on

2019-12-20 13:20:28 - [TEST_STEP][PASSED] - click(findTestObject("Object Repository/CreateNewPublicChannel/Page_Town Square - Rednit Mattermost/span_")): Object: 'Object Repository/CreateNewPublicChannel/Page_Town Square - Rednit Mattermost/span_' is clicked on

2019-12-20 13:21:14 - [MESSAGE][PASSED] - Object: 'Object Repository/CreateNewPublicChannel/Page_Town Square - Rednit Mattermost/span_' is clicked on

2019-12-20 13:21:14 - [TEST_STEP][PASSED] - setText(findTestObject("Object Repository/CreateNewPublicChannel/Page_Town Square - Rednit Mattermost/input_Name_newChannelName"), ChannelName): Text 'BInhan01' is set on object 'Object Repository/CreateNewPublicChannel/Page_Town Square - Rednit Mattermost/input_Name_newChannelName'

2019-12-20 13:21:14 - [MESSAGE][PASSED] - Text 'BInhan01' is set on object 'Object Repository/CreateNewPublicChannel/Page_Town Square - Rednit Mattermost/input_Name_newChannelName'

2019-12-20 13:21:14 - [TEST_STEP][PASSED] - setText(findTestObject("Object Repository/CreateNewPublicChannel/Page_Town Square - Rednit Mattermost/textarea_(optional)_newChannelPurpose"), "s"): Text 's' is set on object 'Object Repository/CreateNewPublicChannel/Page_Town Square - Rednit Mattermost/textarea_(optional)_newChannelPurpose'

2019-12-20 13:21:15 - [MESSAGE][PASSED] - Text 's' is set on object 'Object Repository/CreateNewPublicChannel/Page_Town Square - Rednit Mattermost/textarea_(optional)_newChannelPurpose'

2019-12-20 13:21:15 - [TEST_STEP][PASSED] - setText(findTestObject("Object Repository/CreateNewPublicChannel/Page_Town Square - Rednit Mattermost/textarea_s"), "so"): Text 'so' is set on object 'Object Repository/CreateNewPublicChannel/Page_Town Square - Rednit Mattermost/textarea_s'

2019-12-20 13:21:15 - [MESSAGE][PASSED] - Text 'so' is set on object 'Object Repository/CreateNewPublicChannel/Page_Town Square - Rednit Mattermost/textarea_s'

2019-12-20 13:21:15 - [TEST_STEP][PASSED] - setText(findTestObject("Object Repository/CreateNewPublicChannel/Page_Town Square - Rednit Mattermost/textarea_so"), "sou"): Text 'sou' is set on object 'Object Repository/CreateNewPublicChannel/Page_Town Square - Rednit Mattermost/textarea_so'

2019-12-20 13:21:16 - [MESSAGE][PASSED] - Text 'sou' is set on object 'Object Repository/CreateNewPublicChannel/Page_Town Square - Rednit Mattermost/textarea_so'

2019-12-20 13:21:16 - [TEST_STEP][PASSED] - setText(findTestObject("Object Repository/CreateNewPublicChannel/Page_Town Square - Rednit Mattermost/textarea_sou"), "sour"): Text 'sour' is set on object 'Object Repository/CreateNewPublicChannel/Page_Town Square - Rednit Mattermost/textarea_sou'

2019-12-20 13:21:16 - [MESSAGE][PASSED] - Text 'sour' is set on object 'Object Repository/CreateNewPublicChannel/Page_Town Square - Rednit Mattermost/textarea_sou'

2019-12-20 13:21:16 - [TEST_STEP][PASSED] - setText(findTestObject("Object Repository/CreateNewPublicChannel/Page_Town Square - Rednit Mattermost/textarea_sour"), "sourc"): Text 'sourc' is set on object 'Object Repository/CreateNewPublicChannel/Page_Town Square - Rednit Mattermost/textarea_sour'

2019-12-20 13:21:17 - [MESSAGE][PASSED] - Text 'sourc' is set on object 'Object Repository/CreateNewPublicChannel/Page_Town Square - Rednit Mattermost/textarea_sour'

2019-12-20 13:21:17 - [TEST_STEP][PASSED] - setText(findTestObject("Object Repository/CreateNewPublicChannel/Page_Town Square - Rednit Mattermost/textarea_sourc"), "source"): Text 'source' is set on object 'Object Repository/CreateNewPublicChannel/Page_Town Square - Rednit Mattermost/textarea_sourc'

2019-12-20 13:21:17 - [MESSAGE][PASSED] - Text 'source' is set on object 'Object Repository/CreateNewPublicChannel/Page_Town Square - Rednit Mattermost/textarea_sourc'

2019-12-20 13:21:17 - [TEST_STEP][PASSED] - setText(findTestObject("Object Repository/CreateNewPublicChannel/Page_Town Square - Rednit Mattermost/textarea_(optional)_newChannelHeader"), "c"): Text 'c' is set on object 'Object Repository/CreateNewPublicChannel/Page_Town Square - Rednit Mattermost/textarea_(optional)_newChannelHeader'

2019-12-20 13:21:18 - [MESSAGE][PASSED] - Text 'c' is set on object 'Object Repository/CreateNewPublicChannel/Page_Town Square - Rednit Mattermost/textarea_(optional)_newChannelHeader'

2019-12-20 13:21:18 - [TEST_STEP][PASSED] - setText(findTestObject("Object Repository/CreateNewPublicChannel/Page_Town Square - Rednit Mattermost/textarea_c"), "co"): Text 'co' is set on object 'Object Repository/CreateNewPublicChannel/Page_Town Square - Rednit Mattermost/textarea_c'

2019-12-20 13:21:18 - [MESSAGE][PASSED] - Text 'co' is set on object 'Object Repository/CreateNewPublicChannel/Page_Town Square - Rednit Mattermost/textarea_c'

2019-12-20 13:21:18 - [TEST_STEP][PASSED] - setText(findTestObject("Object Repository/CreateNewPublicChannel/Page_Town Square - Rednit Mattermost/textarea_co"), "cod"): Text 'cod' is set on object 'Object Repository/CreateNewPublicChannel/Page_Town Square - Rednit Mattermost/textarea_co'

2019-12-20 13:21:19 - [MESSAGE][PASSED] - Text 'cod' is set on object 'Object Repository/CreateNewPublicChannel/Page_Town Square - Rednit Mattermost/textarea_co'

2019-12-20 13:21:19 - [TEST_STEP][PASSED] - setText(findTestObject("Object Repository/CreateNewPublicChannel/Page_Town Square - Rednit Mattermost/textarea_cod"), "code"): Text 'code' is set on object 'Object Repository/CreateNewPublicChannel/Page_Town Square - Rednit Mattermost/textarea_cod'

2019-12-20 13:21:20 - [MESSAGE][PASSED] - Text 'code' is set on object 'Object Repository/CreateNewPublicChannel/Page_Town Square - Rednit Mattermost/textarea_cod'

2019-12-20 13:21:20 - [TEST_STEP][PASSED] - click(findTestObject("Object Repository/CreateNewPublicChannel/Page_Town Square - Rednit Mattermost/span_Create New Channel")): Object: 'Object Repository/CreateNewPublicChannel/Page_Town Square - Rednit Mattermost/span_Create New Channel' is clicked on

2019-12-20 13:21:20 - [MESSAGE][PASSED] - Object: 'Object Repository/CreateNewPublicChannel/Page_Town Square - Rednit Mattermost/span_Create New Channel' is clicked on

2019-12-20 13:21:20 - [TEST_STEP][PASSED] - closeBrowser(): Browser is closed

2019-12-20 13:21:21 - [MESSAGE][PASSED] - Browser is closed]]></system-out>
         <system-err><![CDATA[]]></system-err>
      </testcase>
      <testcase name="Test Cases/Edit Account Full Name With All Fields not Filled" time="28.455" classname="Test Cases/Edit Account Full Name With All Fields not Filled" status="PASSED">
         <system-out><![CDATA[2019-12-20 13:21:21 - [TEST_CASE][PASSED] - Test Cases/Edit Account Full Name With All Fields not Filled: Test Cases/Edit Account Full Name With All Fields not Filled

2019-12-20 13:21:21 - [TEST_STEP][PASSED] - openBrowser(""): Browser is opened with url: ''

2019-12-20 13:21:21 - [MESSAGE][INFO] - Starting 'Firefox' driver

2019-12-20 13:21:24 - [MESSAGE][PASSED] - Browser is opened with url: ''

2019-12-20 13:21:24 - [TEST_STEP][PASSED] - navigateToUrl("https://mattermost-usecase.herokuapp.com/"): Navigate to 'https://mattermost-usecase.herokuapp.com/' successfully

2019-12-20 13:21:33 - [MESSAGE][PASSED] - Navigate to 'https://mattermost-usecase.herokuapp.com/' successfully

2019-12-20 13:21:33 - [TEST_STEP][PASSED] - setText(findTestObject("Object Repository/Edit Account Full Name With All Fields Filled/Page_Mattermost/input_All team communication in one place s_703ef5"), "hieuminhnguyen95@gmail.com"): Text 'hieuminhnguyen95@gmail.com' is set on object 'Object Repository/Edit Account Full Name With All Fields Filled/Page_Mattermost/input_All team communication in one place s_703ef5'

2019-12-20 13:21:39 - [MESSAGE][PASSED] - Text 'hieuminhnguyen95@gmail.com' is set on object 'Object Repository/Edit Account Full Name With All Fields Filled/Page_Mattermost/input_All team communication in one place s_703ef5'

2019-12-20 13:21:39 - [TEST_STEP][PASSED] - setEncryptedText(findTestObject("Object Repository/Edit Account Full Name With All Fields Filled/Page_Mattermost/input_All team communication in one place s_2f2733"), "MkITpGSjdNjAaKH8FIw/Og=="): Text ****** has been set on object 'Object Repository/Edit Account Full Name With All Fields Filled/Page_Mattermost/input_All team communication in one place s_2f2733'

2019-12-20 13:21:39 - [MESSAGE][PASSED] - Text ****** has been set on object 'Object Repository/Edit Account Full Name With All Fields Filled/Page_Mattermost/input_All team communication in one place s_2f2733'

2019-12-20 13:21:39 - [TEST_STEP][PASSED] - click(findTestObject("Object Repository/Edit Account Full Name With All Fields Filled/Page_Mattermost/span_Sign in")): Object: 'Object Repository/Edit Account Full Name With All Fields Filled/Page_Mattermost/span_Sign in' is clicked on

2019-12-20 13:21:40 - [MESSAGE][PASSED] - Object: 'Object Repository/Edit Account Full Name With All Fields Filled/Page_Mattermost/span_Sign in' is clicked on

2019-12-20 13:21:40 - [TEST_STEP][PASSED] - click(findTestObject("Object Repository/Edit Account Full Name With All Fields Filled/Page_(1)  Town Square - Squad Mattermost/button_hieudz123_style--none sidebar-header_f9a64e")): Object: 'Object Repository/Edit Account Full Name With All Fields Filled/Page_(1)  Town Square - Squad Mattermost/button_hieudz123_style--none sidebar-header_f9a64e' is clicked on

2019-12-20 13:21:44 - [MESSAGE][PASSED] - Object: 'Object Repository/Edit Account Full Name With All Fields Filled/Page_(1)  Town Square - Squad Mattermost/button_hieudz123_style--none sidebar-header_f9a64e' is clicked on

2019-12-20 13:21:44 - [TEST_STEP][PASSED] - click(findTestObject("Object Repository/Edit Account Full Name With All Fields Filled/Page_(1)  Town Square - Squad Mattermost/button_Account Settings")): Object: 'Object Repository/Edit Account Full Name With All Fields Filled/Page_(1)  Town Square - Squad Mattermost/button_Account Settings' is clicked on

2019-12-20 13:21:45 - [MESSAGE][PASSED] - Object: 'Object Repository/Edit Account Full Name With All Fields Filled/Page_(1)  Town Square - Squad Mattermost/button_Account Settings' is clicked on

2019-12-20 13:21:45 - [TEST_STEP][PASSED] - click(findTestObject("Object Repository/Edit Account Full Name With All Fields Filled/Page_(1)  Town Square - Squad Mattermost/span_Edit")): Object: 'Object Repository/Edit Account Full Name With All Fields Filled/Page_(1)  Town Square - Squad Mattermost/span_Edit' is clicked on

2019-12-20 13:21:46 - [MESSAGE][PASSED] - Object: 'Object Repository/Edit Account Full Name With All Fields Filled/Page_(1)  Town Square - Squad Mattermost/span_Edit' is clicked on

2019-12-20 13:21:46 - [TEST_STEP][PASSED] - setText(findTestObject("Object Repository/Edit Account Full Name With All Fields Filled/Page_(1)  Town Square - Squad Mattermost/input_First Name_firstName"), ""): Text '' is set on object 'Object Repository/Edit Account Full Name With All Fields Filled/Page_(1)  Town Square - Squad Mattermost/input_First Name_firstName'

2019-12-20 13:21:46 - [MESSAGE][PASSED] - Text '' is set on object 'Object Repository/Edit Account Full Name With All Fields Filled/Page_(1)  Town Square - Squad Mattermost/input_First Name_firstName'

2019-12-20 13:21:46 - [TEST_STEP][PASSED] - setText(findTestObject("Object Repository/Edit Account Full Name With All Fields Filled/Page_(1)  Town Square - Squad Mattermost/input_Last Name_lastName"), ""): Text '' is set on object 'Object Repository/Edit Account Full Name With All Fields Filled/Page_(1)  Town Square - Squad Mattermost/input_Last Name_lastName'

2019-12-20 13:21:46 - [MESSAGE][PASSED] - Text '' is set on object 'Object Repository/Edit Account Full Name With All Fields Filled/Page_(1)  Town Square - Squad Mattermost/input_Last Name_lastName'

2019-12-20 13:21:46 - [TEST_STEP][PASSED] - click(findTestObject("Object Repository/Edit Account Full Name With All Fields Filled/Page_(1)  Town Square - Squad Mattermost/span_Save")): Object: 'Object Repository/Edit Account Full Name With All Fields Filled/Page_(1)  Town Square - Squad Mattermost/span_Save' is clicked on

2019-12-20 13:21:47 - [MESSAGE][PASSED] - Object: 'Object Repository/Edit Account Full Name With All Fields Filled/Page_(1)  Town Square - Squad Mattermost/span_Save' is clicked on

2019-12-20 13:21:47 - [TEST_STEP][PASSED] - click(findTestObject("Object Repository/Edit Account Full Name With All Fields Filled/Page_(1)  Town Square - Squad Mattermost/span_")): Object: 'Object Repository/Edit Account Full Name With All Fields Filled/Page_(1)  Town Square - Squad Mattermost/span_' is clicked on

2019-12-20 13:21:48 - [MESSAGE][PASSED] - Object: 'Object Repository/Edit Account Full Name With All Fields Filled/Page_(1)  Town Square - Squad Mattermost/span_' is clicked on

2019-12-20 13:21:48 - [TEST_STEP][PASSED] - closeBrowser(): Browser is closed

2019-12-20 13:21:49 - [MESSAGE][PASSED] - Browser is closed]]></system-out>
         <system-err><![CDATA[]]></system-err>
      </testcase>
      <testcase name="Test Cases/Edit Team Name With Valid Fom" time="30.976" classname="Test Cases/Edit Team Name With Valid Fom" status="PASSED">
         <system-out><![CDATA[2019-12-20 13:21:49 - [TEST_CASE][PASSED] - Test Cases/Edit Team Name With Valid Fom: Test Cases/Edit Team Name With Valid Fom

2019-12-20 13:21:50 - [TEST_STEP][PASSED] - openBrowser(""): Browser is opened with url: ''

2019-12-20 13:21:50 - [MESSAGE][INFO] - Starting 'Firefox' driver

2019-12-20 13:21:52 - [MESSAGE][PASSED] - Browser is opened with url: ''

2019-12-20 13:21:52 - [TEST_STEP][PASSED] - navigateToUrl("https://mattermost-usecase.herokuapp.com/"): Navigate to 'https://mattermost-usecase.herokuapp.com/' successfully

2019-12-20 13:22:03 - [MESSAGE][PASSED] - Navigate to 'https://mattermost-usecase.herokuapp.com/' successfully

2019-12-20 13:22:03 - [TEST_STEP][PASSED] - setText(findTestObject("Object Repository/Edit Team Name With Valid Form/Page_Mattermost/input_All team communication in one place s_703ef5"), "hieuminhnguyen95@gmail.com"): Text 'hieuminhnguyen95@gmail.com' is set on object 'Object Repository/Edit Team Name With Valid Form/Page_Mattermost/input_All team communication in one place s_703ef5'

2019-12-20 13:22:09 - [MESSAGE][PASSED] - Text 'hieuminhnguyen95@gmail.com' is set on object 'Object Repository/Edit Team Name With Valid Form/Page_Mattermost/input_All team communication in one place s_703ef5'

2019-12-20 13:22:09 - [TEST_STEP][PASSED] - setEncryptedText(findTestObject("Object Repository/Edit Team Name With Valid Form/Page_Mattermost/input_All team communication in one place s_2f2733"), "MkITpGSjdNjAaKH8FIw/Og=="): Text ****** has been set on object 'Object Repository/Edit Team Name With Valid Form/Page_Mattermost/input_All team communication in one place s_2f2733'

2019-12-20 13:22:10 - [MESSAGE][PASSED] - Text ****** has been set on object 'Object Repository/Edit Team Name With Valid Form/Page_Mattermost/input_All team communication in one place s_2f2733'

2019-12-20 13:22:10 - [TEST_STEP][PASSED] - click(findTestObject("Object Repository/Edit Team Name With Valid Form/Page_Mattermost/span_Sign in")): Object: 'Object Repository/Edit Team Name With Valid Form/Page_Mattermost/span_Sign in' is clicked on

2019-12-20 13:22:11 - [MESSAGE][PASSED] - Object: 'Object Repository/Edit Team Name With Valid Form/Page_Mattermost/span_Sign in' is clicked on

2019-12-20 13:22:11 - [TEST_STEP][PASSED] - click(findTestObject("Object Repository/Edit Team Name With Valid Form/Page_Town Square - Squads Mattermost/svg")): Object: 'Object Repository/Edit Team Name With Valid Form/Page_Town Square - Squads Mattermost/svg' is clicked on

2019-12-20 13:22:15 - [MESSAGE][PASSED] - Object: 'Object Repository/Edit Team Name With Valid Form/Page_Town Square - Squads Mattermost/svg' is clicked on

2019-12-20 13:22:15 - [TEST_STEP][PASSED] - click(findTestObject("Object Repository/Edit Team Name With Valid Form/Page_Town Square - Squads Mattermost/button_Team Settings")): Object: 'Object Repository/Edit Team Name With Valid Form/Page_Town Square - Squads Mattermost/button_Team Settings' is clicked on

2019-12-20 13:22:16 - [MESSAGE][PASSED] - Object: 'Object Repository/Edit Team Name With Valid Form/Page_Town Square - Squads Mattermost/button_Team Settings' is clicked on

2019-12-20 13:22:16 - [TEST_STEP][PASSED] - click(findTestObject("Object Repository/Edit Team Name With Valid Form/Page_Town Square - Squads Mattermost/button_Edit")): Object: 'Object Repository/Edit Team Name With Valid Form/Page_Town Square - Squads Mattermost/button_Edit' is clicked on

2019-12-20 13:22:17 - [MESSAGE][PASSED] - Object: 'Object Repository/Edit Team Name With Valid Form/Page_Town Square - Squads Mattermost/button_Edit' is clicked on

2019-12-20 13:22:17 - [TEST_STEP][PASSED] - setText(findTestObject("Object Repository/Edit Team Name With Valid Form/Page_Town Square - Squads Mattermost/input_Team Name_teamName"), "Squad"): Text 'Squad' is set on object 'Object Repository/Edit Team Name With Valid Form/Page_Town Square - Squads Mattermost/input_Team Name_teamName'

2019-12-20 13:22:17 - [MESSAGE][PASSED] - Text 'Squad' is set on object 'Object Repository/Edit Team Name With Valid Form/Page_Town Square - Squads Mattermost/input_Team Name_teamName'

2019-12-20 13:22:17 - [TEST_STEP][PASSED] - click(findTestObject("Object Repository/Edit Team Name With Valid Form/Page_Town Square - Squads Mattermost/span_Save")): Object: 'Object Repository/Edit Team Name With Valid Form/Page_Town Square - Squads Mattermost/span_Save' is clicked on

2019-12-20 13:22:18 - [MESSAGE][PASSED] - Object: 'Object Repository/Edit Team Name With Valid Form/Page_Town Square - Squads Mattermost/span_Save' is clicked on

2019-12-20 13:22:18 - [TEST_STEP][PASSED] - click(findTestObject("Object Repository/Edit Team Name With Valid Form/Page_Town Square - Squad Mattermost/span_")): Object: 'Object Repository/Edit Team Name With Valid Form/Page_Town Square - Squad Mattermost/span_' is clicked on

2019-12-20 13:22:19 - [MESSAGE][PASSED] - Object: 'Object Repository/Edit Team Name With Valid Form/Page_Town Square - Squad Mattermost/span_' is clicked on

2019-12-20 13:22:19 - [TEST_STEP][PASSED] - closeBrowser(): Browser is closed

2019-12-20 13:22:20 - [MESSAGE][PASSED] - Browser is closed]]></system-out>
         <system-err><![CDATA[]]></system-err>
      </testcase>
      <testcase name="Test Cases/Edit Team Name With Invalid Form" time="35.483" classname="Test Cases/Edit Team Name With Invalid Form" status="PASSED">
         <system-out><![CDATA[2019-12-20 13:22:20 - [TEST_CASE][PASSED] - Test Cases/Edit Team Name With Invalid Form: Test Cases/Edit Team Name With Invalid Form

2019-12-20 13:22:21 - [TEST_STEP][PASSED] - openBrowser(""): Browser is opened with url: ''

2019-12-20 13:22:21 - [MESSAGE][INFO] - Starting 'Firefox' driver

2019-12-20 13:22:24 - [MESSAGE][PASSED] - Browser is opened with url: ''

2019-12-20 13:22:24 - [TEST_STEP][PASSED] - navigateToUrl("https://mattermost-usecase.herokuapp.com/"): Navigate to 'https://mattermost-usecase.herokuapp.com/' successfully

2019-12-20 13:22:33 - [MESSAGE][PASSED] - Navigate to 'https://mattermost-usecase.herokuapp.com/' successfully

2019-12-20 13:22:33 - [TEST_STEP][PASSED] - setText(findTestObject("Object Repository/Edit Team Name With Valid Form/Page_Mattermost/input_All team communication in one place s_703ef5"), "hieuminhnguyen95@gmail.com"): Text 'hieuminhnguyen95@gmail.com' is set on object 'Object Repository/Edit Team Name With Valid Form/Page_Mattermost/input_All team communication in one place s_703ef5'

2019-12-20 13:22:40 - [MESSAGE][PASSED] - Text 'hieuminhnguyen95@gmail.com' is set on object 'Object Repository/Edit Team Name With Valid Form/Page_Mattermost/input_All team communication in one place s_703ef5'

2019-12-20 13:22:40 - [TEST_STEP][PASSED] - setEncryptedText(findTestObject("Object Repository/Edit Team Name With Valid Form/Page_Mattermost/input_All team communication in one place s_2f2733"), "MkITpGSjdNjAaKH8FIw/Og=="): Text ****** has been set on object 'Object Repository/Edit Team Name With Valid Form/Page_Mattermost/input_All team communication in one place s_2f2733'

2019-12-20 13:22:40 - [MESSAGE][PASSED] - Text ****** has been set on object 'Object Repository/Edit Team Name With Valid Form/Page_Mattermost/input_All team communication in one place s_2f2733'

2019-12-20 13:22:40 - [TEST_STEP][PASSED] - click(findTestObject("Object Repository/Edit Team Name With Valid Form/Page_Mattermost/span_Sign in")): Object: 'Object Repository/Edit Team Name With Valid Form/Page_Mattermost/span_Sign in' is clicked on

2019-12-20 13:22:41 - [MESSAGE][PASSED] - Object: 'Object Repository/Edit Team Name With Valid Form/Page_Mattermost/span_Sign in' is clicked on

2019-12-20 13:22:41 - [TEST_STEP][PASSED] - click(findTestObject("Object Repository/Edit Account Full Name With All Fields Filled/Edit Team Name With Invalid Form/Page_Town Square - Squads Mattermost/svg")): Object: 'Object Repository/Edit Account Full Name With All Fields Filled/Edit Team Name With Invalid Form/Page_Town Square - Squads Mattermost/svg' is clicked on

2019-12-20 13:22:46 - [MESSAGE][PASSED] - Object: 'Object Repository/Edit Account Full Name With All Fields Filled/Edit Team Name With Invalid Form/Page_Town Square - Squads Mattermost/svg' is clicked on

2019-12-20 13:22:46 - [TEST_STEP][PASSED] - click(findTestObject("Object Repository/Edit Account Full Name With All Fields Filled/Edit Team Name With Invalid Form/Page_Town Square - Squads Mattermost/button_Team Settings")): Object: 'Object Repository/Edit Account Full Name With All Fields Filled/Edit Team Name With Invalid Form/Page_Town Square - Squads Mattermost/button_Team Settings' is clicked on

2019-12-20 13:22:47 - [MESSAGE][PASSED] - Object: 'Object Repository/Edit Account Full Name With All Fields Filled/Edit Team Name With Invalid Form/Page_Town Square - Squads Mattermost/button_Team Settings' is clicked on

2019-12-20 13:22:47 - [TEST_STEP][PASSED] - click(findTestObject("Object Repository/Edit Account Full Name With All Fields Filled/Edit Team Name With Invalid Form/Page_Town Square - Squads Mattermost/button_Edit")): Object: 'Object Repository/Edit Account Full Name With All Fields Filled/Edit Team Name With Invalid Form/Page_Town Square - Squads Mattermost/button_Edit' is clicked on

2019-12-20 13:22:48 - [MESSAGE][PASSED] - Object: 'Object Repository/Edit Account Full Name With All Fields Filled/Edit Team Name With Invalid Form/Page_Town Square - Squads Mattermost/button_Edit' is clicked on

2019-12-20 13:22:48 - [TEST_STEP][PASSED] - setText(findTestObject("Object Repository/Edit Account Full Name With All Fields Filled/Edit Team Name With Invalid Form/Page_Town Square - Squads Mattermost/input_Team Name_teamName"), ""): Text '' is set on object 'Object Repository/Edit Account Full Name With All Fields Filled/Edit Team Name With Invalid Form/Page_Town Square - Squads Mattermost/input_Team Name_teamName'

2019-12-20 13:22:49 - [MESSAGE][PASSED] - Text '' is set on object 'Object Repository/Edit Account Full Name With All Fields Filled/Edit Team Name With Invalid Form/Page_Town Square - Squads Mattermost/input_Team Name_teamName'

2019-12-20 13:22:49 - [TEST_STEP][PASSED] - click(findTestObject("Object Repository/Edit Account Full Name With All Fields Filled/Edit Team Name With Invalid Form/Page_Town Square - Squads Mattermost/span_Save")): Object: 'Object Repository/Edit Account Full Name With All Fields Filled/Edit Team Name With Invalid Form/Page_Town Square - Squads Mattermost/span_Save' is clicked on

2019-12-20 13:22:49 - [MESSAGE][PASSED] - Object: 'Object Repository/Edit Account Full Name With All Fields Filled/Edit Team Name With Invalid Form/Page_Town Square - Squads Mattermost/span_Save' is clicked on

2019-12-20 13:22:49 - [TEST_STEP][PASSED] - click(findTestObject("Object Repository/Edit Account Full Name With All Fields Filled/Edit Team Name With Invalid Form/Page_Town Square - Squad Mattermost/button_Cancel")): Object: 'Object Repository/Edit Account Full Name With All Fields Filled/Edit Team Name With Invalid Form/Page_Town Square - Squad Mattermost/button_Cancel' is clicked on

2019-12-20 13:22:50 - [MESSAGE][PASSED] - Object: 'Object Repository/Edit Account Full Name With All Fields Filled/Edit Team Name With Invalid Form/Page_Town Square - Squad Mattermost/button_Cancel' is clicked on

2019-12-20 13:22:50 - [TEST_STEP][PASSED] - click(findTestObject("Object Repository/Edit Account Full Name With All Fields Filled/Edit Team Name With Invalid Form/Page_Town Square - Squad Mattermost/button_Close")): Object: 'Object Repository/Edit Account Full Name With All Fields Filled/Edit Team Name With Invalid Form/Page_Town Square - Squad Mattermost/button_Close' is clicked on

2019-12-20 13:22:50 - [MESSAGE][PASSED] - Object: 'Object Repository/Edit Account Full Name With All Fields Filled/Edit Team Name With Invalid Form/Page_Town Square - Squad Mattermost/button_Close' is clicked on

2019-12-20 13:22:50 - [TEST_STEP][PASSED] - closeBrowser(): Browser is closed

2019-12-20 13:22:56 - [MESSAGE][PASSED] - Browser is closed]]></system-out>
         <system-err><![CDATA[]]></system-err>
      </testcase>
      <testcase name="Test Cases/Edit public channel purpose" time="70.878" classname="Test Cases/Edit public channel purpose" status="FAILED">
         <failure type="FAILED" message="Test Cases/Edit public channel purpose FAILED.
Reason:
com.kms.katalon.core.exception.StepFailedException: Unable to set text 'Te' of object 'Object Repository/EditPublicChannelPurpose/Page_ Town Square - asdasdas Mattermost/textarea_T'
	at com.kms.katalon.core.webui.keyword.internal.WebUIKeywordMain.stepFailed(WebUIKeywordMain.groovy:64)
	at com.kms.katalon.core.webui.keyword.internal.WebUIKeywordMain.runKeyword(WebUIKeywordMain.groovy:26)
	at com.kms.katalon.core.webui.keyword.builtin.SetTextKeyword.setText(SetTextKeyword.groovy:66)
	at com.kms.katalon.core.webui.keyword.builtin.SetTextKeyword.execute(SetTextKeyword.groovy:37)
	at com.kms.katalon.core.keyword.internal.KeywordExecutor.executeKeywordForPlatform(KeywordExecutor.groovy:72)
	at com.kms.katalon.core.webui.keyword.WebUiBuiltInKeywords.setText(WebUiBuiltInKeywords.groovy:950)
	at com.kms.katalon.core.webui.keyword.WebUiBuiltInKeywords$setText$1.call(Unknown Source)
	at Edit public channel purpose.run(Edit public channel purpose:39)
	at com.kms.katalon.core.main.ScriptEngine.run(ScriptEngine.java:194)
	at com.kms.katalon.core.main.ScriptEngine.runScriptAsRawText(ScriptEngine.java:119)
	at com.kms.katalon.core.main.TestCaseExecutor.runScript(TestCaseExecutor.java:337)
	at com.kms.katalon.core.main.TestCaseExecutor.doExecute(TestCaseExecutor.java:328)
	at com.kms.katalon.core.main.TestCaseExecutor.processExecutionPhase(TestCaseExecutor.java:307)
	at com.kms.katalon.core.main.TestCaseExecutor.accessMainPhase(TestCaseExecutor.java:299)
	at com.kms.katalon.core.main.TestCaseExecutor.execute(TestCaseExecutor.java:233)
	at com.kms.katalon.core.main.TestSuiteExecutor.accessTestCaseMainPhase(TestSuiteExecutor.java:169)
	at com.kms.katalon.core.main.TestSuiteExecutor.accessTestSuiteMainPhase(TestSuiteExecutor.java:142)
	at com.kms.katalon.core.main.TestSuiteExecutor.execute(TestSuiteExecutor.java:91)
	at com.kms.katalon.core.main.TestCaseMain.startTestSuite(TestCaseMain.java:157)
	at com.kms.katalon.core.main.TestCaseMain$startTestSuite$0.call(Unknown Source)
	at TempTestSuite1576822552141.run(TempTestSuite1576822552141.groovy:36)
Caused by: com.kms.katalon.core.webui.exception.WebElementNotFoundException: Web element with id: 'Object Repository/EditPublicChannelPurpose/Page_ Town Square - asdasdas Mattermost/textarea_T' located by 'By.xpath: (.//*[normalize-space(text()) and normalize-space(.)='Town Square'])[4]/following::textarea[1]' not found
	at com.kms.katalon.core.webui.common.WebUiCommonHelper.findWebElement(WebUiCommonHelper.java:1154)
	at com.kms.katalon.core.webui.keyword.internal.WebUIAbstractKeyword.findWebElement(WebUIAbstractKeyword.groovy:27)
	at com.kms.katalon.core.webui.keyword.internal.WebUIAbstractKeyword.findWebElement(WebUIAbstractKeyword.groovy:26)
	at com.kms.katalon.core.webui.keyword.builtin.SetTextKeyword$_setText_closure1.doCall(SetTextKeyword.groovy:51)
	at com.kms.katalon.core.webui.keyword.builtin.SetTextKeyword$_setText_closure1.call(SetTextKeyword.groovy)
	at com.kms.katalon.core.webui.keyword.internal.WebUIKeywordMain.runKeyword(WebUIKeywordMain.groovy:20)
	... 19 more
"/>
         <system-out><![CDATA[2019-12-20 13:22:56 - [TEST_CASE][FAILED] - Test Cases/Edit public channel purpose: Test Cases/Edit public channel purpose FAILED.
Reason:
com.kms.katalon.core.exception.StepFailedException: Unable to set text 'Te' of object 'Object Repository/EditPublicChannelPurpose/Page_ Town Square - asdasdas Mattermost/textarea_T'
	at com.kms.katalon.core.webui.keyword.internal.WebUIKeywordMain.stepFailed(WebUIKeywordMain.groovy:64)
	at com.kms.katalon.core.webui.keyword.internal.WebUIKeywordMain.runKeyword(WebUIKeywordMain.groovy:26)
	at com.kms.katalon.core.webui.keyword.builtin.SetTextKeyword.setText(SetTextKeyword.groovy:66)
	at com.kms.katalon.core.webui.keyword.builtin.SetTextKeyword.execute(SetTextKeyword.groovy:37)
	at com.kms.katalon.core.keyword.internal.KeywordExecutor.executeKeywordForPlatform(KeywordExecutor.groovy:72)
	at com.kms.katalon.core.webui.keyword.WebUiBuiltInKeywords.setText(WebUiBuiltInKeywords.groovy:950)
	at com.kms.katalon.core.webui.keyword.WebUiBuiltInKeywords$setText$1.call(Unknown Source)
	at Edit public channel purpose.run(Edit public channel purpose:39)
	at com.kms.katalon.core.main.ScriptEngine.run(ScriptEngine.java:194)
	at com.kms.katalon.core.main.ScriptEngine.runScriptAsRawText(ScriptEngine.java:119)
	at com.kms.katalon.core.main.TestCaseExecutor.runScript(TestCaseExecutor.java:337)
	at com.kms.katalon.core.main.TestCaseExecutor.doExecute(TestCaseExecutor.java:328)
	at com.kms.katalon.core.main.TestCaseExecutor.processExecutionPhase(TestCaseExecutor.java:307)
	at com.kms.katalon.core.main.TestCaseExecutor.accessMainPhase(TestCaseExecutor.java:299)
	at com.kms.katalon.core.main.TestCaseExecutor.execute(TestCaseExecutor.java:233)
	at com.kms.katalon.core.main.TestSuiteExecutor.accessTestCaseMainPhase(TestSuiteExecutor.java:169)
	at com.kms.katalon.core.main.TestSuiteExecutor.accessTestSuiteMainPhase(TestSuiteExecutor.java:142)
	at com.kms.katalon.core.main.TestSuiteExecutor.execute(TestSuiteExecutor.java:91)
	at com.kms.katalon.core.main.TestCaseMain.startTestSuite(TestCaseMain.java:157)
	at com.kms.katalon.core.main.TestCaseMain$startTestSuite$0.call(Unknown Source)
	at TempTestSuite1576822552141.run(TempTestSuite1576822552141.groovy:36)
Caused by: com.kms.katalon.core.webui.exception.WebElementNotFoundException: Web element with id: 'Object Repository/EditPublicChannelPurpose/Page_ Town Square - asdasdas Mattermost/textarea_T' located by 'By.xpath: (.//*[normalize-space(text()) and normalize-space(.)='Town Square'])[4]/following::textarea[1]' not found
	at com.kms.katalon.core.webui.common.WebUiCommonHelper.findWebElement(WebUiCommonHelper.java:1154)
	at com.kms.katalon.core.webui.keyword.internal.WebUIAbstractKeyword.findWebElement(WebUIAbstractKeyword.groovy:27)
	at com.kms.katalon.core.webui.keyword.internal.WebUIAbstractKeyword.findWebElement(WebUIAbstractKeyword.groovy:26)
	at com.kms.katalon.core.webui.keyword.builtin.SetTextKeyword$_setText_closure1.doCall(SetTextKeyword.groovy:51)
	at com.kms.katalon.core.webui.keyword.builtin.SetTextKeyword$_setText_closure1.call(SetTextKeyword.groovy)
	at com.kms.katalon.core.webui.keyword.internal.WebUIKeywordMain.runKeyword(WebUIKeywordMain.groovy:20)
	... 19 more


2019-12-20 13:22:56 - [TEST_STEP][PASSED] - openBrowser(""): Browser is opened with url: ''

2019-12-20 13:22:56 - [MESSAGE][INFO] - Starting 'Firefox' driver

2019-12-20 13:22:59 - [MESSAGE][PASSED] - Browser is opened with url: ''

2019-12-20 13:22:59 - [TEST_STEP][PASSED] - navigateToUrl("https://mattermost-usecase.herokuapp.com/"): Navigate to 'https://mattermost-usecase.herokuapp.com/' successfully

2019-12-20 13:23:10 - [MESSAGE][PASSED] - Navigate to 'https://mattermost-usecase.herokuapp.com/' successfully

2019-12-20 13:23:10 - [TEST_STEP][PASSED] - setText(findTestObject("EditPublicChannelPurpose/Page_Mattermost/input_All team communication in one place s_703ef5"), "dhgbao@apcs.vn"): Text 'dhgbao@apcs.vn' is set on object 'Object Repository/EditPublicChannelPurpose/Page_Mattermost/input_All team communication in one place s_703ef5'

2019-12-20 13:23:16 - [MESSAGE][PASSED] - Text 'dhgbao@apcs.vn' is set on object 'Object Repository/EditPublicChannelPurpose/Page_Mattermost/input_All team communication in one place s_703ef5'

2019-12-20 13:23:16 - [TEST_STEP][PASSED] - setText(findTestObject("EditPublicChannelPurpose/Page_Mattermost/input_All team communication in one place s_2f2733"), "123456789"): Text '123456789' is set on object 'Object Repository/EditPublicChannelPurpose/Page_Mattermost/input_All team communication in one place s_2f2733'

2019-12-20 13:23:17 - [MESSAGE][PASSED] - Text '123456789' is set on object 'Object Repository/EditPublicChannelPurpose/Page_Mattermost/input_All team communication in one place s_2f2733'

2019-12-20 13:23:17 - [TEST_STEP][PASSED] - sendKeys(findTestObject("EditPublicChannelPurpose/Page_Mattermost/input_All team communication in one place s_2f2733"), Keys.chord(ENTER)): Keys 'ENTER + ' sent to object: 'Object Repository/EditPublicChannelPurpose/Page_Mattermost/input_All team communication in one place s_2f2733'

2019-12-20 13:23:18 - [MESSAGE][PASSED] - Keys 'ENTER + ' sent to object: 'Object Repository/EditPublicChannelPurpose/Page_Mattermost/input_All team communication in one place s_2f2733'

2019-12-20 13:23:18 - [TEST_STEP][PASSED] - click(findTestObject("EditPublicChannelPurpose/Page_ Town Square - asdasdas Mattermost/span_Town Square_channelHeaderDropdownIcon")): Object: 'Object Repository/EditPublicChannelPurpose/Page_ Town Square - asdasdas Mattermost/span_Town Square_channelHeaderDropdownIcon' is clicked on

2019-12-20 13:23:21 - [MESSAGE][PASSED] - Object: 'Object Repository/EditPublicChannelPurpose/Page_ Town Square - asdasdas Mattermost/span_Town Square_channelHeaderDropdownIcon' is clicked on

2019-12-20 13:23:21 - [TEST_STEP][PASSED] - click(findTestObject("EditPublicChannelPurpose/Page_ Town Square - asdasdas Mattermost/button_Edit Channel Purpose")): Object: 'Object Repository/EditPublicChannelPurpose/Page_ Town Square - asdasdas Mattermost/button_Edit Channel Purpose' is clicked on

2019-12-20 13:23:22 - [MESSAGE][PASSED] - Object: 'Object Repository/EditPublicChannelPurpose/Page_ Town Square - asdasdas Mattermost/button_Edit Channel Purpose' is clicked on

2019-12-20 13:23:22 - [TEST_STEP][PASSED] - setText(findTestObject("EditPublicChannelPurpose/Page_ Town Square - asdasdas Mattermost/textarea_Town Square_form-control no-resize_cfa613"), "T"): Text 'T' is set on object 'Object Repository/EditPublicChannelPurpose/Page_ Town Square - asdasdas Mattermost/textarea_Town Square_form-control no-resize_cfa613'

2019-12-20 13:23:22 - [MESSAGE][PASSED] - Text 'T' is set on object 'Object Repository/EditPublicChannelPurpose/Page_ Town Square - asdasdas Mattermost/textarea_Town Square_form-control no-resize_cfa613'

2019-12-20 13:23:22 - [TEST_STEP][FAILED] - setText(findTestObject("EditPublicChannelPurpose/Page_ Town Square - asdasdas Mattermost/textarea_T"), "Te"): Unable to set text 'Te' of object 'Object Repository/EditPublicChannelPurpose/Page_ Town Square - asdasdas Mattermost/textarea_T' (Root cause: com.kms.katalon.core.exception.StepFailedException: Unable to set text 'Te' of object 'Object Repository/EditPublicChannelPurpose/Page_ Town Square - asdasdas Mattermost/textarea_T'
	at com.kms.katalon.core.webui.keyword.internal.WebUIKeywordMain.stepFailed(WebUIKeywordMain.groovy:64)
	at com.kms.katalon.core.webui.keyword.internal.WebUIKeywordMain.runKeyword(WebUIKeywordMain.groovy:26)
	at com.kms.katalon.core.webui.keyword.builtin.SetTextKeyword.setText(SetTextKeyword.groovy:66)
	at com.kms.katalon.core.webui.keyword.builtin.SetTextKeyword.execute(SetTextKeyword.groovy:37)
	at com.kms.katalon.core.keyword.internal.KeywordExecutor.executeKeywordForPlatform(KeywordExecutor.groovy:72)
	at com.kms.katalon.core.webui.keyword.WebUiBuiltInKeywords.setText(WebUiBuiltInKeywords.groovy:950)
	at com.kms.katalon.core.webui.keyword.WebUiBuiltInKeywords$setText$1.call(Unknown Source)
	at Edit public channel purpose.run(Edit public channel purpose:39)
	at com.kms.katalon.core.main.ScriptEngine.run(ScriptEngine.java:194)
	at com.kms.katalon.core.main.ScriptEngine.runScriptAsRawText(ScriptEngine.java:119)
	at com.kms.katalon.core.main.TestCaseExecutor.runScript(TestCaseExecutor.java:337)
	at com.kms.katalon.core.main.TestCaseExecutor.doExecute(TestCaseExecutor.java:328)
	at com.kms.katalon.core.main.TestCaseExecutor.processExecutionPhase(TestCaseExecutor.java:307)
	at com.kms.katalon.core.main.TestCaseExecutor.accessMainPhase(TestCaseExecutor.java:299)
	at com.kms.katalon.core.main.TestCaseExecutor.execute(TestCaseExecutor.java:233)
	at com.kms.katalon.core.main.TestSuiteExecutor.accessTestCaseMainPhase(TestSuiteExecutor.java:169)
	at com.kms.katalon.core.main.TestSuiteExecutor.accessTestSuiteMainPhase(TestSuiteExecutor.java:142)
	at com.kms.katalon.core.main.TestSuiteExecutor.execute(TestSuiteExecutor.java:91)
	at com.kms.katalon.core.main.TestCaseMain.startTestSuite(TestCaseMain.java:157)
	at com.kms.katalon.core.main.TestCaseMain$startTestSuite$0.call(Unknown Source)
	at TempTestSuite1576822552141.run(TempTestSuite1576822552141.groovy:36)
Caused by: com.kms.katalon.core.webui.exception.WebElementNotFoundException: Web element with id: 'Object Repository/EditPublicChannelPurpose/Page_ Town Square - asdasdas Mattermost/textarea_T' located by 'By.xpath: (.//*[normalize-space(text()) and normalize-space(.)='Town Square'])[4]/following::textarea[1]' not found
	at com.kms.katalon.core.webui.common.WebUiCommonHelper.findWebElement(WebUiCommonHelper.java:1154)
	at com.kms.katalon.core.webui.keyword.internal.WebUIAbstractKeyword.findWebElement(WebUIAbstractKeyword.groovy:27)
	at com.kms.katalon.core.webui.keyword.internal.WebUIAbstractKeyword.findWebElement(WebUIAbstractKeyword.groovy:26)
	at com.kms.katalon.core.webui.keyword.builtin.SetTextKeyword$_setText_closure1.doCall(SetTextKeyword.groovy:51)
	at com.kms.katalon.core.webui.keyword.builtin.SetTextKeyword$_setText_closure1.call(SetTextKeyword.groovy)
	at com.kms.katalon.core.webui.keyword.internal.WebUIKeywordMain.runKeyword(WebUIKeywordMain.groovy:20)
	at com.kms.katalon.core.webui.keyword.builtin.SetTextKeyword.setText(SetTextKeyword.groovy:66)
	at com.kms.katalon.core.webui.keyword.builtin.SetTextKeyword.execute(SetTextKeyword.groovy:37)
	at com.kms.katalon.core.keyword.internal.KeywordExecutor.executeKeywordForPlatform(KeywordExecutor.groovy:72)
	at com.kms.katalon.core.webui.keyword.WebUiBuiltInKeywords.setText(WebUiBuiltInKeywords.groovy:950)
	at com.kms.katalon.core.webui.keyword.WebUiBuiltInKeywords$setText$1.call(Unknown Source)
	at Script1576775790884.run(Script1576775790884.groovy:39)
	... 13 more
)

2019-12-20 13:24:07 - [MESSAGE][INFO] - Unable to find the element located by 'By.xpath: (.//*[normalize-space(text()) and normalize-space(.)='Town Square'])[4]/following::textarea[1]'. Please recheck the objects properties to make sure the desired element is located. 

2019-12-20 13:24:07 - [MESSAGE][FAILED] - Unable to set text 'Te' of object 'Object Repository/EditPublicChannelPurpose/Page_ Town Square - asdasdas Mattermost/textarea_T' (Root cause: com.kms.katalon.core.exception.StepFailedException: Unable to set text 'Te' of object 'Object Repository/EditPublicChannelPurpose/Page_ Town Square - asdasdas Mattermost/textarea_T'
	at com.kms.katalon.core.webui.keyword.internal.WebUIKeywordMain.stepFailed(WebUIKeywordMain.groovy:64)
	at com.kms.katalon.core.webui.keyword.internal.WebUIKeywordMain.runKeyword(WebUIKeywordMain.groovy:26)
	at com.kms.katalon.core.webui.keyword.builtin.SetTextKeyword.setText(SetTextKeyword.groovy:66)
	at com.kms.katalon.core.webui.keyword.builtin.SetTextKeyword.execute(SetTextKeyword.groovy:37)
	at com.kms.katalon.core.keyword.internal.KeywordExecutor.executeKeywordForPlatform(KeywordExecutor.groovy:72)
	at com.kms.katalon.core.webui.keyword.WebUiBuiltInKeywords.setText(WebUiBuiltInKeywords.groovy:950)
	at com.kms.katalon.core.webui.keyword.WebUiBuiltInKeywords$setText$1.call(Unknown Source)
	at Edit public channel purpose.run(Edit public channel purpose:39)
	at com.kms.katalon.core.main.ScriptEngine.run(ScriptEngine.java:194)
	at com.kms.katalon.core.main.ScriptEngine.runScriptAsRawText(ScriptEngine.java:119)
	at com.kms.katalon.core.main.TestCaseExecutor.runScript(TestCaseExecutor.java:337)
	at com.kms.katalon.core.main.TestCaseExecutor.doExecute(TestCaseExecutor.java:328)
	at com.kms.katalon.core.main.TestCaseExecutor.processExecutionPhase(TestCaseExecutor.java:307)
	at com.kms.katalon.core.main.TestCaseExecutor.accessMainPhase(TestCaseExecutor.java:299)
	at com.kms.katalon.core.main.TestCaseExecutor.execute(TestCaseExecutor.java:233)
	at com.kms.katalon.core.main.TestSuiteExecutor.accessTestCaseMainPhase(TestSuiteExecutor.java:169)
	at com.kms.katalon.core.main.TestSuiteExecutor.accessTestSuiteMainPhase(TestSuiteExecutor.java:142)
	at com.kms.katalon.core.main.TestSuiteExecutor.execute(TestSuiteExecutor.java:91)
	at com.kms.katalon.core.main.TestCaseMain.startTestSuite(TestCaseMain.java:157)
	at com.kms.katalon.core.main.TestCaseMain$startTestSuite$0.call(Unknown Source)
	at TempTestSuite1576822552141.run(TempTestSuite1576822552141.groovy:36)
Caused by: com.kms.katalon.core.webui.exception.WebElementNotFoundException: Web element with id: 'Object Repository/EditPublicChannelPurpose/Page_ Town Square - asdasdas Mattermost/textarea_T' located by 'By.xpath: (.//*[normalize-space(text()) and normalize-space(.)='Town Square'])[4]/following::textarea[1]' not found
	at com.kms.katalon.core.webui.common.WebUiCommonHelper.findWebElement(WebUiCommonHelper.java:1154)
	at com.kms.katalon.core.webui.keyword.internal.WebUIAbstractKeyword.findWebElement(WebUIAbstractKeyword.groovy:27)
	at com.kms.katalon.core.webui.keyword.internal.WebUIAbstractKeyword.findWebElement(WebUIAbstractKeyword.groovy:26)
	at com.kms.katalon.core.webui.keyword.builtin.SetTextKeyword$_setText_closure1.doCall(SetTextKeyword.groovy:51)
	at com.kms.katalon.core.webui.keyword.builtin.SetTextKeyword$_setText_closure1.call(SetTextKeyword.groovy)
	at com.kms.katalon.core.webui.keyword.internal.WebUIKeywordMain.runKeyword(WebUIKeywordMain.groovy:20)
	at com.kms.katalon.core.webui.keyword.builtin.SetTextKeyword.setText(SetTextKeyword.groovy:66)
	at com.kms.katalon.core.webui.keyword.builtin.SetTextKeyword.execute(SetTextKeyword.groovy:37)
	at com.kms.katalon.core.keyword.internal.KeywordExecutor.executeKeywordForPlatform(KeywordExecutor.groovy:72)
	at com.kms.katalon.core.webui.keyword.WebUiBuiltInKeywords.setText(WebUiBuiltInKeywords.groovy:950)
	at com.kms.katalon.core.webui.keyword.WebUiBuiltInKeywords$setText$1.call(Unknown Source)
	at Script1576775790884.run(Script1576775790884.groovy:39)
	... 13 more
)
[[ATTACHMENT|/Users/apple/Desktop/Stduy/katalon-mattermost/dsds/Reports/20191220_131552/Run all test cases/20191220_131552/1576823047074.png]]]]></system-out>
         <system-err><![CDATA[2019-12-20 13:22:56 - [TEST_CASE][FAILED] - Test Cases/Edit public channel purpose: Test Cases/Edit public channel purpose FAILED.
Reason:
com.kms.katalon.core.exception.StepFailedException: Unable to set text 'Te' of object 'Object Repository/EditPublicChannelPurpose/Page_ Town Square - asdasdas Mattermost/textarea_T'
	at com.kms.katalon.core.webui.keyword.internal.WebUIKeywordMain.stepFailed(WebUIKeywordMain.groovy:64)
	at com.kms.katalon.core.webui.keyword.internal.WebUIKeywordMain.runKeyword(WebUIKeywordMain.groovy:26)
	at com.kms.katalon.core.webui.keyword.builtin.SetTextKeyword.setText(SetTextKeyword.groovy:66)
	at com.kms.katalon.core.webui.keyword.builtin.SetTextKeyword.execute(SetTextKeyword.groovy:37)
	at com.kms.katalon.core.keyword.internal.KeywordExecutor.executeKeywordForPlatform(KeywordExecutor.groovy:72)
	at com.kms.katalon.core.webui.keyword.WebUiBuiltInKeywords.setText(WebUiBuiltInKeywords.groovy:950)
	at com.kms.katalon.core.webui.keyword.WebUiBuiltInKeywords$setText$1.call(Unknown Source)
	at Edit public channel purpose.run(Edit public channel purpose:39)
	at com.kms.katalon.core.main.ScriptEngine.run(ScriptEngine.java:194)
	at com.kms.katalon.core.main.ScriptEngine.runScriptAsRawText(ScriptEngine.java:119)
	at com.kms.katalon.core.main.TestCaseExecutor.runScript(TestCaseExecutor.java:337)
	at com.kms.katalon.core.main.TestCaseExecutor.doExecute(TestCaseExecutor.java:328)
	at com.kms.katalon.core.main.TestCaseExecutor.processExecutionPhase(TestCaseExecutor.java:307)
	at com.kms.katalon.core.main.TestCaseExecutor.accessMainPhase(TestCaseExecutor.java:299)
	at com.kms.katalon.core.main.TestCaseExecutor.execute(TestCaseExecutor.java:233)
	at com.kms.katalon.core.main.TestSuiteExecutor.accessTestCaseMainPhase(TestSuiteExecutor.java:169)
	at com.kms.katalon.core.main.TestSuiteExecutor.accessTestSuiteMainPhase(TestSuiteExecutor.java:142)
	at com.kms.katalon.core.main.TestSuiteExecutor.execute(TestSuiteExecutor.java:91)
	at com.kms.katalon.core.main.TestCaseMain.startTestSuite(TestCaseMain.java:157)
	at com.kms.katalon.core.main.TestCaseMain$startTestSuite$0.call(Unknown Source)
	at TempTestSuite1576822552141.run(TempTestSuite1576822552141.groovy:36)
Caused by: com.kms.katalon.core.webui.exception.WebElementNotFoundException: Web element with id: 'Object Repository/EditPublicChannelPurpose/Page_ Town Square - asdasdas Mattermost/textarea_T' located by 'By.xpath: (.//*[normalize-space(text()) and normalize-space(.)='Town Square'])[4]/following::textarea[1]' not found
	at com.kms.katalon.core.webui.common.WebUiCommonHelper.findWebElement(WebUiCommonHelper.java:1154)
	at com.kms.katalon.core.webui.keyword.internal.WebUIAbstractKeyword.findWebElement(WebUIAbstractKeyword.groovy:27)
	at com.kms.katalon.core.webui.keyword.internal.WebUIAbstractKeyword.findWebElement(WebUIAbstractKeyword.groovy:26)
	at com.kms.katalon.core.webui.keyword.builtin.SetTextKeyword$_setText_closure1.doCall(SetTextKeyword.groovy:51)
	at com.kms.katalon.core.webui.keyword.builtin.SetTextKeyword$_setText_closure1.call(SetTextKeyword.groovy)
	at com.kms.katalon.core.webui.keyword.internal.WebUIKeywordMain.runKeyword(WebUIKeywordMain.groovy:20)
	... 19 more]]></system-err>
      </testcase>
      <testcase name="Test Cases/Edit Account Full Name With All Fields Filled" time="31.795" classname="Test Cases/Edit Account Full Name With All Fields Filled" status="PASSED">
         <system-out><![CDATA[2019-12-20 13:24:07 - [TEST_CASE][PASSED] - Test Cases/Edit Account Full Name With All Fields Filled: Test Cases/Edit Account Full Name With All Fields Filled

2019-12-20 13:24:07 - [TEST_STEP][PASSED] - openBrowser(""): Browser is opened with url: ''

2019-12-20 13:24:07 - [MESSAGE][WARNING] - A browser is already opened. Closing browser and opening a new one

2019-12-20 13:24:08 - [MESSAGE][INFO] - Starting 'Firefox' driver

2019-12-20 13:24:11 - [MESSAGE][PASSED] - Browser is opened with url: ''

2019-12-20 13:24:11 - [TEST_STEP][PASSED] - navigateToUrl("https://mattermost-usecase.herokuapp.com/"): Navigate to 'https://mattermost-usecase.herokuapp.com/' successfully

2019-12-20 13:24:21 - [MESSAGE][PASSED] - Navigate to 'https://mattermost-usecase.herokuapp.com/' successfully

2019-12-20 13:24:21 - [TEST_STEP][PASSED] - setText(findTestObject("Object Repository/Edit Account Full Name With All Fields Filled/Page_Mattermost/input_All team communication in one place s_703ef5"), "hieuminhnguyen95@gmail.com"): Text 'hieuminhnguyen95@gmail.com' is set on object 'Object Repository/Edit Account Full Name With All Fields Filled/Page_Mattermost/input_All team communication in one place s_703ef5'

2019-12-20 13:24:27 - [MESSAGE][PASSED] - Text 'hieuminhnguyen95@gmail.com' is set on object 'Object Repository/Edit Account Full Name With All Fields Filled/Page_Mattermost/input_All team communication in one place s_703ef5'

2019-12-20 13:24:27 - [TEST_STEP][PASSED] - setEncryptedText(findTestObject("Object Repository/Edit Account Full Name With All Fields Filled/Page_Mattermost/input_All team communication in one place s_2f2733"), "MkITpGSjdNjAaKH8FIw/Og=="): Text ****** has been set on object 'Object Repository/Edit Account Full Name With All Fields Filled/Page_Mattermost/input_All team communication in one place s_2f2733'

2019-12-20 13:24:28 - [MESSAGE][PASSED] - Text ****** has been set on object 'Object Repository/Edit Account Full Name With All Fields Filled/Page_Mattermost/input_All team communication in one place s_2f2733'

2019-12-20 13:24:28 - [TEST_STEP][PASSED] - click(findTestObject("Object Repository/Edit Account Full Name With All Fields Filled/Page_Mattermost/span_Sign in")): Object: 'Object Repository/Edit Account Full Name With All Fields Filled/Page_Mattermost/span_Sign in' is clicked on

2019-12-20 13:24:28 - [MESSAGE][PASSED] - Object: 'Object Repository/Edit Account Full Name With All Fields Filled/Page_Mattermost/span_Sign in' is clicked on

2019-12-20 13:24:28 - [TEST_STEP][PASSED] - click(findTestObject("Object Repository/Edit Account Full Name With All Fields Filled/Page_(1)  Town Square - Squad Mattermost/button_hieudz123_style--none sidebar-header_f9a64e")): Object: 'Object Repository/Edit Account Full Name With All Fields Filled/Page_(1)  Town Square - Squad Mattermost/button_hieudz123_style--none sidebar-header_f9a64e' is clicked on

2019-12-20 13:24:33 - [MESSAGE][PASSED] - Object: 'Object Repository/Edit Account Full Name With All Fields Filled/Page_(1)  Town Square - Squad Mattermost/button_hieudz123_style--none sidebar-header_f9a64e' is clicked on

2019-12-20 13:24:33 - [TEST_STEP][PASSED] - click(findTestObject("Object Repository/Edit Account Full Name With All Fields Filled/Page_(1)  Town Square - Squad Mattermost/button_Account Settings")): Object: 'Object Repository/Edit Account Full Name With All Fields Filled/Page_(1)  Town Square - Squad Mattermost/button_Account Settings' is clicked on

2019-12-20 13:24:33 - [MESSAGE][PASSED] - Object: 'Object Repository/Edit Account Full Name With All Fields Filled/Page_(1)  Town Square - Squad Mattermost/button_Account Settings' is clicked on

2019-12-20 13:24:33 - [TEST_STEP][PASSED] - click(findTestObject("Object Repository/Edit Account Full Name With All Fields Filled/Page_(1)  Town Square - Squad Mattermost/span_Edit")): Object: 'Object Repository/Edit Account Full Name With All Fields Filled/Page_(1)  Town Square - Squad Mattermost/span_Edit' is clicked on

2019-12-20 13:24:35 - [MESSAGE][PASSED] - Object: 'Object Repository/Edit Account Full Name With All Fields Filled/Page_(1)  Town Square - Squad Mattermost/span_Edit' is clicked on

2019-12-20 13:24:35 - [TEST_STEP][PASSED] - setText(findTestObject("Object Repository/Edit Account Full Name With All Fields Filled/Page_(1)  Town Square - Squad Mattermost/input_First Name_firstName"), FirstName): Text '' is set on object 'Object Repository/Edit Account Full Name With All Fields Filled/Page_(1)  Town Square - Squad Mattermost/input_First Name_firstName'

2019-12-20 13:24:35 - [MESSAGE][PASSED] - Text '' is set on object 'Object Repository/Edit Account Full Name With All Fields Filled/Page_(1)  Town Square - Squad Mattermost/input_First Name_firstName'

2019-12-20 13:24:35 - [TEST_STEP][PASSED] - setText(findTestObject("Object Repository/Edit Account Full Name With All Fields Filled/Page_(1)  Town Square - Squad Mattermost/input_Last Name_lastName"), LastName): Text '' is set on object 'Object Repository/Edit Account Full Name With All Fields Filled/Page_(1)  Town Square - Squad Mattermost/input_Last Name_lastName'

2019-12-20 13:24:36 - [MESSAGE][PASSED] - Text '' is set on object 'Object Repository/Edit Account Full Name With All Fields Filled/Page_(1)  Town Square - Squad Mattermost/input_Last Name_lastName'

2019-12-20 13:24:36 - [TEST_STEP][PASSED] - click(findTestObject("Object Repository/Edit Account Full Name With All Fields Filled/Page_(1)  Town Square - Squad Mattermost/span_Save")): Object: 'Object Repository/Edit Account Full Name With All Fields Filled/Page_(1)  Town Square - Squad Mattermost/span_Save' is clicked on

2019-12-20 13:24:36 - [MESSAGE][PASSED] - Object: 'Object Repository/Edit Account Full Name With All Fields Filled/Page_(1)  Town Square - Squad Mattermost/span_Save' is clicked on

2019-12-20 13:24:36 - [TEST_STEP][PASSED] - click(findTestObject("Object Repository/Edit Account Full Name With All Fields Filled/Page_(1)  Town Square - Squad Mattermost/span_")): Object: 'Object Repository/Edit Account Full Name With All Fields Filled/Page_(1)  Town Square - Squad Mattermost/span_' is clicked on

2019-12-20 13:24:37 - [MESSAGE][PASSED] - Object: 'Object Repository/Edit Account Full Name With All Fields Filled/Page_(1)  Town Square - Squad Mattermost/span_' is clicked on

2019-12-20 13:24:37 - [TEST_STEP][PASSED] - closeBrowser(): Browser is closed

2019-12-20 13:24:39 - [MESSAGE][PASSED] - Browser is closed]]></system-out>
         <system-err><![CDATA[]]></system-err>
      </testcase>
      <testcase name="Test Cases/Edit public channel headers" time="31.103" classname="Test Cases/Edit public channel headers" status="PASSED">
         <system-out><![CDATA[2019-12-20 13:24:39 - [TEST_CASE][PASSED] - Test Cases/Edit public channel headers: Test Cases/Edit public channel headers

2019-12-20 13:24:39 - [TEST_STEP][PASSED] - openBrowser(""): Browser is opened with url: ''

2019-12-20 13:24:39 - [MESSAGE][INFO] - Starting 'Firefox' driver

2019-12-20 13:24:42 - [MESSAGE][PASSED] - Browser is opened with url: ''

2019-12-20 13:24:42 - [TEST_STEP][PASSED] - navigateToUrl("https://mattermost-usecase.herokuapp.com/"): Navigate to 'https://mattermost-usecase.herokuapp.com/' successfully

2019-12-20 13:24:52 - [MESSAGE][PASSED] - Navigate to 'https://mattermost-usecase.herokuapp.com/' successfully

2019-12-20 13:24:52 - [TEST_STEP][PASSED] - setText(findTestObject("Object Repository/EditPublicChannelHeaders/Page_Mattermost/input_All team communication in one place s_703ef5"), "dhgbao@apcs.vn"): Text 'dhgbao@apcs.vn' is set on object 'Object Repository/EditPublicChannelHeaders/Page_Mattermost/input_All team communication in one place s_703ef5'

2019-12-20 13:24:58 - [MESSAGE][PASSED] - Text 'dhgbao@apcs.vn' is set on object 'Object Repository/EditPublicChannelHeaders/Page_Mattermost/input_All team communication in one place s_703ef5'

2019-12-20 13:24:58 - [TEST_STEP][PASSED] - setText(findTestObject("Object Repository/EditPublicChannelHeaders/Page_Mattermost/input_All team communication in one place s_2f2733"), "123456789"): Text '123456789' is set on object 'Object Repository/EditPublicChannelHeaders/Page_Mattermost/input_All team communication in one place s_2f2733'

2019-12-20 13:24:58 - [MESSAGE][PASSED] - Text '123456789' is set on object 'Object Repository/EditPublicChannelHeaders/Page_Mattermost/input_All team communication in one place s_2f2733'

2019-12-20 13:24:58 - [TEST_STEP][PASSED] - sendKeys(findTestObject("Object Repository/EditPublicChannelHeaders/Page_Mattermost/input_All team communication in one place s_2f2733"), Keys.chord(ENTER)): Keys 'ENTER + ' sent to object: 'Object Repository/EditPublicChannelHeaders/Page_Mattermost/input_All team communication in one place s_2f2733'

2019-12-20 13:24:59 - [MESSAGE][PASSED] - Keys 'ENTER + ' sent to object: 'Object Repository/EditPublicChannelHeaders/Page_Mattermost/input_All team communication in one place s_2f2733'

2019-12-20 13:24:59 - [TEST_STEP][PASSED] - click(findTestObject("Object Repository/EditPublicChannelHeaders/Page_ Town Square - asdasdas Mattermost/span_Town Square_channelHeaderDropdownIcon")): Object: 'Object Repository/EditPublicChannelHeaders/Page_ Town Square - asdasdas Mattermost/span_Town Square_channelHeaderDropdownIcon' is clicked on

2019-12-20 13:25:03 - [MESSAGE][PASSED] - Object: 'Object Repository/EditPublicChannelHeaders/Page_ Town Square - asdasdas Mattermost/span_Town Square_channelHeaderDropdownIcon' is clicked on

2019-12-20 13:25:03 - [TEST_STEP][PASSED] - click(findTestObject("Object Repository/EditPublicChannelHeaders/Page_ Town Square - asdasdas Mattermost/button_Edit Channel Header")): Object: 'Object Repository/EditPublicChannelHeaders/Page_ Town Square - asdasdas Mattermost/button_Edit Channel Header' is clicked on

2019-12-20 13:25:04 - [MESSAGE][PASSED] - Object: 'Object Repository/EditPublicChannelHeaders/Page_ Town Square - asdasdas Mattermost/button_Edit Channel Header' is clicked on

2019-12-20 13:25:04 - [TEST_STEP][PASSED] - setText(findTestObject("Object Repository/EditPublicChannelHeaders/Page_ Town Square - asdasdas Mattermost/textarea_Edit the Channel Header_edit_textbox"), "P"): Text 'P' is set on object 'Object Repository/EditPublicChannelHeaders/Page_ Town Square - asdasdas Mattermost/textarea_Edit the Channel Header_edit_textbox'

2019-12-20 13:25:04 - [MESSAGE][PASSED] - Text 'P' is set on object 'Object Repository/EditPublicChannelHeaders/Page_ Town Square - asdasdas Mattermost/textarea_Edit the Channel Header_edit_textbox'

2019-12-20 13:25:04 - [TEST_STEP][PASSED] - setText(findTestObject("Object Repository/EditPublicChannelHeaders/Page_ Town Square - asdasdas Mattermost/textarea_P"), "Pr"): Text 'Pr' is set on object 'Object Repository/EditPublicChannelHeaders/Page_ Town Square - asdasdas Mattermost/textarea_P'

2019-12-20 13:25:04 - [MESSAGE][PASSED] - Text 'Pr' is set on object 'Object Repository/EditPublicChannelHeaders/Page_ Town Square - asdasdas Mattermost/textarea_P'

2019-12-20 13:25:04 - [TEST_STEP][PASSED] - setText(findTestObject("Object Repository/EditPublicChannelHeaders/Page_ Town Square - asdasdas Mattermost/textarea_Pr"), "Pro"): Text 'Pro' is set on object 'Object Repository/EditPublicChannelHeaders/Page_ Town Square - asdasdas Mattermost/textarea_Pr'

2019-12-20 13:25:05 - [MESSAGE][PASSED] - Text 'Pro' is set on object 'Object Repository/EditPublicChannelHeaders/Page_ Town Square - asdasdas Mattermost/textarea_Pr'

2019-12-20 13:25:05 - [TEST_STEP][PASSED] - setText(findTestObject("Object Repository/EditPublicChannelHeaders/Page_ Town Square - asdasdas Mattermost/textarea_Pro"), "Proj"): Text 'Proj' is set on object 'Object Repository/EditPublicChannelHeaders/Page_ Town Square - asdasdas Mattermost/textarea_Pro'

2019-12-20 13:25:06 - [MESSAGE][PASSED] - Text 'Proj' is set on object 'Object Repository/EditPublicChannelHeaders/Page_ Town Square - asdasdas Mattermost/textarea_Pro'

2019-12-20 13:25:06 - [TEST_STEP][PASSED] - setText(findTestObject("Object Repository/EditPublicChannelHeaders/Page_ Town Square - asdasdas Mattermost/textarea_Proj"), "Proje"): Text 'Proje' is set on object 'Object Repository/EditPublicChannelHeaders/Page_ Town Square - asdasdas Mattermost/textarea_Proj'

2019-12-20 13:25:06 - [MESSAGE][PASSED] - Text 'Proje' is set on object 'Object Repository/EditPublicChannelHeaders/Page_ Town Square - asdasdas Mattermost/textarea_Proj'

2019-12-20 13:25:06 - [TEST_STEP][PASSED] - setText(findTestObject("Object Repository/EditPublicChannelHeaders/Page_ Town Square - asdasdas Mattermost/textarea_Proje"), "Projec"): Text 'Projec' is set on object 'Object Repository/EditPublicChannelHeaders/Page_ Town Square - asdasdas Mattermost/textarea_Proje'

2019-12-20 13:25:07 - [MESSAGE][PASSED] - Text 'Projec' is set on object 'Object Repository/EditPublicChannelHeaders/Page_ Town Square - asdasdas Mattermost/textarea_Proje'

2019-12-20 13:25:07 - [TEST_STEP][PASSED] - setText(findTestObject("Object Repository/EditPublicChannelHeaders/Page_ Town Square - asdasdas Mattermost/textarea_Projec"), "Project"): Text 'Project' is set on object 'Object Repository/EditPublicChannelHeaders/Page_ Town Square - asdasdas Mattermost/textarea_Projec'

2019-12-20 13:25:07 - [MESSAGE][PASSED] - Text 'Project' is set on object 'Object Repository/EditPublicChannelHeaders/Page_ Town Square - asdasdas Mattermost/textarea_Projec'

2019-12-20 13:25:07 - [TEST_STEP][PASSED] - click(findTestObject("Object Repository/EditPublicChannelHeaders/Page_ Town Square - asdasdas Mattermost/button_Save")): Object: 'Object Repository/EditPublicChannelHeaders/Page_ Town Square - asdasdas Mattermost/button_Save' is clicked on

2019-12-20 13:25:08 - [MESSAGE][PASSED] - Object: 'Object Repository/EditPublicChannelHeaders/Page_ Town Square - asdasdas Mattermost/button_Save' is clicked on

2019-12-20 13:25:08 - [TEST_STEP][PASSED] - closeBrowser(): Browser is closed

2019-12-20 13:25:10 - [MESSAGE][PASSED] - Browser is closed]]></system-out>
         <system-err><![CDATA[]]></system-err>
      </testcase>
      <testcase name="Test Cases/Change Team Description" time="32.069" classname="Test Cases/Change Team Description" status="PASSED">
         <system-out><![CDATA[2019-12-20 13:25:10 - [TEST_CASE][PASSED] - Test Cases/Change Team Description: Test Cases/Change Team Description

2019-12-20 13:25:10 - [TEST_STEP][PASSED] - openBrowser(""): Browser is opened with url: ''

2019-12-20 13:25:10 - [MESSAGE][INFO] - Starting 'Firefox' driver

2019-12-20 13:25:13 - [MESSAGE][PASSED] - Browser is opened with url: ''

2019-12-20 13:25:13 - [TEST_STEP][PASSED] - navigateToUrl("https://mattermost-usecase.herokuapp.com/"): Navigate to 'https://mattermost-usecase.herokuapp.com/' successfully

2019-12-20 13:25:24 - [MESSAGE][PASSED] - Navigate to 'https://mattermost-usecase.herokuapp.com/' successfully

2019-12-20 13:25:24 - [TEST_STEP][PASSED] - setText(findTestObject("Object Repository/Change Team Description/Page_Mattermost/input_All team communication in one place s_703ef5"), "hieuminhnguyen95@gmail.com"): Text 'hieuminhnguyen95@gmail.com' is set on object 'Object Repository/Change Team Description/Page_Mattermost/input_All team communication in one place s_703ef5'

2019-12-20 13:25:31 - [MESSAGE][PASSED] - Text 'hieuminhnguyen95@gmail.com' is set on object 'Object Repository/Change Team Description/Page_Mattermost/input_All team communication in one place s_703ef5'

2019-12-20 13:25:31 - [TEST_STEP][PASSED] - setEncryptedText(findTestObject("Object Repository/Change Team Description/Page_Mattermost/input_All team communication in one place s_2f2733"), "MkITpGSjdNjAaKH8FIw/Og=="): Text ****** has been set on object 'Object Repository/Change Team Description/Page_Mattermost/input_All team communication in one place s_2f2733'

2019-12-20 13:25:32 - [MESSAGE][PASSED] - Text ****** has been set on object 'Object Repository/Change Team Description/Page_Mattermost/input_All team communication in one place s_2f2733'

2019-12-20 13:25:32 - [TEST_STEP][PASSED] - click(findTestObject("Object Repository/Change Team Description/Page_Mattermost/span_Sign in")): Object: 'Object Repository/Change Team Description/Page_Mattermost/span_Sign in' is clicked on

2019-12-20 13:25:32 - [MESSAGE][PASSED] - Object: 'Object Repository/Change Team Description/Page_Mattermost/span_Sign in' is clicked on

2019-12-20 13:25:32 - [TEST_STEP][PASSED] - click(findTestObject("Object Repository/Change Team Description/Page_Town Square - Squad Mattermost/span")): Object: 'Object Repository/Change Team Description/Page_Town Square - Squad Mattermost/span' is clicked on

2019-12-20 13:25:37 - [MESSAGE][PASSED] - Object: 'Object Repository/Change Team Description/Page_Town Square - Squad Mattermost/span' is clicked on

2019-12-20 13:25:37 - [TEST_STEP][PASSED] - click(findTestObject("Object Repository/Change Team Description/Page_Town Square - Squad Mattermost/button_Team Settings")): Object: 'Object Repository/Change Team Description/Page_Town Square - Squad Mattermost/button_Team Settings' is clicked on

2019-12-20 13:25:38 - [MESSAGE][PASSED] - Object: 'Object Repository/Change Team Description/Page_Town Square - Squad Mattermost/button_Team Settings' is clicked on

2019-12-20 13:25:38 - [TEST_STEP][PASSED] - click(findTestObject("Object Repository/Change Team Description/Page_Town Square - Squad Mattermost/span_Edit")): Object: 'Object Repository/Change Team Description/Page_Town Square - Squad Mattermost/span_Edit' is clicked on

2019-12-20 13:25:38 - [MESSAGE][PASSED] - Object: 'Object Repository/Change Team Description/Page_Town Square - Squad Mattermost/span_Edit' is clicked on

2019-12-20 13:25:38 - [TEST_STEP][PASSED] - setText(findTestObject("Object Repository/Change Team Description/Page_Town Square - Squad Mattermost/input_Team Description_teamDescription"), "description"): Text 'description' is set on object 'Object Repository/Change Team Description/Page_Town Square - Squad Mattermost/input_Team Description_teamDescription'

2019-12-20 13:25:39 - [MESSAGE][PASSED] - Text 'description' is set on object 'Object Repository/Change Team Description/Page_Town Square - Squad Mattermost/input_Team Description_teamDescription'

2019-12-20 13:25:39 - [TEST_STEP][PASSED] - click(findTestObject("Object Repository/Change Team Description/Page_Town Square - Squad Mattermost/button_Save")): Object: 'Object Repository/Change Team Description/Page_Town Square - Squad Mattermost/button_Save' is clicked on

2019-12-20 13:25:39 - [MESSAGE][PASSED] - Object: 'Object Repository/Change Team Description/Page_Town Square - Squad Mattermost/button_Save' is clicked on

2019-12-20 13:25:39 - [TEST_STEP][PASSED] - click(findTestObject("Object Repository/Change Team Description/Page_Town Square - Squad Mattermost/span_")): Object: 'Object Repository/Change Team Description/Page_Town Square - Squad Mattermost/span_' is clicked on

2019-12-20 13:25:40 - [MESSAGE][PASSED] - Object: 'Object Repository/Change Team Description/Page_Town Square - Squad Mattermost/span_' is clicked on

2019-12-20 13:25:40 - [TEST_STEP][PASSED] - closeBrowser(): Browser is closed

2019-12-20 13:25:42 - [MESSAGE][PASSED] - Browser is closed]]></system-out>
         <system-err><![CDATA[]]></system-err>
      </testcase>
      <testcase name="Test Cases/Create message on private channel" time="46.895" classname="Test Cases/Create message on private channel" status="FAILED">
         <failure type="FAILED" message="Test Cases/Create message on private channel FAILED.
Reason:
com.kms.katalon.core.exception.StepFailedException: Unable to set text 'bannnnn' of object 'Object Repository/Page_Mattermost/input_All team communication in one place s_703ef5'
	at com.kms.katalon.core.webui.keyword.internal.WebUIKeywordMain.stepFailed(WebUIKeywordMain.groovy:64)
	at com.kms.katalon.core.webui.keyword.internal.WebUIKeywordMain.runKeyword(WebUIKeywordMain.groovy:26)
	at com.kms.katalon.core.webui.keyword.builtin.SetTextKeyword.setText(SetTextKeyword.groovy:66)
	at com.kms.katalon.core.webui.keyword.builtin.SetTextKeyword.execute(SetTextKeyword.groovy:37)
	at com.kms.katalon.core.keyword.internal.KeywordExecutor.executeKeywordForPlatform(KeywordExecutor.groovy:72)
	at com.kms.katalon.core.webui.keyword.WebUiBuiltInKeywords.setText(WebUiBuiltInKeywords.groovy:950)
	at com.kms.katalon.core.webui.keyword.WebUiBuiltInKeywords$setText$1.call(Unknown Source)
	at Create message on private channel.run(Create message on private channel:21)
	at com.kms.katalon.core.main.ScriptEngine.run(ScriptEngine.java:194)
	at com.kms.katalon.core.main.ScriptEngine.runScriptAsRawText(ScriptEngine.java:119)
	at com.kms.katalon.core.main.TestCaseExecutor.runScript(TestCaseExecutor.java:337)
	at com.kms.katalon.core.main.TestCaseExecutor.doExecute(TestCaseExecutor.java:328)
	at com.kms.katalon.core.main.TestCaseExecutor.processExecutionPhase(TestCaseExecutor.java:307)
	at com.kms.katalon.core.main.TestCaseExecutor.accessMainPhase(TestCaseExecutor.java:299)
	at com.kms.katalon.core.main.TestCaseExecutor.execute(TestCaseExecutor.java:233)
	at com.kms.katalon.core.main.TestSuiteExecutor.accessTestCaseMainPhase(TestSuiteExecutor.java:169)
	at com.kms.katalon.core.main.TestSuiteExecutor.accessTestSuiteMainPhase(TestSuiteExecutor.java:142)
	at com.kms.katalon.core.main.TestSuiteExecutor.execute(TestSuiteExecutor.java:91)
	at com.kms.katalon.core.main.TestCaseMain.startTestSuite(TestCaseMain.java:157)
	at com.kms.katalon.core.main.TestCaseMain$startTestSuite$0.call(Unknown Source)
	at TempTestSuite1576822552141.run(TempTestSuite1576822552141.groovy:36)
Caused by: com.kms.katalon.core.webui.exception.WebElementNotFoundException: Web element with id: 'Object Repository/Page_Mattermost/input_All team communication in one place s_703ef5' located by 'By.xpath: //input[@id='loginId']' not found
	at com.kms.katalon.core.webui.common.WebUiCommonHelper.findWebElement(WebUiCommonHelper.java:1154)
	at com.kms.katalon.core.webui.keyword.internal.WebUIAbstractKeyword.findWebElement(WebUIAbstractKeyword.groovy:27)
	at com.kms.katalon.core.webui.keyword.internal.WebUIAbstractKeyword.findWebElement(WebUIAbstractKeyword.groovy:26)
	at com.kms.katalon.core.webui.keyword.builtin.SetTextKeyword$_setText_closure1.doCall(SetTextKeyword.groovy:51)
	at com.kms.katalon.core.webui.keyword.builtin.SetTextKeyword$_setText_closure1.call(SetTextKeyword.groovy)
	at com.kms.katalon.core.webui.keyword.internal.WebUIKeywordMain.runKeyword(WebUIKeywordMain.groovy:20)
	... 19 more
"/>
         <system-out><![CDATA[2019-12-20 13:25:42 - [TEST_CASE][FAILED] - Test Cases/Create message on private channel: Test Cases/Create message on private channel FAILED.
Reason:
com.kms.katalon.core.exception.StepFailedException: Unable to set text 'bannnnn' of object 'Object Repository/Page_Mattermost/input_All team communication in one place s_703ef5'
	at com.kms.katalon.core.webui.keyword.internal.WebUIKeywordMain.stepFailed(WebUIKeywordMain.groovy:64)
	at com.kms.katalon.core.webui.keyword.internal.WebUIKeywordMain.runKeyword(WebUIKeywordMain.groovy:26)
	at com.kms.katalon.core.webui.keyword.builtin.SetTextKeyword.setText(SetTextKeyword.groovy:66)
	at com.kms.katalon.core.webui.keyword.builtin.SetTextKeyword.execute(SetTextKeyword.groovy:37)
	at com.kms.katalon.core.keyword.internal.KeywordExecutor.executeKeywordForPlatform(KeywordExecutor.groovy:72)
	at com.kms.katalon.core.webui.keyword.WebUiBuiltInKeywords.setText(WebUiBuiltInKeywords.groovy:950)
	at com.kms.katalon.core.webui.keyword.WebUiBuiltInKeywords$setText$1.call(Unknown Source)
	at Create message on private channel.run(Create message on private channel:21)
	at com.kms.katalon.core.main.ScriptEngine.run(ScriptEngine.java:194)
	at com.kms.katalon.core.main.ScriptEngine.runScriptAsRawText(ScriptEngine.java:119)
	at com.kms.katalon.core.main.TestCaseExecutor.runScript(TestCaseExecutor.java:337)
	at com.kms.katalon.core.main.TestCaseExecutor.doExecute(TestCaseExecutor.java:328)
	at com.kms.katalon.core.main.TestCaseExecutor.processExecutionPhase(TestCaseExecutor.java:307)
	at com.kms.katalon.core.main.TestCaseExecutor.accessMainPhase(TestCaseExecutor.java:299)
	at com.kms.katalon.core.main.TestCaseExecutor.execute(TestCaseExecutor.java:233)
	at com.kms.katalon.core.main.TestSuiteExecutor.accessTestCaseMainPhase(TestSuiteExecutor.java:169)
	at com.kms.katalon.core.main.TestSuiteExecutor.accessTestSuiteMainPhase(TestSuiteExecutor.java:142)
	at com.kms.katalon.core.main.TestSuiteExecutor.execute(TestSuiteExecutor.java:91)
	at com.kms.katalon.core.main.TestCaseMain.startTestSuite(TestCaseMain.java:157)
	at com.kms.katalon.core.main.TestCaseMain$startTestSuite$0.call(Unknown Source)
	at TempTestSuite1576822552141.run(TempTestSuite1576822552141.groovy:36)
Caused by: com.kms.katalon.core.webui.exception.WebElementNotFoundException: Web element with id: 'Object Repository/Page_Mattermost/input_All team communication in one place s_703ef5' located by 'By.xpath: //input[@id='loginId']' not found
	at com.kms.katalon.core.webui.common.WebUiCommonHelper.findWebElement(WebUiCommonHelper.java:1154)
	at com.kms.katalon.core.webui.keyword.internal.WebUIAbstractKeyword.findWebElement(WebUIAbstractKeyword.groovy:27)
	at com.kms.katalon.core.webui.keyword.internal.WebUIAbstractKeyword.findWebElement(WebUIAbstractKeyword.groovy:26)
	at com.kms.katalon.core.webui.keyword.builtin.SetTextKeyword$_setText_closure1.doCall(SetTextKeyword.groovy:51)
	at com.kms.katalon.core.webui.keyword.builtin.SetTextKeyword$_setText_closure1.call(SetTextKeyword.groovy)
	at com.kms.katalon.core.webui.keyword.internal.WebUIKeywordMain.runKeyword(WebUIKeywordMain.groovy:20)
	... 19 more


2019-12-20 13:25:42 - [TEST_STEP][PASSED] - openBrowser(""): Browser is opened with url: ''

2019-12-20 13:25:42 - [MESSAGE][INFO] - Starting 'Firefox' driver

2019-12-20 13:25:45 - [MESSAGE][PASSED] - Browser is opened with url: ''

2019-12-20 13:25:45 - [TEST_STEP][FAILED] - setText(findTestObject("Page_Mattermost/input_All team communication in one place s_703ef5"), "bannnnn"): Unable to set text 'bannnnn' of object 'Object Repository/Page_Mattermost/input_All team communication in one place s_703ef5' (Root cause: com.kms.katalon.core.exception.StepFailedException: Unable to set text 'bannnnn' of object 'Object Repository/Page_Mattermost/input_All team communication in one place s_703ef5'
	at com.kms.katalon.core.webui.keyword.internal.WebUIKeywordMain.stepFailed(WebUIKeywordMain.groovy:64)
	at com.kms.katalon.core.webui.keyword.internal.WebUIKeywordMain.runKeyword(WebUIKeywordMain.groovy:26)
	at com.kms.katalon.core.webui.keyword.builtin.SetTextKeyword.setText(SetTextKeyword.groovy:66)
	at com.kms.katalon.core.webui.keyword.builtin.SetTextKeyword.execute(SetTextKeyword.groovy:37)
	at com.kms.katalon.core.keyword.internal.KeywordExecutor.executeKeywordForPlatform(KeywordExecutor.groovy:72)
	at com.kms.katalon.core.webui.keyword.WebUiBuiltInKeywords.setText(WebUiBuiltInKeywords.groovy:950)
	at com.kms.katalon.core.webui.keyword.WebUiBuiltInKeywords$setText$1.call(Unknown Source)
	at Create message on private channel.run(Create message on private channel:21)
	at com.kms.katalon.core.main.ScriptEngine.run(ScriptEngine.java:194)
	at com.kms.katalon.core.main.ScriptEngine.runScriptAsRawText(ScriptEngine.java:119)
	at com.kms.katalon.core.main.TestCaseExecutor.runScript(TestCaseExecutor.java:337)
	at com.kms.katalon.core.main.TestCaseExecutor.doExecute(TestCaseExecutor.java:328)
	at com.kms.katalon.core.main.TestCaseExecutor.processExecutionPhase(TestCaseExecutor.java:307)
	at com.kms.katalon.core.main.TestCaseExecutor.accessMainPhase(TestCaseExecutor.java:299)
	at com.kms.katalon.core.main.TestCaseExecutor.execute(TestCaseExecutor.java:233)
	at com.kms.katalon.core.main.TestSuiteExecutor.accessTestCaseMainPhase(TestSuiteExecutor.java:169)
	at com.kms.katalon.core.main.TestSuiteExecutor.accessTestSuiteMainPhase(TestSuiteExecutor.java:142)
	at com.kms.katalon.core.main.TestSuiteExecutor.execute(TestSuiteExecutor.java:91)
	at com.kms.katalon.core.main.TestCaseMain.startTestSuite(TestCaseMain.java:157)
	at com.kms.katalon.core.main.TestCaseMain$startTestSuite$0.call(Unknown Source)
	at TempTestSuite1576822552141.run(TempTestSuite1576822552141.groovy:36)
Caused by: com.kms.katalon.core.webui.exception.WebElementNotFoundException: Web element with id: 'Object Repository/Page_Mattermost/input_All team communication in one place s_703ef5' located by 'By.xpath: //input[@id='loginId']' not found
	at com.kms.katalon.core.webui.common.WebUiCommonHelper.findWebElement(WebUiCommonHelper.java:1154)
	at com.kms.katalon.core.webui.keyword.internal.WebUIAbstractKeyword.findWebElement(WebUIAbstractKeyword.groovy:27)
	at com.kms.katalon.core.webui.keyword.internal.WebUIAbstractKeyword.findWebElement(WebUIAbstractKeyword.groovy:26)
	at com.kms.katalon.core.webui.keyword.builtin.SetTextKeyword$_setText_closure1.doCall(SetTextKeyword.groovy:51)
	at com.kms.katalon.core.webui.keyword.builtin.SetTextKeyword$_setText_closure1.call(SetTextKeyword.groovy)
	at com.kms.katalon.core.webui.keyword.internal.WebUIKeywordMain.runKeyword(WebUIKeywordMain.groovy:20)
	at com.kms.katalon.core.webui.keyword.builtin.SetTextKeyword.setText(SetTextKeyword.groovy:66)
	at com.kms.katalon.core.webui.keyword.builtin.SetTextKeyword.execute(SetTextKeyword.groovy:37)
	at com.kms.katalon.core.keyword.internal.KeywordExecutor.executeKeywordForPlatform(KeywordExecutor.groovy:72)
	at com.kms.katalon.core.webui.keyword.WebUiBuiltInKeywords.setText(WebUiBuiltInKeywords.groovy:950)
	at com.kms.katalon.core.webui.keyword.WebUiBuiltInKeywords$setText$1.call(Unknown Source)
	at Script1576742333620.run(Script1576742333620.groovy:21)
	... 13 more
)

2019-12-20 13:26:28 - [MESSAGE][INFO] - Unable to find the element located by 'By.xpath: //input[@id='loginId']'. Please recheck the objects properties to make sure the desired element is located. 

2019-12-20 13:26:29 - [MESSAGE][FAILED] - Unable to set text 'bannnnn' of object 'Object Repository/Page_Mattermost/input_All team communication in one place s_703ef5' (Root cause: com.kms.katalon.core.exception.StepFailedException: Unable to set text 'bannnnn' of object 'Object Repository/Page_Mattermost/input_All team communication in one place s_703ef5'
	at com.kms.katalon.core.webui.keyword.internal.WebUIKeywordMain.stepFailed(WebUIKeywordMain.groovy:64)
	at com.kms.katalon.core.webui.keyword.internal.WebUIKeywordMain.runKeyword(WebUIKeywordMain.groovy:26)
	at com.kms.katalon.core.webui.keyword.builtin.SetTextKeyword.setText(SetTextKeyword.groovy:66)
	at com.kms.katalon.core.webui.keyword.builtin.SetTextKeyword.execute(SetTextKeyword.groovy:37)
	at com.kms.katalon.core.keyword.internal.KeywordExecutor.executeKeywordForPlatform(KeywordExecutor.groovy:72)
	at com.kms.katalon.core.webui.keyword.WebUiBuiltInKeywords.setText(WebUiBuiltInKeywords.groovy:950)
	at com.kms.katalon.core.webui.keyword.WebUiBuiltInKeywords$setText$1.call(Unknown Source)
	at Create message on private channel.run(Create message on private channel:21)
	at com.kms.katalon.core.main.ScriptEngine.run(ScriptEngine.java:194)
	at com.kms.katalon.core.main.ScriptEngine.runScriptAsRawText(ScriptEngine.java:119)
	at com.kms.katalon.core.main.TestCaseExecutor.runScript(TestCaseExecutor.java:337)
	at com.kms.katalon.core.main.TestCaseExecutor.doExecute(TestCaseExecutor.java:328)
	at com.kms.katalon.core.main.TestCaseExecutor.processExecutionPhase(TestCaseExecutor.java:307)
	at com.kms.katalon.core.main.TestCaseExecutor.accessMainPhase(TestCaseExecutor.java:299)
	at com.kms.katalon.core.main.TestCaseExecutor.execute(TestCaseExecutor.java:233)
	at com.kms.katalon.core.main.TestSuiteExecutor.accessTestCaseMainPhase(TestSuiteExecutor.java:169)
	at com.kms.katalon.core.main.TestSuiteExecutor.accessTestSuiteMainPhase(TestSuiteExecutor.java:142)
	at com.kms.katalon.core.main.TestSuiteExecutor.execute(TestSuiteExecutor.java:91)
	at com.kms.katalon.core.main.TestCaseMain.startTestSuite(TestCaseMain.java:157)
	at com.kms.katalon.core.main.TestCaseMain$startTestSuite$0.call(Unknown Source)
	at TempTestSuite1576822552141.run(TempTestSuite1576822552141.groovy:36)
Caused by: com.kms.katalon.core.webui.exception.WebElementNotFoundException: Web element with id: 'Object Repository/Page_Mattermost/input_All team communication in one place s_703ef5' located by 'By.xpath: //input[@id='loginId']' not found
	at com.kms.katalon.core.webui.common.WebUiCommonHelper.findWebElement(WebUiCommonHelper.java:1154)
	at com.kms.katalon.core.webui.keyword.internal.WebUIAbstractKeyword.findWebElement(WebUIAbstractKeyword.groovy:27)
	at com.kms.katalon.core.webui.keyword.internal.WebUIAbstractKeyword.findWebElement(WebUIAbstractKeyword.groovy:26)
	at com.kms.katalon.core.webui.keyword.builtin.SetTextKeyword$_setText_closure1.doCall(SetTextKeyword.groovy:51)
	at com.kms.katalon.core.webui.keyword.builtin.SetTextKeyword$_setText_closure1.call(SetTextKeyword.groovy)
	at com.kms.katalon.core.webui.keyword.internal.WebUIKeywordMain.runKeyword(WebUIKeywordMain.groovy:20)
	at com.kms.katalon.core.webui.keyword.builtin.SetTextKeyword.setText(SetTextKeyword.groovy:66)
	at com.kms.katalon.core.webui.keyword.builtin.SetTextKeyword.execute(SetTextKeyword.groovy:37)
	at com.kms.katalon.core.keyword.internal.KeywordExecutor.executeKeywordForPlatform(KeywordExecutor.groovy:72)
	at com.kms.katalon.core.webui.keyword.WebUiBuiltInKeywords.setText(WebUiBuiltInKeywords.groovy:950)
	at com.kms.katalon.core.webui.keyword.WebUiBuiltInKeywords$setText$1.call(Unknown Source)
	at Script1576742333620.run(Script1576742333620.groovy:21)
	... 13 more
)
[[ATTACHMENT|/Users/apple/Desktop/Stduy/katalon-mattermost/dsds/Reports/20191220_131552/Run all test cases/20191220_131552/1576823188992.png]]]]></system-out>
         <system-err><![CDATA[2019-12-20 13:25:42 - [TEST_CASE][FAILED] - Test Cases/Create message on private channel: Test Cases/Create message on private channel FAILED.
Reason:
com.kms.katalon.core.exception.StepFailedException: Unable to set text 'bannnnn' of object 'Object Repository/Page_Mattermost/input_All team communication in one place s_703ef5'
	at com.kms.katalon.core.webui.keyword.internal.WebUIKeywordMain.stepFailed(WebUIKeywordMain.groovy:64)
	at com.kms.katalon.core.webui.keyword.internal.WebUIKeywordMain.runKeyword(WebUIKeywordMain.groovy:26)
	at com.kms.katalon.core.webui.keyword.builtin.SetTextKeyword.setText(SetTextKeyword.groovy:66)
	at com.kms.katalon.core.webui.keyword.builtin.SetTextKeyword.execute(SetTextKeyword.groovy:37)
	at com.kms.katalon.core.keyword.internal.KeywordExecutor.executeKeywordForPlatform(KeywordExecutor.groovy:72)
	at com.kms.katalon.core.webui.keyword.WebUiBuiltInKeywords.setText(WebUiBuiltInKeywords.groovy:950)
	at com.kms.katalon.core.webui.keyword.WebUiBuiltInKeywords$setText$1.call(Unknown Source)
	at Create message on private channel.run(Create message on private channel:21)
	at com.kms.katalon.core.main.ScriptEngine.run(ScriptEngine.java:194)
	at com.kms.katalon.core.main.ScriptEngine.runScriptAsRawText(ScriptEngine.java:119)
	at com.kms.katalon.core.main.TestCaseExecutor.runScript(TestCaseExecutor.java:337)
	at com.kms.katalon.core.main.TestCaseExecutor.doExecute(TestCaseExecutor.java:328)
	at com.kms.katalon.core.main.TestCaseExecutor.processExecutionPhase(TestCaseExecutor.java:307)
	at com.kms.katalon.core.main.TestCaseExecutor.accessMainPhase(TestCaseExecutor.java:299)
	at com.kms.katalon.core.main.TestCaseExecutor.execute(TestCaseExecutor.java:233)
	at com.kms.katalon.core.main.TestSuiteExecutor.accessTestCaseMainPhase(TestSuiteExecutor.java:169)
	at com.kms.katalon.core.main.TestSuiteExecutor.accessTestSuiteMainPhase(TestSuiteExecutor.java:142)
	at com.kms.katalon.core.main.TestSuiteExecutor.execute(TestSuiteExecutor.java:91)
	at com.kms.katalon.core.main.TestCaseMain.startTestSuite(TestCaseMain.java:157)
	at com.kms.katalon.core.main.TestCaseMain$startTestSuite$0.call(Unknown Source)
	at TempTestSuite1576822552141.run(TempTestSuite1576822552141.groovy:36)
Caused by: com.kms.katalon.core.webui.exception.WebElementNotFoundException: Web element with id: 'Object Repository/Page_Mattermost/input_All team communication in one place s_703ef5' located by 'By.xpath: //input[@id='loginId']' not found
	at com.kms.katalon.core.webui.common.WebUiCommonHelper.findWebElement(WebUiCommonHelper.java:1154)
	at com.kms.katalon.core.webui.keyword.internal.WebUIAbstractKeyword.findWebElement(WebUIAbstractKeyword.groovy:27)
	at com.kms.katalon.core.webui.keyword.internal.WebUIAbstractKeyword.findWebElement(WebUIAbstractKeyword.groovy:26)
	at com.kms.katalon.core.webui.keyword.builtin.SetTextKeyword$_setText_closure1.doCall(SetTextKeyword.groovy:51)
	at com.kms.katalon.core.webui.keyword.builtin.SetTextKeyword$_setText_closure1.call(SetTextKeyword.groovy)
	at com.kms.katalon.core.webui.keyword.internal.WebUIKeywordMain.runKeyword(WebUIKeywordMain.groovy:20)
	... 19 more]]></system-err>
      </testcase>
      <testcase name="Test Cases/Tag public member in private channel" time="32.639" classname="Test Cases/Tag public member in private channel" status="PASSED">
         <system-out><![CDATA[2019-12-20 13:26:29 - [TEST_CASE][PASSED] - Test Cases/Tag public member in private channel: Test Cases/Tag public member in private channel

2019-12-20 13:26:29 - [TEST_STEP][PASSED] - openBrowser(""): Browser is opened with url: ''

2019-12-20 13:26:29 - [MESSAGE][WARNING] - A browser is already opened. Closing browser and opening a new one

2019-12-20 13:26:30 - [MESSAGE][INFO] - Starting 'Firefox' driver

2019-12-20 13:26:34 - [MESSAGE][PASSED] - Browser is opened with url: ''

2019-12-20 13:26:34 - [TEST_STEP][PASSED] - navigateToUrl("https://mattermost-usecase.herokuapp.com"): Navigate to 'https://mattermost-usecase.herokuapp.com' successfully

2019-12-20 13:26:44 - [MESSAGE][PASSED] - Navigate to 'https://mattermost-usecase.herokuapp.com' successfully

2019-12-20 13:26:44 - [TEST_STEP][PASSED] - setText(findTestObject("Object Repository/Private channel/Tag public member into private channel/Page_Mattermost/input_All team communication in one place s_703ef5"), "bannnnn"): Text 'bannnnn' is set on object 'Object Repository/Private channel/Tag public member into private channel/Page_Mattermost/input_All team communication in one place s_703ef5'

2019-12-20 13:26:50 - [MESSAGE][PASSED] - Text 'bannnnn' is set on object 'Object Repository/Private channel/Tag public member into private channel/Page_Mattermost/input_All team communication in one place s_703ef5'

2019-12-20 13:26:50 - [TEST_STEP][PASSED] - setEncryptedText(findTestObject("Object Repository/Private channel/Tag public member into private channel/Page_Mattermost/input_All team communication in one place s_2f2733"), "6M8jdlTs8n6rOnocPaG5Cw=="): Text ****** has been set on object 'Object Repository/Private channel/Tag public member into private channel/Page_Mattermost/input_All team communication in one place s_2f2733'

2019-12-20 13:26:51 - [MESSAGE][PASSED] - Text ****** has been set on object 'Object Repository/Private channel/Tag public member into private channel/Page_Mattermost/input_All team communication in one place s_2f2733'

2019-12-20 13:26:51 - [TEST_STEP][PASSED] - click(findTestObject("Object Repository/Private channel/Tag public member into private channel/Page_Mattermost/span_Sign in")): Object: 'Object Repository/Private channel/Tag public member into private channel/Page_Mattermost/span_Sign in' is clicked on

2019-12-20 13:26:52 - [MESSAGE][PASSED] - Object: 'Object Repository/Private channel/Tag public member into private channel/Page_Mattermost/span_Sign in' is clicked on

2019-12-20 13:26:52 - [TEST_STEP][PASSED] - click(findTestObject("Object Repository/Private channel/Tag public member into private channel/Page_Town Square - test-case Mattermost/span_Test create private channel")): Object: 'Object Repository/Private channel/Tag public member into private channel/Page_Town Square - test-case Mattermost/span_Test create private channel' is clicked on

2019-12-20 13:26:55 - [MESSAGE][PASSED] - Object: 'Object Repository/Private channel/Tag public member into private channel/Page_Town Square - test-case Mattermost/span_Test create private channel' is clicked on

2019-12-20 13:26:55 - [TEST_STEP][PASSED] - setText(findTestObject("Object Repository/Private channel/Tag public member into private channel/Page_Test create private channel - test-cas_2f9e36/textarea_Write to Test create private chann_a08f9f"), "@"): Text '@' is set on object 'Object Repository/Private channel/Tag public member into private channel/Page_Test create private channel - test-cas_2f9e36/textarea_Write to Test create private chann_a08f9f'

2019-12-20 13:26:57 - [MESSAGE][PASSED] - Text '@' is set on object 'Object Repository/Private channel/Tag public member into private channel/Page_Test create private channel - test-cas_2f9e36/textarea_Write to Test create private chann_a08f9f'

2019-12-20 13:26:57 - [TEST_STEP][PASSED] - click(findTestObject("Object Repository/Private channel/Tag public member into private channel/Page_Test create private channel - test-cas_2f9e36/div_h13uct")): Object: 'Object Repository/Private channel/Tag public member into private channel/Page_Test create private channel - test-cas_2f9e36/div_h13uct' is clicked on

2019-12-20 13:26:58 - [MESSAGE][PASSED] - Object: 'Object Repository/Private channel/Tag public member into private channel/Page_Test create private channel - test-cas_2f9e36/div_h13uct' is clicked on

2019-12-20 13:26:58 - [TEST_STEP][PASSED] - closeBrowser(): Browser is closed

2019-12-20 13:27:01 - [MESSAGE][PASSED] - Browser is closed]]></system-out>
         <system-err><![CDATA[]]></system-err>
      </testcase>
      <testcase name="Test Cases/Tag private member in private channel" time="75.816" classname="Test Cases/Tag private member in private channel" status="FAILED">
         <failure type="FAILED" message="Test Cases/Tag private member in private channel FAILED.
Reason:
com.kms.katalon.core.exception.StepFailedException: Unable to click on object 'Object Repository/Page_Test create private channel - test-cas_2f9e36/span_- new name (NAme)'
	at com.kms.katalon.core.webui.keyword.internal.WebUIKeywordMain.stepFailed(WebUIKeywordMain.groovy:64)
	at com.kms.katalon.core.webui.keyword.internal.WebUIKeywordMain.runKeyword(WebUIKeywordMain.groovy:26)
	at com.kms.katalon.core.webui.keyword.builtin.ClickKeyword.click(ClickKeyword.groovy:102)
	at com.kms.katalon.core.webui.keyword.builtin.ClickKeyword.execute(ClickKeyword.groovy:43)
	at com.kms.katalon.core.keyword.internal.KeywordExecutor.executeKeywordForPlatform(KeywordExecutor.groovy:72)
	at com.kms.katalon.core.webui.keyword.WebUiBuiltInKeywords.click(WebUiBuiltInKeywords.groovy:616)
	at com.kms.katalon.core.webui.keyword.WebUiBuiltInKeywords$click$3.call(Unknown Source)
	at Tag private member in private channel.run(Tag private member in private channel:45)
	at com.kms.katalon.core.main.ScriptEngine.run(ScriptEngine.java:194)
	at com.kms.katalon.core.main.ScriptEngine.runScriptAsRawText(ScriptEngine.java:119)
	at com.kms.katalon.core.main.TestCaseExecutor.runScript(TestCaseExecutor.java:337)
	at com.kms.katalon.core.main.TestCaseExecutor.doExecute(TestCaseExecutor.java:328)
	at com.kms.katalon.core.main.TestCaseExecutor.processExecutionPhase(TestCaseExecutor.java:307)
	at com.kms.katalon.core.main.TestCaseExecutor.accessMainPhase(TestCaseExecutor.java:299)
	at com.kms.katalon.core.main.TestCaseExecutor.execute(TestCaseExecutor.java:233)
	at com.kms.katalon.core.main.TestSuiteExecutor.accessTestCaseMainPhase(TestSuiteExecutor.java:169)
	at com.kms.katalon.core.main.TestSuiteExecutor.accessTestSuiteMainPhase(TestSuiteExecutor.java:142)
	at com.kms.katalon.core.main.TestSuiteExecutor.execute(TestSuiteExecutor.java:91)
	at com.kms.katalon.core.main.TestCaseMain.startTestSuite(TestCaseMain.java:157)
	at com.kms.katalon.core.main.TestCaseMain$startTestSuite$0.call(Unknown Source)
	at TempTestSuite1576822552141.run(TempTestSuite1576822552141.groovy:36)
Caused by: com.kms.katalon.core.webui.exception.WebElementNotFoundException: Web element with id: 'Object Repository/Page_Test create private channel - test-cas_2f9e36/span_- new name (NAme)' located by 'By.xpath: //div[@id='suggestionList']/div[2]/span[2]' not found
	at com.kms.katalon.core.webui.common.WebUiCommonHelper.findWebElement(WebUiCommonHelper.java:1154)
	at com.kms.katalon.core.webui.keyword.internal.WebUIAbstractKeyword.findWebElement(WebUIAbstractKeyword.groovy:27)
	at com.kms.katalon.core.webui.keyword.internal.WebUIAbstractKeyword.findWebElement(WebUIAbstractKeyword.groovy:26)
	at com.kms.katalon.core.webui.keyword.builtin.ClickKeyword$_click_closure1.doCall(ClickKeyword.groovy:67)
	at com.kms.katalon.core.webui.keyword.builtin.ClickKeyword$_click_closure1.call(ClickKeyword.groovy)
	at com.kms.katalon.core.webui.keyword.internal.WebUIKeywordMain.runKeyword(WebUIKeywordMain.groovy:20)
	... 19 more
"/>
         <system-out><![CDATA[2019-12-20 13:27:01 - [TEST_CASE][FAILED] - Test Cases/Tag private member in private channel: Test Cases/Tag private member in private channel FAILED.
Reason:
com.kms.katalon.core.exception.StepFailedException: Unable to click on object 'Object Repository/Page_Test create private channel - test-cas_2f9e36/span_- new name (NAme)'
	at com.kms.katalon.core.webui.keyword.internal.WebUIKeywordMain.stepFailed(WebUIKeywordMain.groovy:64)
	at com.kms.katalon.core.webui.keyword.internal.WebUIKeywordMain.runKeyword(WebUIKeywordMain.groovy:26)
	at com.kms.katalon.core.webui.keyword.builtin.ClickKeyword.click(ClickKeyword.groovy:102)
	at com.kms.katalon.core.webui.keyword.builtin.ClickKeyword.execute(ClickKeyword.groovy:43)
	at com.kms.katalon.core.keyword.internal.KeywordExecutor.executeKeywordForPlatform(KeywordExecutor.groovy:72)
	at com.kms.katalon.core.webui.keyword.WebUiBuiltInKeywords.click(WebUiBuiltInKeywords.groovy:616)
	at com.kms.katalon.core.webui.keyword.WebUiBuiltInKeywords$click$3.call(Unknown Source)
	at Tag private member in private channel.run(Tag private member in private channel:45)
	at com.kms.katalon.core.main.ScriptEngine.run(ScriptEngine.java:194)
	at com.kms.katalon.core.main.ScriptEngine.runScriptAsRawText(ScriptEngine.java:119)
	at com.kms.katalon.core.main.TestCaseExecutor.runScript(TestCaseExecutor.java:337)
	at com.kms.katalon.core.main.TestCaseExecutor.doExecute(TestCaseExecutor.java:328)
	at com.kms.katalon.core.main.TestCaseExecutor.processExecutionPhase(TestCaseExecutor.java:307)
	at com.kms.katalon.core.main.TestCaseExecutor.accessMainPhase(TestCaseExecutor.java:299)
	at com.kms.katalon.core.main.TestCaseExecutor.execute(TestCaseExecutor.java:233)
	at com.kms.katalon.core.main.TestSuiteExecutor.accessTestCaseMainPhase(TestSuiteExecutor.java:169)
	at com.kms.katalon.core.main.TestSuiteExecutor.accessTestSuiteMainPhase(TestSuiteExecutor.java:142)
	at com.kms.katalon.core.main.TestSuiteExecutor.execute(TestSuiteExecutor.java:91)
	at com.kms.katalon.core.main.TestCaseMain.startTestSuite(TestCaseMain.java:157)
	at com.kms.katalon.core.main.TestCaseMain$startTestSuite$0.call(Unknown Source)
	at TempTestSuite1576822552141.run(TempTestSuite1576822552141.groovy:36)
Caused by: com.kms.katalon.core.webui.exception.WebElementNotFoundException: Web element with id: 'Object Repository/Page_Test create private channel - test-cas_2f9e36/span_- new name (NAme)' located by 'By.xpath: //div[@id='suggestionList']/div[2]/span[2]' not found
	at com.kms.katalon.core.webui.common.WebUiCommonHelper.findWebElement(WebUiCommonHelper.java:1154)
	at com.kms.katalon.core.webui.keyword.internal.WebUIAbstractKeyword.findWebElement(WebUIAbstractKeyword.groovy:27)
	at com.kms.katalon.core.webui.keyword.internal.WebUIAbstractKeyword.findWebElement(WebUIAbstractKeyword.groovy:26)
	at com.kms.katalon.core.webui.keyword.builtin.ClickKeyword$_click_closure1.doCall(ClickKeyword.groovy:67)
	at com.kms.katalon.core.webui.keyword.builtin.ClickKeyword$_click_closure1.call(ClickKeyword.groovy)
	at com.kms.katalon.core.webui.keyword.internal.WebUIKeywordMain.runKeyword(WebUIKeywordMain.groovy:20)
	... 19 more


2019-12-20 13:27:02 - [TEST_STEP][PASSED] - openBrowser(""): Browser is opened with url: ''

2019-12-20 13:27:02 - [MESSAGE][INFO] - Starting 'Firefox' driver

2019-12-20 13:27:05 - [MESSAGE][PASSED] - Browser is opened with url: ''

2019-12-20 13:27:05 - [TEST_STEP][PASSED] - navigateToUrl("https://mattermost-usecase.herokuapp.com"): Navigate to 'https://mattermost-usecase.herokuapp.com' successfully

2019-12-20 13:27:16 - [MESSAGE][PASSED] - Navigate to 'https://mattermost-usecase.herokuapp.com' successfully

2019-12-20 13:27:16 - [TEST_STEP][PASSED] - setText(findTestObject("Object Repository/Page_Mattermost/input_All team communication in one place s_703ef5"), "bannnnn"): Text 'bannnnn' is set on object 'Object Repository/Page_Mattermost/input_All team communication in one place s_703ef5'

2019-12-20 13:27:21 - [MESSAGE][PASSED] - Text 'bannnnn' is set on object 'Object Repository/Page_Mattermost/input_All team communication in one place s_703ef5'

2019-12-20 13:27:21 - [TEST_STEP][PASSED] - setEncryptedText(findTestObject("Object Repository/Page_Mattermost/input_All team communication in one place s_2f2733"), "6M8jdlTs8n6rOnocPaG5Cw=="): Text ****** has been set on object 'Object Repository/Page_Mattermost/input_All team communication in one place s_2f2733'

2019-12-20 13:27:22 - [MESSAGE][PASSED] - Text ****** has been set on object 'Object Repository/Page_Mattermost/input_All team communication in one place s_2f2733'

2019-12-20 13:27:22 - [TEST_STEP][PASSED] - click(findTestObject("Object Repository/Page_Mattermost/span_Sign in")): Object: 'Object Repository/Page_Mattermost/span_Sign in' is clicked on

2019-12-20 13:27:22 - [MESSAGE][PASSED] - Object: 'Object Repository/Page_Mattermost/span_Sign in' is clicked on

2019-12-20 13:27:22 - [TEST_STEP][PASSED] - click(findTestObject("Object Repository/Page_Town Square - test-case Mattermost/span_Test create private channel")): Object: 'Object Repository/Page_Town Square - test-case Mattermost/span_Test create private channel' is clicked on

2019-12-20 13:27:27 - [MESSAGE][PASSED] - Object: 'Object Repository/Page_Town Square - test-case Mattermost/span_Test create private channel' is clicked on

2019-12-20 13:27:27 - [TEST_STEP][PASSED] - click(findTestObject("Object Repository/Page_Test create private channel - test-cas_2f9e36/span_Invite others to this private channel")): Object: 'Object Repository/Page_Test create private channel - test-cas_2f9e36/span_Invite others to this private channel' is clicked on

2019-12-20 13:27:28 - [MESSAGE][PASSED] - Object: 'Object Repository/Page_Test create private channel - test-cas_2f9e36/span_Invite others to this private channel' is clicked on

2019-12-20 13:27:28 - [TEST_STEP][PASSED] - click(findTestObject("Object Repository/Page_Test create private channel - test-cas_2f9e36/div_h13uct")): Object: 'Object Repository/Page_Test create private channel - test-cas_2f9e36/div_h13uct' is clicked on

2019-12-20 13:27:29 - [MESSAGE][PASSED] - Object: 'Object Repository/Page_Test create private channel - test-cas_2f9e36/div_h13uct' is clicked on

2019-12-20 13:27:29 - [TEST_STEP][PASSED] - click(findTestObject("Object Repository/Page_Test create private channel - test-cas_2f9e36/button_Add")): Object: 'Object Repository/Page_Test create private channel - test-cas_2f9e36/button_Add' is clicked on

2019-12-20 13:27:30 - [MESSAGE][PASSED] - Object: 'Object Repository/Page_Test create private channel - test-cas_2f9e36/button_Add' is clicked on

2019-12-20 13:27:30 - [TEST_STEP][PASSED] - setText(findTestObject("Object Repository/Page_Test create private channel - test-cas_2f9e36/textarea_Write to Test create private chann_a08f9f"), "@"): Text '@' is set on object 'Object Repository/Page_Test create private channel - test-cas_2f9e36/textarea_Write to Test create private chann_a08f9f'

2019-12-20 13:27:31 - [MESSAGE][PASSED] - Text '@' is set on object 'Object Repository/Page_Test create private channel - test-cas_2f9e36/textarea_Write to Test create private chann_a08f9f'

2019-12-20 13:27:31 - [TEST_STEP][PASSED] - setText(findTestObject("Object Repository/Page_Test create private channel - test-cas_2f9e36/textarea_"), "@h"): Text '@h' is set on object 'Object Repository/Page_Test create private channel - test-cas_2f9e36/textarea_'

2019-12-20 13:27:32 - [MESSAGE][PASSED] - Text '@h' is set on object 'Object Repository/Page_Test create private channel - test-cas_2f9e36/textarea_'

2019-12-20 13:27:32 - [TEST_STEP][PASSED] - setText(findTestObject("Object Repository/Page_Test create private channel - test-cas_2f9e36/textarea_h"), "@hi"): Text '@hi' is set on object 'Object Repository/Page_Test create private channel - test-cas_2f9e36/textarea_h'

2019-12-20 13:27:33 - [MESSAGE][PASSED] - Text '@hi' is set on object 'Object Repository/Page_Test create private channel - test-cas_2f9e36/textarea_h'

2019-12-20 13:27:33 - [TEST_STEP][FAILED] - click(findTestObject("Object Repository/Page_Test create private channel - test-cas_2f9e36/span_- new name (NAme)")): Unable to click on object 'Object Repository/Page_Test create private channel - test-cas_2f9e36/span_- new name (NAme)' (Root cause: com.kms.katalon.core.exception.StepFailedException: Unable to click on object 'Object Repository/Page_Test create private channel - test-cas_2f9e36/span_- new name (NAme)'
	at com.kms.katalon.core.webui.keyword.internal.WebUIKeywordMain.stepFailed(WebUIKeywordMain.groovy:64)
	at com.kms.katalon.core.webui.keyword.internal.WebUIKeywordMain.runKeyword(WebUIKeywordMain.groovy:26)
	at com.kms.katalon.core.webui.keyword.builtin.ClickKeyword.click(ClickKeyword.groovy:102)
	at com.kms.katalon.core.webui.keyword.builtin.ClickKeyword.execute(ClickKeyword.groovy:43)
	at com.kms.katalon.core.keyword.internal.KeywordExecutor.executeKeywordForPlatform(KeywordExecutor.groovy:72)
	at com.kms.katalon.core.webui.keyword.WebUiBuiltInKeywords.click(WebUiBuiltInKeywords.groovy:616)
	at com.kms.katalon.core.webui.keyword.WebUiBuiltInKeywords$click$3.call(Unknown Source)
	at Tag private member in private channel.run(Tag private member in private channel:45)
	at com.kms.katalon.core.main.ScriptEngine.run(ScriptEngine.java:194)
	at com.kms.katalon.core.main.ScriptEngine.runScriptAsRawText(ScriptEngine.java:119)
	at com.kms.katalon.core.main.TestCaseExecutor.runScript(TestCaseExecutor.java:337)
	at com.kms.katalon.core.main.TestCaseExecutor.doExecute(TestCaseExecutor.java:328)
	at com.kms.katalon.core.main.TestCaseExecutor.processExecutionPhase(TestCaseExecutor.java:307)
	at com.kms.katalon.core.main.TestCaseExecutor.accessMainPhase(TestCaseExecutor.java:299)
	at com.kms.katalon.core.main.TestCaseExecutor.execute(TestCaseExecutor.java:233)
	at com.kms.katalon.core.main.TestSuiteExecutor.accessTestCaseMainPhase(TestSuiteExecutor.java:169)
	at com.kms.katalon.core.main.TestSuiteExecutor.accessTestSuiteMainPhase(TestSuiteExecutor.java:142)
	at com.kms.katalon.core.main.TestSuiteExecutor.execute(TestSuiteExecutor.java:91)
	at com.kms.katalon.core.main.TestCaseMain.startTestSuite(TestCaseMain.java:157)
	at com.kms.katalon.core.main.TestCaseMain$startTestSuite$0.call(Unknown Source)
	at TempTestSuite1576822552141.run(TempTestSuite1576822552141.groovy:36)
Caused by: com.kms.katalon.core.webui.exception.WebElementNotFoundException: Web element with id: 'Object Repository/Page_Test create private channel - test-cas_2f9e36/span_- new name (NAme)' located by 'By.xpath: //div[@id='suggestionList']/div[2]/span[2]' not found
	at com.kms.katalon.core.webui.common.WebUiCommonHelper.findWebElement(WebUiCommonHelper.java:1154)
	at com.kms.katalon.core.webui.keyword.internal.WebUIAbstractKeyword.findWebElement(WebUIAbstractKeyword.groovy:27)
	at com.kms.katalon.core.webui.keyword.internal.WebUIAbstractKeyword.findWebElement(WebUIAbstractKeyword.groovy:26)
	at com.kms.katalon.core.webui.keyword.builtin.ClickKeyword$_click_closure1.doCall(ClickKeyword.groovy:67)
	at com.kms.katalon.core.webui.keyword.builtin.ClickKeyword$_click_closure1.call(ClickKeyword.groovy)
	at com.kms.katalon.core.webui.keyword.internal.WebUIKeywordMain.runKeyword(WebUIKeywordMain.groovy:20)
	at com.kms.katalon.core.webui.keyword.builtin.ClickKeyword.click(ClickKeyword.groovy:102)
	at com.kms.katalon.core.webui.keyword.builtin.ClickKeyword.execute(ClickKeyword.groovy:43)
	at com.kms.katalon.core.keyword.internal.KeywordExecutor.executeKeywordForPlatform(KeywordExecutor.groovy:72)
	at com.kms.katalon.core.webui.keyword.WebUiBuiltInKeywords.click(WebUiBuiltInKeywords.groovy:616)
	at com.kms.katalon.core.webui.keyword.WebUiBuiltInKeywords$click$3.call(Unknown Source)
	at Script1576742697695.run(Script1576742697695.groovy:45)
	... 13 more
)

2019-12-20 13:28:17 - [MESSAGE][INFO] - Unable to find the element located by 'By.xpath: //div[@id='suggestionList']/div[2]/span[2]'. Please recheck the objects properties to make sure the desired element is located. 

2019-12-20 13:28:17 - [MESSAGE][FAILED] - Unable to click on object 'Object Repository/Page_Test create private channel - test-cas_2f9e36/span_- new name (NAme)' (Root cause: com.kms.katalon.core.exception.StepFailedException: Unable to click on object 'Object Repository/Page_Test create private channel - test-cas_2f9e36/span_- new name (NAme)'
	at com.kms.katalon.core.webui.keyword.internal.WebUIKeywordMain.stepFailed(WebUIKeywordMain.groovy:64)
	at com.kms.katalon.core.webui.keyword.internal.WebUIKeywordMain.runKeyword(WebUIKeywordMain.groovy:26)
	at com.kms.katalon.core.webui.keyword.builtin.ClickKeyword.click(ClickKeyword.groovy:102)
	at com.kms.katalon.core.webui.keyword.builtin.ClickKeyword.execute(ClickKeyword.groovy:43)
	at com.kms.katalon.core.keyword.internal.KeywordExecutor.executeKeywordForPlatform(KeywordExecutor.groovy:72)
	at com.kms.katalon.core.webui.keyword.WebUiBuiltInKeywords.click(WebUiBuiltInKeywords.groovy:616)
	at com.kms.katalon.core.webui.keyword.WebUiBuiltInKeywords$click$3.call(Unknown Source)
	at Tag private member in private channel.run(Tag private member in private channel:45)
	at com.kms.katalon.core.main.ScriptEngine.run(ScriptEngine.java:194)
	at com.kms.katalon.core.main.ScriptEngine.runScriptAsRawText(ScriptEngine.java:119)
	at com.kms.katalon.core.main.TestCaseExecutor.runScript(TestCaseExecutor.java:337)
	at com.kms.katalon.core.main.TestCaseExecutor.doExecute(TestCaseExecutor.java:328)
	at com.kms.katalon.core.main.TestCaseExecutor.processExecutionPhase(TestCaseExecutor.java:307)
	at com.kms.katalon.core.main.TestCaseExecutor.accessMainPhase(TestCaseExecutor.java:299)
	at com.kms.katalon.core.main.TestCaseExecutor.execute(TestCaseExecutor.java:233)
	at com.kms.katalon.core.main.TestSuiteExecutor.accessTestCaseMainPhase(TestSuiteExecutor.java:169)
	at com.kms.katalon.core.main.TestSuiteExecutor.accessTestSuiteMainPhase(TestSuiteExecutor.java:142)
	at com.kms.katalon.core.main.TestSuiteExecutor.execute(TestSuiteExecutor.java:91)
	at com.kms.katalon.core.main.TestCaseMain.startTestSuite(TestCaseMain.java:157)
	at com.kms.katalon.core.main.TestCaseMain$startTestSuite$0.call(Unknown Source)
	at TempTestSuite1576822552141.run(TempTestSuite1576822552141.groovy:36)
Caused by: com.kms.katalon.core.webui.exception.WebElementNotFoundException: Web element with id: 'Object Repository/Page_Test create private channel - test-cas_2f9e36/span_- new name (NAme)' located by 'By.xpath: //div[@id='suggestionList']/div[2]/span[2]' not found
	at com.kms.katalon.core.webui.common.WebUiCommonHelper.findWebElement(WebUiCommonHelper.java:1154)
	at com.kms.katalon.core.webui.keyword.internal.WebUIAbstractKeyword.findWebElement(WebUIAbstractKeyword.groovy:27)
	at com.kms.katalon.core.webui.keyword.internal.WebUIAbstractKeyword.findWebElement(WebUIAbstractKeyword.groovy:26)
	at com.kms.katalon.core.webui.keyword.builtin.ClickKeyword$_click_closure1.doCall(ClickKeyword.groovy:67)
	at com.kms.katalon.core.webui.keyword.builtin.ClickKeyword$_click_closure1.call(ClickKeyword.groovy)
	at com.kms.katalon.core.webui.keyword.internal.WebUIKeywordMain.runKeyword(WebUIKeywordMain.groovy:20)
	at com.kms.katalon.core.webui.keyword.builtin.ClickKeyword.click(ClickKeyword.groovy:102)
	at com.kms.katalon.core.webui.keyword.builtin.ClickKeyword.execute(ClickKeyword.groovy:43)
	at com.kms.katalon.core.keyword.internal.KeywordExecutor.executeKeywordForPlatform(KeywordExecutor.groovy:72)
	at com.kms.katalon.core.webui.keyword.WebUiBuiltInKeywords.click(WebUiBuiltInKeywords.groovy:616)
	at com.kms.katalon.core.webui.keyword.WebUiBuiltInKeywords$click$3.call(Unknown Source)
	at Script1576742697695.run(Script1576742697695.groovy:45)
	... 13 more
)
[[ATTACHMENT|/Users/apple/Desktop/Stduy/katalon-mattermost/dsds/Reports/20191220_131552/Run all test cases/20191220_131552/1576823297443.png]]]]></system-out>
         <system-err><![CDATA[2019-12-20 13:27:01 - [TEST_CASE][FAILED] - Test Cases/Tag private member in private channel: Test Cases/Tag private member in private channel FAILED.
Reason:
com.kms.katalon.core.exception.StepFailedException: Unable to click on object 'Object Repository/Page_Test create private channel - test-cas_2f9e36/span_- new name (NAme)'
	at com.kms.katalon.core.webui.keyword.internal.WebUIKeywordMain.stepFailed(WebUIKeywordMain.groovy:64)
	at com.kms.katalon.core.webui.keyword.internal.WebUIKeywordMain.runKeyword(WebUIKeywordMain.groovy:26)
	at com.kms.katalon.core.webui.keyword.builtin.ClickKeyword.click(ClickKeyword.groovy:102)
	at com.kms.katalon.core.webui.keyword.builtin.ClickKeyword.execute(ClickKeyword.groovy:43)
	at com.kms.katalon.core.keyword.internal.KeywordExecutor.executeKeywordForPlatform(KeywordExecutor.groovy:72)
	at com.kms.katalon.core.webui.keyword.WebUiBuiltInKeywords.click(WebUiBuiltInKeywords.groovy:616)
	at com.kms.katalon.core.webui.keyword.WebUiBuiltInKeywords$click$3.call(Unknown Source)
	at Tag private member in private channel.run(Tag private member in private channel:45)
	at com.kms.katalon.core.main.ScriptEngine.run(ScriptEngine.java:194)
	at com.kms.katalon.core.main.ScriptEngine.runScriptAsRawText(ScriptEngine.java:119)
	at com.kms.katalon.core.main.TestCaseExecutor.runScript(TestCaseExecutor.java:337)
	at com.kms.katalon.core.main.TestCaseExecutor.doExecute(TestCaseExecutor.java:328)
	at com.kms.katalon.core.main.TestCaseExecutor.processExecutionPhase(TestCaseExecutor.java:307)
	at com.kms.katalon.core.main.TestCaseExecutor.accessMainPhase(TestCaseExecutor.java:299)
	at com.kms.katalon.core.main.TestCaseExecutor.execute(TestCaseExecutor.java:233)
	at com.kms.katalon.core.main.TestSuiteExecutor.accessTestCaseMainPhase(TestSuiteExecutor.java:169)
	at com.kms.katalon.core.main.TestSuiteExecutor.accessTestSuiteMainPhase(TestSuiteExecutor.java:142)
	at com.kms.katalon.core.main.TestSuiteExecutor.execute(TestSuiteExecutor.java:91)
	at com.kms.katalon.core.main.TestCaseMain.startTestSuite(TestCaseMain.java:157)
	at com.kms.katalon.core.main.TestCaseMain$startTestSuite$0.call(Unknown Source)
	at TempTestSuite1576822552141.run(TempTestSuite1576822552141.groovy:36)
Caused by: com.kms.katalon.core.webui.exception.WebElementNotFoundException: Web element with id: 'Object Repository/Page_Test create private channel - test-cas_2f9e36/span_- new name (NAme)' located by 'By.xpath: //div[@id='suggestionList']/div[2]/span[2]' not found
	at com.kms.katalon.core.webui.common.WebUiCommonHelper.findWebElement(WebUiCommonHelper.java:1154)
	at com.kms.katalon.core.webui.keyword.internal.WebUIAbstractKeyword.findWebElement(WebUIAbstractKeyword.groovy:27)
	at com.kms.katalon.core.webui.keyword.internal.WebUIAbstractKeyword.findWebElement(WebUIAbstractKeyword.groovy:26)
	at com.kms.katalon.core.webui.keyword.builtin.ClickKeyword$_click_closure1.doCall(ClickKeyword.groovy:67)
	at com.kms.katalon.core.webui.keyword.builtin.ClickKeyword$_click_closure1.call(ClickKeyword.groovy)
	at com.kms.katalon.core.webui.keyword.internal.WebUIKeywordMain.runKeyword(WebUIKeywordMain.groovy:20)
	... 19 more]]></system-err>
      </testcase>
      <testcase name="Test Cases/Get team invite link" time="28.792" classname="Test Cases/Get team invite link" status="PASSED">
         <system-out><![CDATA[2019-12-20 13:28:17 - [TEST_CASE][PASSED] - Test Cases/Get team invite link: Test Cases/Get team invite link

2019-12-20 13:28:17 - [TEST_STEP][PASSED] - openBrowser(""): Browser is opened with url: ''

2019-12-20 13:28:17 - [MESSAGE][WARNING] - A browser is already opened. Closing browser and opening a new one

2019-12-20 13:28:18 - [MESSAGE][INFO] - Starting 'Firefox' driver

2019-12-20 13:28:21 - [MESSAGE][PASSED] - Browser is opened with url: ''

2019-12-20 13:28:21 - [TEST_STEP][PASSED] - navigateToUrl("https://mattermost-usecase.herokuapp.com/"): Navigate to 'https://mattermost-usecase.herokuapp.com/' successfully

2019-12-20 13:28:30 - [MESSAGE][PASSED] - Navigate to 'https://mattermost-usecase.herokuapp.com/' successfully

2019-12-20 13:28:30 - [TEST_STEP][PASSED] - setText(findTestObject("Object Repository/GetTeamInviteLink/Page_Mattermost/input_All team communication in one place s_703ef5"), "dhgbao@apcs.vn"): Text 'dhgbao@apcs.vn' is set on object 'Object Repository/GetTeamInviteLink/Page_Mattermost/input_All team communication in one place s_703ef5'

2019-12-20 13:28:36 - [MESSAGE][PASSED] - Text 'dhgbao@apcs.vn' is set on object 'Object Repository/GetTeamInviteLink/Page_Mattermost/input_All team communication in one place s_703ef5'

2019-12-20 13:28:36 - [TEST_STEP][PASSED] - setText(findTestObject("Object Repository/GetTeamInviteLink/Page_Mattermost/input_All team communication in one place s_2f2733"), "123456789"): Text '123456789' is set on object 'Object Repository/GetTeamInviteLink/Page_Mattermost/input_All team communication in one place s_2f2733'

2019-12-20 13:28:36 - [MESSAGE][PASSED] - Text '123456789' is set on object 'Object Repository/GetTeamInviteLink/Page_Mattermost/input_All team communication in one place s_2f2733'

2019-12-20 13:28:36 - [TEST_STEP][PASSED] - sendKeys(findTestObject("Object Repository/GetTeamInviteLink/Page_Mattermost/input_All team communication in one place s_2f2733"), Keys.chord(ENTER)): Keys 'ENTER + ' sent to object: 'Object Repository/GetTeamInviteLink/Page_Mattermost/input_All team communication in one place s_2f2733'

2019-12-20 13:28:37 - [MESSAGE][PASSED] - Keys 'ENTER + ' sent to object: 'Object Repository/GetTeamInviteLink/Page_Mattermost/input_All team communication in one place s_2f2733'

2019-12-20 13:28:37 - [TEST_STEP][PASSED] - click(findTestObject("Object Repository/GetTeamInviteLink/Page_Town Square - asdasdas Mattermost/svg")): Object: 'Object Repository/GetTeamInviteLink/Page_Town Square - asdasdas Mattermost/svg' is clicked on

2019-12-20 13:28:41 - [MESSAGE][PASSED] - Object: 'Object Repository/GetTeamInviteLink/Page_Town Square - asdasdas Mattermost/svg' is clicked on

2019-12-20 13:28:41 - [TEST_STEP][PASSED] - click(findTestObject("Object Repository/GetTeamInviteLink/Page_Town Square - asdasdas Mattermost/button_Get Team Invite Link")): Object: 'Object Repository/GetTeamInviteLink/Page_Town Square - asdasdas Mattermost/button_Get Team Invite Link' is clicked on

2019-12-20 13:28:42 - [MESSAGE][PASSED] - Object: 'Object Repository/GetTeamInviteLink/Page_Town Square - asdasdas Mattermost/button_Get Team Invite Link' is clicked on

2019-12-20 13:28:42 - [TEST_STEP][PASSED] - click(findTestObject("Object Repository/GetTeamInviteLink/Page_Town Square - asdasdas Mattermost/span_Copy Link")): Object: 'Object Repository/GetTeamInviteLink/Page_Town Square - asdasdas Mattermost/span_Copy Link' is clicked on

2019-12-20 13:28:43 - [MESSAGE][PASSED] - Object: 'Object Repository/GetTeamInviteLink/Page_Town Square - asdasdas Mattermost/span_Copy Link' is clicked on

2019-12-20 13:28:43 - [TEST_STEP][PASSED] - click(findTestObject("Object Repository/GetTeamInviteLink/Page_Town Square - asdasdas Mattermost/span_Close")): Object: 'Object Repository/GetTeamInviteLink/Page_Town Square - asdasdas Mattermost/span_Close' is clicked on

2019-12-20 13:28:43 - [MESSAGE][PASSED] - Object: 'Object Repository/GetTeamInviteLink/Page_Town Square - asdasdas Mattermost/span_Close' is clicked on

2019-12-20 13:28:43 - [TEST_STEP][PASSED] - closeBrowser(): Browser is closed

2019-12-20 13:28:46 - [MESSAGE][PASSED] - Browser is closed]]></system-out>
         <system-err><![CDATA[]]></system-err>
      </testcase>
      <testcase name="Test Cases/Rename private channel" time="31.327" classname="Test Cases/Rename private channel" status="PASSED">
         <system-out><![CDATA[2019-12-20 13:28:46 - [TEST_CASE][PASSED] - Test Cases/Rename private channel: Test Cases/Rename private channel

2019-12-20 13:28:46 - [TEST_STEP][PASSED] - openBrowser(""): Browser is opened with url: ''

2019-12-20 13:28:46 - [MESSAGE][INFO] - Starting 'Firefox' driver

2019-12-20 13:28:49 - [MESSAGE][PASSED] - Browser is opened with url: ''

2019-12-20 13:28:49 - [TEST_STEP][PASSED] - navigateToUrl("https://mattermost-usecase.herokuapp.com"): Navigate to 'https://mattermost-usecase.herokuapp.com' successfully

2019-12-20 13:28:59 - [MESSAGE][PASSED] - Navigate to 'https://mattermost-usecase.herokuapp.com' successfully

2019-12-20 13:28:59 - [TEST_STEP][PASSED] - setText(findTestObject("Object Repository/Private channel/Rename private channel/Page_Mattermost/input_All team communication in one place s_703ef5"), "bannnnn"): Text 'bannnnn' is set on object 'Object Repository/Private channel/Rename private channel/Page_Mattermost/input_All team communication in one place s_703ef5'

2019-12-20 13:29:07 - [MESSAGE][PASSED] - Text 'bannnnn' is set on object 'Object Repository/Private channel/Rename private channel/Page_Mattermost/input_All team communication in one place s_703ef5'

2019-12-20 13:29:07 - [TEST_STEP][PASSED] - setEncryptedText(findTestObject("Object Repository/Private channel/Rename private channel/Page_Mattermost/input_All team communication in one place s_2f2733"), "6M8jdlTs8n6rOnocPaG5Cw=="): Text ****** has been set on object 'Object Repository/Private channel/Rename private channel/Page_Mattermost/input_All team communication in one place s_2f2733'

2019-12-20 13:29:07 - [MESSAGE][PASSED] - Text ****** has been set on object 'Object Repository/Private channel/Rename private channel/Page_Mattermost/input_All team communication in one place s_2f2733'

2019-12-20 13:29:07 - [TEST_STEP][PASSED] - click(findTestObject("Object Repository/Private channel/Rename private channel/Page_Mattermost/span_Sign in")): Object: 'Object Repository/Private channel/Rename private channel/Page_Mattermost/span_Sign in' is clicked on

2019-12-20 13:29:08 - [MESSAGE][PASSED] - Object: 'Object Repository/Private channel/Rename private channel/Page_Mattermost/span_Sign in' is clicked on

2019-12-20 13:29:08 - [TEST_STEP][PASSED] - click(findTestObject("Object Repository/Private channel/Rename private channel/Page_Town Square - test-case Mattermost/span_Test create private channel")): Object: 'Object Repository/Private channel/Rename private channel/Page_Town Square - test-case Mattermost/span_Test create private channel' is clicked on

2019-12-20 13:29:13 - [MESSAGE][PASSED] - Object: 'Object Repository/Private channel/Rename private channel/Page_Town Square - test-case Mattermost/span_Test create private channel' is clicked on

2019-12-20 13:29:13 - [TEST_STEP][PASSED] - click(findTestObject("Object Repository/Private channel/Rename private channel/Page_Test create private channel - test-cas_2f9e36/span_Test create private channel_channelHea_71aa01")): Object: 'Object Repository/Private channel/Rename private channel/Page_Test create private channel - test-cas_2f9e36/span_Test create private channel_channelHea_71aa01' is clicked on

2019-12-20 13:29:14 - [MESSAGE][PASSED] - Object: 'Object Repository/Private channel/Rename private channel/Page_Test create private channel - test-cas_2f9e36/span_Test create private channel_channelHea_71aa01' is clicked on

2019-12-20 13:29:14 - [TEST_STEP][PASSED] - click(findTestObject("Object Repository/Private channel/Rename private channel/Page_Test create private channel - test-cas_2f9e36/button_Rename Channel")): Object: 'Object Repository/Private channel/Rename private channel/Page_Test create private channel - test-cas_2f9e36/button_Rename Channel' is clicked on

2019-12-20 13:29:15 - [MESSAGE][PASSED] - Object: 'Object Repository/Private channel/Rename private channel/Page_Test create private channel - test-cas_2f9e36/button_Rename Channel' is clicked on

2019-12-20 13:29:15 - [TEST_STEP][PASSED] - setText(findTestObject("Object Repository/Private channel/Rename private channel/Page_Test create private channel - test-cas_2f9e36/input_Display Name_display_name"), "Test private channel"): Text 'Test private channel' is set on object 'Object Repository/Private channel/Rename private channel/Page_Test create private channel - test-cas_2f9e36/input_Display Name_display_name'

2019-12-20 13:29:16 - [MESSAGE][PASSED] - Text 'Test private channel' is set on object 'Object Repository/Private channel/Rename private channel/Page_Test create private channel - test-cas_2f9e36/input_Display Name_display_name'

2019-12-20 13:29:16 - [TEST_STEP][PASSED] - click(findTestObject("Object Repository/Private channel/Rename private channel/Page_Test create private channel - test-cas_2f9e36/button_Save")): Object: 'Object Repository/Private channel/Rename private channel/Page_Test create private channel - test-cas_2f9e36/button_Save' is clicked on

2019-12-20 13:29:16 - [MESSAGE][PASSED] - Object: 'Object Repository/Private channel/Rename private channel/Page_Test create private channel - test-cas_2f9e36/button_Save' is clicked on

2019-12-20 13:29:16 - [TEST_STEP][PASSED] - closeBrowser(): Browser is closed

2019-12-20 13:29:17 - [MESSAGE][PASSED] - Browser is closed]]></system-out>
         <system-err><![CDATA[]]></system-err>
      </testcase>
      <testcase name="Test Cases/View members" time="65.693" classname="Test Cases/View members" status="FAILED">
         <failure type="FAILED" message="Test Cases/View members FAILED.
Reason:
com.kms.katalon.core.exception.StepFailedException: Unable to click on object 'Object Repository/ViewMembers/Page_ Town Square - asdasdas Mattermost/path'
	at com.kms.katalon.core.webui.keyword.internal.WebUIKeywordMain.stepFailed(WebUIKeywordMain.groovy:64)
	at com.kms.katalon.core.webui.keyword.internal.WebUIKeywordMain.runKeyword(WebUIKeywordMain.groovy:26)
	at com.kms.katalon.core.webui.keyword.builtin.ClickKeyword.click(ClickKeyword.groovy:102)
	at com.kms.katalon.core.webui.keyword.builtin.ClickKeyword.execute(ClickKeyword.groovy:43)
	at com.kms.katalon.core.keyword.internal.KeywordExecutor.executeKeywordForPlatform(KeywordExecutor.groovy:72)
	at com.kms.katalon.core.webui.keyword.WebUiBuiltInKeywords.click(WebUiBuiltInKeywords.groovy:616)
	at com.kms.katalon.core.webui.keyword.WebUiBuiltInKeywords$click$3.call(Unknown Source)
	at View members.run(View members:29)
	at com.kms.katalon.core.main.ScriptEngine.run(ScriptEngine.java:194)
	at com.kms.katalon.core.main.ScriptEngine.runScriptAsRawText(ScriptEngine.java:119)
	at com.kms.katalon.core.main.TestCaseExecutor.runScript(TestCaseExecutor.java:337)
	at com.kms.katalon.core.main.TestCaseExecutor.doExecute(TestCaseExecutor.java:328)
	at com.kms.katalon.core.main.TestCaseExecutor.processExecutionPhase(TestCaseExecutor.java:307)
	at com.kms.katalon.core.main.TestCaseExecutor.accessMainPhase(TestCaseExecutor.java:299)
	at com.kms.katalon.core.main.TestCaseExecutor.execute(TestCaseExecutor.java:233)
	at com.kms.katalon.core.main.TestSuiteExecutor.accessTestCaseMainPhase(TestSuiteExecutor.java:169)
	at com.kms.katalon.core.main.TestSuiteExecutor.accessTestSuiteMainPhase(TestSuiteExecutor.java:142)
	at com.kms.katalon.core.main.TestSuiteExecutor.execute(TestSuiteExecutor.java:91)
	at com.kms.katalon.core.main.TestCaseMain.startTestSuite(TestCaseMain.java:157)
	at com.kms.katalon.core.main.TestCaseMain$startTestSuite$0.call(Unknown Source)
	at TempTestSuite1576822552141.run(TempTestSuite1576822552141.groovy:36)
Caused by: com.kms.katalon.core.webui.exception.WebElementNotFoundException: Web element with id: 'Object Repository/ViewMembers/Page_ Town Square - asdasdas Mattermost/path' located by 'By.xpath: ' not found
	at com.kms.katalon.core.webui.common.WebUiCommonHelper.findWebElement(WebUiCommonHelper.java:1154)
	at com.kms.katalon.core.webui.keyword.internal.WebUIAbstractKeyword.findWebElement(WebUIAbstractKeyword.groovy:27)
	at com.kms.katalon.core.webui.keyword.internal.WebUIAbstractKeyword.findWebElement(WebUIAbstractKeyword.groovy:26)
	at com.kms.katalon.core.webui.keyword.builtin.ClickKeyword$_click_closure1.doCall(ClickKeyword.groovy:67)
	at com.kms.katalon.core.webui.keyword.builtin.ClickKeyword$_click_closure1.call(ClickKeyword.groovy)
	at com.kms.katalon.core.webui.keyword.internal.WebUIKeywordMain.runKeyword(WebUIKeywordMain.groovy:20)
	... 19 more
"/>
         <system-out><![CDATA[2019-12-20 13:29:17 - [TEST_CASE][FAILED] - Test Cases/View members: Test Cases/View members FAILED.
Reason:
com.kms.katalon.core.exception.StepFailedException: Unable to click on object 'Object Repository/ViewMembers/Page_ Town Square - asdasdas Mattermost/path'
	at com.kms.katalon.core.webui.keyword.internal.WebUIKeywordMain.stepFailed(WebUIKeywordMain.groovy:64)
	at com.kms.katalon.core.webui.keyword.internal.WebUIKeywordMain.runKeyword(WebUIKeywordMain.groovy:26)
	at com.kms.katalon.core.webui.keyword.builtin.ClickKeyword.click(ClickKeyword.groovy:102)
	at com.kms.katalon.core.webui.keyword.builtin.ClickKeyword.execute(ClickKeyword.groovy:43)
	at com.kms.katalon.core.keyword.internal.KeywordExecutor.executeKeywordForPlatform(KeywordExecutor.groovy:72)
	at com.kms.katalon.core.webui.keyword.WebUiBuiltInKeywords.click(WebUiBuiltInKeywords.groovy:616)
	at com.kms.katalon.core.webui.keyword.WebUiBuiltInKeywords$click$3.call(Unknown Source)
	at View members.run(View members:29)
	at com.kms.katalon.core.main.ScriptEngine.run(ScriptEngine.java:194)
	at com.kms.katalon.core.main.ScriptEngine.runScriptAsRawText(ScriptEngine.java:119)
	at com.kms.katalon.core.main.TestCaseExecutor.runScript(TestCaseExecutor.java:337)
	at com.kms.katalon.core.main.TestCaseExecutor.doExecute(TestCaseExecutor.java:328)
	at com.kms.katalon.core.main.TestCaseExecutor.processExecutionPhase(TestCaseExecutor.java:307)
	at com.kms.katalon.core.main.TestCaseExecutor.accessMainPhase(TestCaseExecutor.java:299)
	at com.kms.katalon.core.main.TestCaseExecutor.execute(TestCaseExecutor.java:233)
	at com.kms.katalon.core.main.TestSuiteExecutor.accessTestCaseMainPhase(TestSuiteExecutor.java:169)
	at com.kms.katalon.core.main.TestSuiteExecutor.accessTestSuiteMainPhase(TestSuiteExecutor.java:142)
	at com.kms.katalon.core.main.TestSuiteExecutor.execute(TestSuiteExecutor.java:91)
	at com.kms.katalon.core.main.TestCaseMain.startTestSuite(TestCaseMain.java:157)
	at com.kms.katalon.core.main.TestCaseMain$startTestSuite$0.call(Unknown Source)
	at TempTestSuite1576822552141.run(TempTestSuite1576822552141.groovy:36)
Caused by: com.kms.katalon.core.webui.exception.WebElementNotFoundException: Web element with id: 'Object Repository/ViewMembers/Page_ Town Square - asdasdas Mattermost/path' located by 'By.xpath: ' not found
	at com.kms.katalon.core.webui.common.WebUiCommonHelper.findWebElement(WebUiCommonHelper.java:1154)
	at com.kms.katalon.core.webui.keyword.internal.WebUIAbstractKeyword.findWebElement(WebUIAbstractKeyword.groovy:27)
	at com.kms.katalon.core.webui.keyword.internal.WebUIAbstractKeyword.findWebElement(WebUIAbstractKeyword.groovy:26)
	at com.kms.katalon.core.webui.keyword.builtin.ClickKeyword$_click_closure1.doCall(ClickKeyword.groovy:67)
	at com.kms.katalon.core.webui.keyword.builtin.ClickKeyword$_click_closure1.call(ClickKeyword.groovy)
	at com.kms.katalon.core.webui.keyword.internal.WebUIKeywordMain.runKeyword(WebUIKeywordMain.groovy:20)
	... 19 more


2019-12-20 13:29:18 - [TEST_STEP][PASSED] - openBrowser(""): Browser is opened with url: ''

2019-12-20 13:29:18 - [MESSAGE][INFO] - Starting 'Firefox' driver

2019-12-20 13:29:20 - [MESSAGE][PASSED] - Browser is opened with url: ''

2019-12-20 13:29:20 - [TEST_STEP][PASSED] - navigateToUrl("https://mattermost-usecase.herokuapp.com/"): Navigate to 'https://mattermost-usecase.herokuapp.com/' successfully

2019-12-20 13:29:31 - [MESSAGE][PASSED] - Navigate to 'https://mattermost-usecase.herokuapp.com/' successfully

2019-12-20 13:29:31 - [TEST_STEP][PASSED] - setText(findTestObject("ViewMembers/Page_Mattermost/input_All team communication in one place s_703ef5"), "dhgbao@apcs.vn"): Text 'dhgbao@apcs.vn' is set on object 'Object Repository/ViewMembers/Page_Mattermost/input_All team communication in one place s_703ef5'

2019-12-20 13:29:37 - [MESSAGE][PASSED] - Text 'dhgbao@apcs.vn' is set on object 'Object Repository/ViewMembers/Page_Mattermost/input_All team communication in one place s_703ef5'

2019-12-20 13:29:37 - [TEST_STEP][PASSED] - setText(findTestObject("ViewMembers/Page_Mattermost/input_All team communication in one place s_2f2733"), "123456789"): Text '123456789' is set on object 'Object Repository/ViewMembers/Page_Mattermost/input_All team communication in one place s_2f2733'

2019-12-20 13:29:38 - [MESSAGE][PASSED] - Text '123456789' is set on object 'Object Repository/ViewMembers/Page_Mattermost/input_All team communication in one place s_2f2733'

2019-12-20 13:29:38 - [TEST_STEP][PASSED] - click(findTestObject("ViewMembers/Page_Mattermost/span_Sign in")): Object: 'Object Repository/ViewMembers/Page_Mattermost/span_Sign in' is clicked on

2019-12-20 13:29:39 - [MESSAGE][PASSED] - Object: 'Object Repository/ViewMembers/Page_Mattermost/span_Sign in' is clicked on

2019-12-20 13:29:39 - [TEST_STEP][FAILED] - click(findTestObject("ViewMembers/Page_ Town Square - asdasdas Mattermost/path")): Unable to click on object 'Object Repository/ViewMembers/Page_ Town Square - asdasdas Mattermost/path' (Root cause: com.kms.katalon.core.exception.StepFailedException: Unable to click on object 'Object Repository/ViewMembers/Page_ Town Square - asdasdas Mattermost/path'
	at com.kms.katalon.core.webui.keyword.internal.WebUIKeywordMain.stepFailed(WebUIKeywordMain.groovy:64)
	at com.kms.katalon.core.webui.keyword.internal.WebUIKeywordMain.runKeyword(WebUIKeywordMain.groovy:26)
	at com.kms.katalon.core.webui.keyword.builtin.ClickKeyword.click(ClickKeyword.groovy:102)
	at com.kms.katalon.core.webui.keyword.builtin.ClickKeyword.execute(ClickKeyword.groovy:43)
	at com.kms.katalon.core.keyword.internal.KeywordExecutor.executeKeywordForPlatform(KeywordExecutor.groovy:72)
	at com.kms.katalon.core.webui.keyword.WebUiBuiltInKeywords.click(WebUiBuiltInKeywords.groovy:616)
	at com.kms.katalon.core.webui.keyword.WebUiBuiltInKeywords$click$3.call(Unknown Source)
	at View members.run(View members:29)
	at com.kms.katalon.core.main.ScriptEngine.run(ScriptEngine.java:194)
	at com.kms.katalon.core.main.ScriptEngine.runScriptAsRawText(ScriptEngine.java:119)
	at com.kms.katalon.core.main.TestCaseExecutor.runScript(TestCaseExecutor.java:337)
	at com.kms.katalon.core.main.TestCaseExecutor.doExecute(TestCaseExecutor.java:328)
	at com.kms.katalon.core.main.TestCaseExecutor.processExecutionPhase(TestCaseExecutor.java:307)
	at com.kms.katalon.core.main.TestCaseExecutor.accessMainPhase(TestCaseExecutor.java:299)
	at com.kms.katalon.core.main.TestCaseExecutor.execute(TestCaseExecutor.java:233)
	at com.kms.katalon.core.main.TestSuiteExecutor.accessTestCaseMainPhase(TestSuiteExecutor.java:169)
	at com.kms.katalon.core.main.TestSuiteExecutor.accessTestSuiteMainPhase(TestSuiteExecutor.java:142)
	at com.kms.katalon.core.main.TestSuiteExecutor.execute(TestSuiteExecutor.java:91)
	at com.kms.katalon.core.main.TestCaseMain.startTestSuite(TestCaseMain.java:157)
	at com.kms.katalon.core.main.TestCaseMain$startTestSuite$0.call(Unknown Source)
	at TempTestSuite1576822552141.run(TempTestSuite1576822552141.groovy:36)
Caused by: com.kms.katalon.core.webui.exception.WebElementNotFoundException: Web element with id: 'Object Repository/ViewMembers/Page_ Town Square - asdasdas Mattermost/path' located by 'By.xpath: ' not found
	at com.kms.katalon.core.webui.common.WebUiCommonHelper.findWebElement(WebUiCommonHelper.java:1154)
	at com.kms.katalon.core.webui.keyword.internal.WebUIAbstractKeyword.findWebElement(WebUIAbstractKeyword.groovy:27)
	at com.kms.katalon.core.webui.keyword.internal.WebUIAbstractKeyword.findWebElement(WebUIAbstractKeyword.groovy:26)
	at com.kms.katalon.core.webui.keyword.builtin.ClickKeyword$_click_closure1.doCall(ClickKeyword.groovy:67)
	at com.kms.katalon.core.webui.keyword.builtin.ClickKeyword$_click_closure1.call(ClickKeyword.groovy)
	at com.kms.katalon.core.webui.keyword.internal.WebUIKeywordMain.runKeyword(WebUIKeywordMain.groovy:20)
	at com.kms.katalon.core.webui.keyword.builtin.ClickKeyword.click(ClickKeyword.groovy:102)
	at com.kms.katalon.core.webui.keyword.builtin.ClickKeyword.execute(ClickKeyword.groovy:43)
	at com.kms.katalon.core.keyword.internal.KeywordExecutor.executeKeywordForPlatform(KeywordExecutor.groovy:72)
	at com.kms.katalon.core.webui.keyword.WebUiBuiltInKeywords.click(WebUiBuiltInKeywords.groovy:616)
	at com.kms.katalon.core.webui.keyword.WebUiBuiltInKeywords$click$3.call(Unknown Source)
	at Script1576775443039.run(Script1576775443039.groovy:29)
	... 13 more
)

2019-12-20 13:30:23 - [MESSAGE][INFO] - Unable to find the element located by 'By.xpath: '. Please recheck the objects properties to make sure the desired element is located. 

2019-12-20 13:30:23 - [MESSAGE][FAILED] - Unable to click on object 'Object Repository/ViewMembers/Page_ Town Square - asdasdas Mattermost/path' (Root cause: com.kms.katalon.core.exception.StepFailedException: Unable to click on object 'Object Repository/ViewMembers/Page_ Town Square - asdasdas Mattermost/path'
	at com.kms.katalon.core.webui.keyword.internal.WebUIKeywordMain.stepFailed(WebUIKeywordMain.groovy:64)
	at com.kms.katalon.core.webui.keyword.internal.WebUIKeywordMain.runKeyword(WebUIKeywordMain.groovy:26)
	at com.kms.katalon.core.webui.keyword.builtin.ClickKeyword.click(ClickKeyword.groovy:102)
	at com.kms.katalon.core.webui.keyword.builtin.ClickKeyword.execute(ClickKeyword.groovy:43)
	at com.kms.katalon.core.keyword.internal.KeywordExecutor.executeKeywordForPlatform(KeywordExecutor.groovy:72)
	at com.kms.katalon.core.webui.keyword.WebUiBuiltInKeywords.click(WebUiBuiltInKeywords.groovy:616)
	at com.kms.katalon.core.webui.keyword.WebUiBuiltInKeywords$click$3.call(Unknown Source)
	at View members.run(View members:29)
	at com.kms.katalon.core.main.ScriptEngine.run(ScriptEngine.java:194)
	at com.kms.katalon.core.main.ScriptEngine.runScriptAsRawText(ScriptEngine.java:119)
	at com.kms.katalon.core.main.TestCaseExecutor.runScript(TestCaseExecutor.java:337)
	at com.kms.katalon.core.main.TestCaseExecutor.doExecute(TestCaseExecutor.java:328)
	at com.kms.katalon.core.main.TestCaseExecutor.processExecutionPhase(TestCaseExecutor.java:307)
	at com.kms.katalon.core.main.TestCaseExecutor.accessMainPhase(TestCaseExecutor.java:299)
	at com.kms.katalon.core.main.TestCaseExecutor.execute(TestCaseExecutor.java:233)
	at com.kms.katalon.core.main.TestSuiteExecutor.accessTestCaseMainPhase(TestSuiteExecutor.java:169)
	at com.kms.katalon.core.main.TestSuiteExecutor.accessTestSuiteMainPhase(TestSuiteExecutor.java:142)
	at com.kms.katalon.core.main.TestSuiteExecutor.execute(TestSuiteExecutor.java:91)
	at com.kms.katalon.core.main.TestCaseMain.startTestSuite(TestCaseMain.java:157)
	at com.kms.katalon.core.main.TestCaseMain$startTestSuite$0.call(Unknown Source)
	at TempTestSuite1576822552141.run(TempTestSuite1576822552141.groovy:36)
Caused by: com.kms.katalon.core.webui.exception.WebElementNotFoundException: Web element with id: 'Object Repository/ViewMembers/Page_ Town Square - asdasdas Mattermost/path' located by 'By.xpath: ' not found
	at com.kms.katalon.core.webui.common.WebUiCommonHelper.findWebElement(WebUiCommonHelper.java:1154)
	at com.kms.katalon.core.webui.keyword.internal.WebUIAbstractKeyword.findWebElement(WebUIAbstractKeyword.groovy:27)
	at com.kms.katalon.core.webui.keyword.internal.WebUIAbstractKeyword.findWebElement(WebUIAbstractKeyword.groovy:26)
	at com.kms.katalon.core.webui.keyword.builtin.ClickKeyword$_click_closure1.doCall(ClickKeyword.groovy:67)
	at com.kms.katalon.core.webui.keyword.builtin.ClickKeyword$_click_closure1.call(ClickKeyword.groovy)
	at com.kms.katalon.core.webui.keyword.internal.WebUIKeywordMain.runKeyword(WebUIKeywordMain.groovy:20)
	at com.kms.katalon.core.webui.keyword.builtin.ClickKeyword.click(ClickKeyword.groovy:102)
	at com.kms.katalon.core.webui.keyword.builtin.ClickKeyword.execute(ClickKeyword.groovy:43)
	at com.kms.katalon.core.keyword.internal.KeywordExecutor.executeKeywordForPlatform(KeywordExecutor.groovy:72)
	at com.kms.katalon.core.webui.keyword.WebUiBuiltInKeywords.click(WebUiBuiltInKeywords.groovy:616)
	at com.kms.katalon.core.webui.keyword.WebUiBuiltInKeywords$click$3.call(Unknown Source)
	at Script1576775443039.run(Script1576775443039.groovy:29)
	... 13 more
)
[[ATTACHMENT|/Users/apple/Desktop/Stduy/katalon-mattermost/dsds/Reports/20191220_131552/Run all test cases/20191220_131552/1576823423271.png]]]]></system-out>
         <system-err><![CDATA[2019-12-20 13:29:17 - [TEST_CASE][FAILED] - Test Cases/View members: Test Cases/View members FAILED.
Reason:
com.kms.katalon.core.exception.StepFailedException: Unable to click on object 'Object Repository/ViewMembers/Page_ Town Square - asdasdas Mattermost/path'
	at com.kms.katalon.core.webui.keyword.internal.WebUIKeywordMain.stepFailed(WebUIKeywordMain.groovy:64)
	at com.kms.katalon.core.webui.keyword.internal.WebUIKeywordMain.runKeyword(WebUIKeywordMain.groovy:26)
	at com.kms.katalon.core.webui.keyword.builtin.ClickKeyword.click(ClickKeyword.groovy:102)
	at com.kms.katalon.core.webui.keyword.builtin.ClickKeyword.execute(ClickKeyword.groovy:43)
	at com.kms.katalon.core.keyword.internal.KeywordExecutor.executeKeywordForPlatform(KeywordExecutor.groovy:72)
	at com.kms.katalon.core.webui.keyword.WebUiBuiltInKeywords.click(WebUiBuiltInKeywords.groovy:616)
	at com.kms.katalon.core.webui.keyword.WebUiBuiltInKeywords$click$3.call(Unknown Source)
	at View members.run(View members:29)
	at com.kms.katalon.core.main.ScriptEngine.run(ScriptEngine.java:194)
	at com.kms.katalon.core.main.ScriptEngine.runScriptAsRawText(ScriptEngine.java:119)
	at com.kms.katalon.core.main.TestCaseExecutor.runScript(TestCaseExecutor.java:337)
	at com.kms.katalon.core.main.TestCaseExecutor.doExecute(TestCaseExecutor.java:328)
	at com.kms.katalon.core.main.TestCaseExecutor.processExecutionPhase(TestCaseExecutor.java:307)
	at com.kms.katalon.core.main.TestCaseExecutor.accessMainPhase(TestCaseExecutor.java:299)
	at com.kms.katalon.core.main.TestCaseExecutor.execute(TestCaseExecutor.java:233)
	at com.kms.katalon.core.main.TestSuiteExecutor.accessTestCaseMainPhase(TestSuiteExecutor.java:169)
	at com.kms.katalon.core.main.TestSuiteExecutor.accessTestSuiteMainPhase(TestSuiteExecutor.java:142)
	at com.kms.katalon.core.main.TestSuiteExecutor.execute(TestSuiteExecutor.java:91)
	at com.kms.katalon.core.main.TestCaseMain.startTestSuite(TestCaseMain.java:157)
	at com.kms.katalon.core.main.TestCaseMain$startTestSuite$0.call(Unknown Source)
	at TempTestSuite1576822552141.run(TempTestSuite1576822552141.groovy:36)
Caused by: com.kms.katalon.core.webui.exception.WebElementNotFoundException: Web element with id: 'Object Repository/ViewMembers/Page_ Town Square - asdasdas Mattermost/path' located by 'By.xpath: ' not found
	at com.kms.katalon.core.webui.common.WebUiCommonHelper.findWebElement(WebUiCommonHelper.java:1154)
	at com.kms.katalon.core.webui.keyword.internal.WebUIAbstractKeyword.findWebElement(WebUIAbstractKeyword.groovy:27)
	at com.kms.katalon.core.webui.keyword.internal.WebUIAbstractKeyword.findWebElement(WebUIAbstractKeyword.groovy:26)
	at com.kms.katalon.core.webui.keyword.builtin.ClickKeyword$_click_closure1.doCall(ClickKeyword.groovy:67)
	at com.kms.katalon.core.webui.keyword.builtin.ClickKeyword$_click_closure1.call(ClickKeyword.groovy)
	at com.kms.katalon.core.webui.keyword.internal.WebUIKeywordMain.runKeyword(WebUIKeywordMain.groovy:20)
	... 19 more]]></system-err>
      </testcase>
      <testcase name="Test Cases/View Private channel info" time="29.671" classname="Test Cases/View Private channel info" status="PASSED">
         <system-out><![CDATA[2019-12-20 13:30:23 - [TEST_CASE][PASSED] - Test Cases/View Private channel info: Test Cases/View Private channel info

2019-12-20 13:30:23 - [TEST_STEP][PASSED] - openBrowser(""): Browser is opened with url: ''

2019-12-20 13:30:23 - [MESSAGE][WARNING] - A browser is already opened. Closing browser and opening a new one

2019-12-20 13:30:24 - [MESSAGE][INFO] - Starting 'Firefox' driver

2019-12-20 13:30:27 - [MESSAGE][PASSED] - Browser is opened with url: ''

2019-12-20 13:30:27 - [TEST_STEP][PASSED] - navigateToUrl("https://mattermost-usecase.herokuapp.com/"): Navigate to 'https://mattermost-usecase.herokuapp.com/' successfully

2019-12-20 13:30:36 - [MESSAGE][PASSED] - Navigate to 'https://mattermost-usecase.herokuapp.com/' successfully

2019-12-20 13:30:36 - [TEST_STEP][PASSED] - setText(findTestObject("Object Repository/Private channel/View private channel info/Page_Mattermost/input_All team communication in one place s_703ef5"), "bannnnn"): Text 'bannnnn' is set on object 'Object Repository/Private channel/View private channel info/Page_Mattermost/input_All team communication in one place s_703ef5'

2019-12-20 13:30:43 - [MESSAGE][PASSED] - Text 'bannnnn' is set on object 'Object Repository/Private channel/View private channel info/Page_Mattermost/input_All team communication in one place s_703ef5'

2019-12-20 13:30:43 - [TEST_STEP][PASSED] - setEncryptedText(findTestObject("Object Repository/Private channel/View private channel info/Page_Mattermost/input_All team communication in one place s_2f2733"), "6M8jdlTs8n6rOnocPaG5Cw=="): Text ****** has been set on object 'Object Repository/Private channel/View private channel info/Page_Mattermost/input_All team communication in one place s_2f2733'

2019-12-20 13:30:43 - [MESSAGE][PASSED] - Text ****** has been set on object 'Object Repository/Private channel/View private channel info/Page_Mattermost/input_All team communication in one place s_2f2733'

2019-12-20 13:30:43 - [TEST_STEP][PASSED] - click(findTestObject("Object Repository/Private channel/View private channel info/Page_Mattermost/button_Sign in")): Object: 'Object Repository/Private channel/View private channel info/Page_Mattermost/button_Sign in' is clicked on

2019-12-20 13:30:44 - [MESSAGE][PASSED] - Object: 'Object Repository/Private channel/View private channel info/Page_Mattermost/button_Sign in' is clicked on

2019-12-20 13:30:44 - [TEST_STEP][PASSED] - click(findTestObject("Object Repository/Private channel/View private channel info/Page_(3) Town Square - Rednit Mattermost/span_Test create private channel")): Object: 'Object Repository/Private channel/View private channel info/Page_(3) Town Square - Rednit Mattermost/span_Test create private channel' is clicked on

2019-12-20 13:30:48 - [MESSAGE][PASSED] - Object: 'Object Repository/Private channel/View private channel info/Page_(3) Town Square - Rednit Mattermost/span_Test create private channel' is clicked on

2019-12-20 13:30:48 - [TEST_STEP][PASSED] - click(findTestObject("Object Repository/Private channel/View private channel info/Page_(3) Test create private channel - Redn_9fffd9/span_Test create private channel_channelHea_71aa01")): Object: 'Object Repository/Private channel/View private channel info/Page_(3) Test create private channel - Redn_9fffd9/span_Test create private channel_channelHea_71aa01' is clicked on

2019-12-20 13:30:50 - [MESSAGE][PASSED] - Object: 'Object Repository/Private channel/View private channel info/Page_(3) Test create private channel - Redn_9fffd9/span_Test create private channel_channelHea_71aa01' is clicked on

2019-12-20 13:30:50 - [TEST_STEP][PASSED] - click(findTestObject("Object Repository/Private channel/View private channel info/Page_(3) Test create private channel - Redn_9fffd9/button_View Info")): Object: 'Object Repository/Private channel/View private channel info/Page_(3) Test create private channel - Redn_9fffd9/button_View Info' is clicked on

2019-12-20 13:30:50 - [MESSAGE][PASSED] - Object: 'Object Repository/Private channel/View private channel info/Page_(3) Test create private channel - Redn_9fffd9/button_View Info' is clicked on

2019-12-20 13:30:50 - [TEST_STEP][PASSED] - click(findTestObject("Object Repository/Private channel/View private channel info/Page_(3) Test create private channel - Redn_9fffd9/span_")): Object: 'Object Repository/Private channel/View private channel info/Page_(3) Test create private channel - Redn_9fffd9/span_' is clicked on

2019-12-20 13:30:51 - [MESSAGE][PASSED] - Object: 'Object Repository/Private channel/View private channel info/Page_(3) Test create private channel - Redn_9fffd9/span_' is clicked on

2019-12-20 13:30:51 - [TEST_STEP][PASSED] - closeBrowser(): Browser is closed

2019-12-20 13:30:53 - [MESSAGE][PASSED] - Browser is closed]]></system-out>
         <system-err><![CDATA[]]></system-err>
      </testcase>
      <testcase name="Test Cases/View info public channel" time="71.749" classname="Test Cases/View info public channel" status="FAILED">
         <failure type="FAILED" message="Test Cases/View info public channel FAILED.
Reason:
com.kms.katalon.core.exception.StepFailedException: Unable to click on object 'Object Repository/ViewInfoPublicChannel/Page_ Mattermost - asdasdas Mattermost/p_ID ujziweawtbf65fe4x1gxx83i1a'
	at com.kms.katalon.core.webui.keyword.internal.WebUIKeywordMain.stepFailed(WebUIKeywordMain.groovy:64)
	at com.kms.katalon.core.webui.keyword.internal.WebUIKeywordMain.runKeyword(WebUIKeywordMain.groovy:26)
	at com.kms.katalon.core.webui.keyword.builtin.ClickKeyword.click(ClickKeyword.groovy:102)
	at com.kms.katalon.core.webui.keyword.builtin.ClickKeyword.execute(ClickKeyword.groovy:43)
	at com.kms.katalon.core.keyword.internal.KeywordExecutor.executeKeywordForPlatform(KeywordExecutor.groovy:72)
	at com.kms.katalon.core.webui.keyword.WebUiBuiltInKeywords.click(WebUiBuiltInKeywords.groovy:616)
	at com.kms.katalon.core.webui.keyword.WebUiBuiltInKeywords$click$3.call(Unknown Source)
	at View info public channel.run(View info public channel:44)
	at com.kms.katalon.core.main.ScriptEngine.run(ScriptEngine.java:194)
	at com.kms.katalon.core.main.ScriptEngine.runScriptAsRawText(ScriptEngine.java:119)
	at com.kms.katalon.core.main.TestCaseExecutor.runScript(TestCaseExecutor.java:337)
	at com.kms.katalon.core.main.TestCaseExecutor.doExecute(TestCaseExecutor.java:328)
	at com.kms.katalon.core.main.TestCaseExecutor.processExecutionPhase(TestCaseExecutor.java:307)
	at com.kms.katalon.core.main.TestCaseExecutor.accessMainPhase(TestCaseExecutor.java:299)
	at com.kms.katalon.core.main.TestCaseExecutor.execute(TestCaseExecutor.java:233)
	at com.kms.katalon.core.main.TestSuiteExecutor.accessTestCaseMainPhase(TestSuiteExecutor.java:169)
	at com.kms.katalon.core.main.TestSuiteExecutor.accessTestSuiteMainPhase(TestSuiteExecutor.java:142)
	at com.kms.katalon.core.main.TestSuiteExecutor.execute(TestSuiteExecutor.java:91)
	at com.kms.katalon.core.main.TestCaseMain.startTestSuite(TestCaseMain.java:157)
	at com.kms.katalon.core.main.TestCaseMain$startTestSuite$0.call(Unknown Source)
	at TempTestSuite1576822552141.run(TempTestSuite1576822552141.groovy:36)
Caused by: com.kms.katalon.core.webui.exception.WebElementNotFoundException: Web element with id: 'Object Repository/ViewInfoPublicChannel/Page_ Mattermost - asdasdas Mattermost/p_ID ujziweawtbf65fe4x1gxx83i1a' located by 'By.xpath: (.//*[normalize-space(text()) and normalize-space(.)='https://mattermost-usecase.herokuapp.com/asdasdas/channels/town-square'])[1]/following::p[1]' not found
	at com.kms.katalon.core.webui.common.WebUiCommonHelper.findWebElement(WebUiCommonHelper.java:1154)
	at com.kms.katalon.core.webui.keyword.internal.WebUIAbstractKeyword.findWebElement(WebUIAbstractKeyword.groovy:27)
	at com.kms.katalon.core.webui.keyword.internal.WebUIAbstractKeyword.findWebElement(WebUIAbstractKeyword.groovy:26)
	at com.kms.katalon.core.webui.keyword.builtin.ClickKeyword$_click_closure1.doCall(ClickKeyword.groovy:67)
	at com.kms.katalon.core.webui.keyword.builtin.ClickKeyword$_click_closure1.call(ClickKeyword.groovy)
	at com.kms.katalon.core.webui.keyword.internal.WebUIKeywordMain.runKeyword(WebUIKeywordMain.groovy:20)
	... 19 more
"/>
         <system-out><![CDATA[2019-12-20 13:30:53 - [TEST_CASE][FAILED] - Test Cases/View info public channel: Test Cases/View info public channel FAILED.
Reason:
com.kms.katalon.core.exception.StepFailedException: Unable to click on object 'Object Repository/ViewInfoPublicChannel/Page_ Mattermost - asdasdas Mattermost/p_ID ujziweawtbf65fe4x1gxx83i1a'
	at com.kms.katalon.core.webui.keyword.internal.WebUIKeywordMain.stepFailed(WebUIKeywordMain.groovy:64)
	at com.kms.katalon.core.webui.keyword.internal.WebUIKeywordMain.runKeyword(WebUIKeywordMain.groovy:26)
	at com.kms.katalon.core.webui.keyword.builtin.ClickKeyword.click(ClickKeyword.groovy:102)
	at com.kms.katalon.core.webui.keyword.builtin.ClickKeyword.execute(ClickKeyword.groovy:43)
	at com.kms.katalon.core.keyword.internal.KeywordExecutor.executeKeywordForPlatform(KeywordExecutor.groovy:72)
	at com.kms.katalon.core.webui.keyword.WebUiBuiltInKeywords.click(WebUiBuiltInKeywords.groovy:616)
	at com.kms.katalon.core.webui.keyword.WebUiBuiltInKeywords$click$3.call(Unknown Source)
	at View info public channel.run(View info public channel:44)
	at com.kms.katalon.core.main.ScriptEngine.run(ScriptEngine.java:194)
	at com.kms.katalon.core.main.ScriptEngine.runScriptAsRawText(ScriptEngine.java:119)
	at com.kms.katalon.core.main.TestCaseExecutor.runScript(TestCaseExecutor.java:337)
	at com.kms.katalon.core.main.TestCaseExecutor.doExecute(TestCaseExecutor.java:328)
	at com.kms.katalon.core.main.TestCaseExecutor.processExecutionPhase(TestCaseExecutor.java:307)
	at com.kms.katalon.core.main.TestCaseExecutor.accessMainPhase(TestCaseExecutor.java:299)
	at com.kms.katalon.core.main.TestCaseExecutor.execute(TestCaseExecutor.java:233)
	at com.kms.katalon.core.main.TestSuiteExecutor.accessTestCaseMainPhase(TestSuiteExecutor.java:169)
	at com.kms.katalon.core.main.TestSuiteExecutor.accessTestSuiteMainPhase(TestSuiteExecutor.java:142)
	at com.kms.katalon.core.main.TestSuiteExecutor.execute(TestSuiteExecutor.java:91)
	at com.kms.katalon.core.main.TestCaseMain.startTestSuite(TestCaseMain.java:157)
	at com.kms.katalon.core.main.TestCaseMain$startTestSuite$0.call(Unknown Source)
	at TempTestSuite1576822552141.run(TempTestSuite1576822552141.groovy:36)
Caused by: com.kms.katalon.core.webui.exception.WebElementNotFoundException: Web element with id: 'Object Repository/ViewInfoPublicChannel/Page_ Mattermost - asdasdas Mattermost/p_ID ujziweawtbf65fe4x1gxx83i1a' located by 'By.xpath: (.//*[normalize-space(text()) and normalize-space(.)='https://mattermost-usecase.herokuapp.com/asdasdas/channels/town-square'])[1]/following::p[1]' not found
	at com.kms.katalon.core.webui.common.WebUiCommonHelper.findWebElement(WebUiCommonHelper.java:1154)
	at com.kms.katalon.core.webui.keyword.internal.WebUIAbstractKeyword.findWebElement(WebUIAbstractKeyword.groovy:27)
	at com.kms.katalon.core.webui.keyword.internal.WebUIAbstractKeyword.findWebElement(WebUIAbstractKeyword.groovy:26)
	at com.kms.katalon.core.webui.keyword.builtin.ClickKeyword$_click_closure1.doCall(ClickKeyword.groovy:67)
	at com.kms.katalon.core.webui.keyword.builtin.ClickKeyword$_click_closure1.call(ClickKeyword.groovy)
	at com.kms.katalon.core.webui.keyword.internal.WebUIKeywordMain.runKeyword(WebUIKeywordMain.groovy:20)
	... 19 more


2019-12-20 13:30:53 - [TEST_STEP][PASSED] - openBrowser(""): Browser is opened with url: ''

2019-12-20 13:30:53 - [MESSAGE][INFO] - Starting 'Firefox' driver

2019-12-20 13:30:56 - [MESSAGE][PASSED] - Browser is opened with url: ''

2019-12-20 13:30:56 - [TEST_STEP][PASSED] - navigateToUrl("https://mattermost-usecase.herokuapp.com/"): Navigate to 'https://mattermost-usecase.herokuapp.com/' successfully

2019-12-20 13:31:06 - [MESSAGE][PASSED] - Navigate to 'https://mattermost-usecase.herokuapp.com/' successfully

2019-12-20 13:31:06 - [TEST_STEP][PASSED] - setText(findTestObject("Object Repository/ViewInfoPublicChannel/Page_Mattermost/input_All team communication in one place s_703ef5"), "dhgbao@apcs.vn"): Text 'dhgbao@apcs.vn' is set on object 'Object Repository/ViewInfoPublicChannel/Page_Mattermost/input_All team communication in one place s_703ef5'

2019-12-20 13:31:12 - [MESSAGE][PASSED] - Text 'dhgbao@apcs.vn' is set on object 'Object Repository/ViewInfoPublicChannel/Page_Mattermost/input_All team communication in one place s_703ef5'

2019-12-20 13:31:12 - [TEST_STEP][PASSED] - setText(findTestObject("Object Repository/ViewInfoPublicChannel/Page_Mattermost/input_All team communication in one place s_2f2733"), "123456789"): Text '123456789' is set on object 'Object Repository/ViewInfoPublicChannel/Page_Mattermost/input_All team communication in one place s_2f2733'

2019-12-20 13:31:13 - [MESSAGE][PASSED] - Text '123456789' is set on object 'Object Repository/ViewInfoPublicChannel/Page_Mattermost/input_All team communication in one place s_2f2733'

2019-12-20 13:31:13 - [TEST_STEP][PASSED] - sendKeys(findTestObject("Object Repository/ViewInfoPublicChannel/Page_Mattermost/input_All team communication in one place s_2f2733"), Keys.chord(ENTER)): Keys 'ENTER + ' sent to object: 'Object Repository/ViewInfoPublicChannel/Page_Mattermost/input_All team communication in one place s_2f2733'

2019-12-20 13:31:13 - [MESSAGE][PASSED] - Keys 'ENTER + ' sent to object: 'Object Repository/ViewInfoPublicChannel/Page_Mattermost/input_All team communication in one place s_2f2733'

2019-12-20 13:31:13 - [TEST_STEP][PASSED] - click(findTestObject("Object Repository/ViewInfoPublicChannel/Page_ Mattermost - asdasdas Mattermost/span_Mattermost_channelHeaderDropdownIcon")): Object: 'Object Repository/ViewInfoPublicChannel/Page_ Mattermost - asdasdas Mattermost/span_Mattermost_channelHeaderDropdownIcon' is clicked on

2019-12-20 13:31:18 - [MESSAGE][PASSED] - Object: 'Object Repository/ViewInfoPublicChannel/Page_ Mattermost - asdasdas Mattermost/span_Mattermost_channelHeaderDropdownIcon' is clicked on

2019-12-20 13:31:18 - [TEST_STEP][PASSED] - click(findTestObject("Object Repository/ViewInfoPublicChannel/Page_ Mattermost - asdasdas Mattermost/button_View Info")): Object: 'Object Repository/ViewInfoPublicChannel/Page_ Mattermost - asdasdas Mattermost/button_View Info' is clicked on

2019-12-20 13:31:18 - [MESSAGE][PASSED] - Object: 'Object Repository/ViewInfoPublicChannel/Page_ Mattermost - asdasdas Mattermost/button_View Info' is clicked on

2019-12-20 13:31:18 - [TEST_STEP][PASSED] - click(findTestObject("Object Repository/ViewInfoPublicChannel/Page_ Mattermost - asdasdas Mattermost/div_Test")): Object: 'Object Repository/ViewInfoPublicChannel/Page_ Mattermost - asdasdas Mattermost/div_Test' is clicked on

2019-12-20 13:31:19 - [MESSAGE][PASSED] - Object: 'Object Repository/ViewInfoPublicChannel/Page_ Mattermost - asdasdas Mattermost/div_Test' is clicked on

2019-12-20 13:31:19 - [TEST_STEP][PASSED] - click(findTestObject("Object Repository/ViewInfoPublicChannel/Page_ Mattermost - asdasdas Mattermost/div_PurposeTestHeaderProjectURLhttpsmatterm_644ea1")): Object: 'Object Repository/ViewInfoPublicChannel/Page_ Mattermost - asdasdas Mattermost/div_PurposeTestHeaderProjectURLhttpsmatterm_644ea1' is clicked on

2019-12-20 13:31:19 - [MESSAGE][PASSED] - Object: 'Object Repository/ViewInfoPublicChannel/Page_ Mattermost - asdasdas Mattermost/div_PurposeTestHeaderProjectURLhttpsmatterm_644ea1' is clicked on

2019-12-20 13:31:19 - [TEST_STEP][PASSED] - click(findTestObject("Object Repository/ViewInfoPublicChannel/Page_ Mattermost - asdasdas Mattermost/p_Project")): Object: 'Object Repository/ViewInfoPublicChannel/Page_ Mattermost - asdasdas Mattermost/p_Project' is clicked on

2019-12-20 13:31:20 - [MESSAGE][PASSED] - Object: 'Object Repository/ViewInfoPublicChannel/Page_ Mattermost - asdasdas Mattermost/p_Project' is clicked on

2019-12-20 13:31:20 - [TEST_STEP][PASSED] - click(findTestObject("Object Repository/ViewInfoPublicChannel/Page_ Mattermost - asdasdas Mattermost/div_httpsmattermost-usecaseherokuappcomasda_aa36eb")): Object: 'Object Repository/ViewInfoPublicChannel/Page_ Mattermost - asdasdas Mattermost/div_httpsmattermost-usecaseherokuappcomasda_aa36eb' is clicked on

2019-12-20 13:31:20 - [MESSAGE][PASSED] - Object: 'Object Repository/ViewInfoPublicChannel/Page_ Mattermost - asdasdas Mattermost/div_httpsmattermost-usecaseherokuappcomasda_aa36eb' is clicked on

2019-12-20 13:31:20 - [TEST_STEP][FAILED] - click(findTestObject("Object Repository/ViewInfoPublicChannel/Page_ Mattermost - asdasdas Mattermost/p_ID ujziweawtbf65fe4x1gxx83i1a")): Unable to click on object 'Object Repository/ViewInfoPublicChannel/Page_ Mattermost - asdasdas Mattermost/p_ID ujziweawtbf65fe4x1gxx83i1a' (Root cause: com.kms.katalon.core.exception.StepFailedException: Unable to click on object 'Object Repository/ViewInfoPublicChannel/Page_ Mattermost - asdasdas Mattermost/p_ID ujziweawtbf65fe4x1gxx83i1a'
	at com.kms.katalon.core.webui.keyword.internal.WebUIKeywordMain.stepFailed(WebUIKeywordMain.groovy:64)
	at com.kms.katalon.core.webui.keyword.internal.WebUIKeywordMain.runKeyword(WebUIKeywordMain.groovy:26)
	at com.kms.katalon.core.webui.keyword.builtin.ClickKeyword.click(ClickKeyword.groovy:102)
	at com.kms.katalon.core.webui.keyword.builtin.ClickKeyword.execute(ClickKeyword.groovy:43)
	at com.kms.katalon.core.keyword.internal.KeywordExecutor.executeKeywordForPlatform(KeywordExecutor.groovy:72)
	at com.kms.katalon.core.webui.keyword.WebUiBuiltInKeywords.click(WebUiBuiltInKeywords.groovy:616)
	at com.kms.katalon.core.webui.keyword.WebUiBuiltInKeywords$click$3.call(Unknown Source)
	at View info public channel.run(View info public channel:44)
	at com.kms.katalon.core.main.ScriptEngine.run(ScriptEngine.java:194)
	at com.kms.katalon.core.main.ScriptEngine.runScriptAsRawText(ScriptEngine.java:119)
	at com.kms.katalon.core.main.TestCaseExecutor.runScript(TestCaseExecutor.java:337)
	at com.kms.katalon.core.main.TestCaseExecutor.doExecute(TestCaseExecutor.java:328)
	at com.kms.katalon.core.main.TestCaseExecutor.processExecutionPhase(TestCaseExecutor.java:307)
	at com.kms.katalon.core.main.TestCaseExecutor.accessMainPhase(TestCaseExecutor.java:299)
	at com.kms.katalon.core.main.TestCaseExecutor.execute(TestCaseExecutor.java:233)
	at com.kms.katalon.core.main.TestSuiteExecutor.accessTestCaseMainPhase(TestSuiteExecutor.java:169)
	at com.kms.katalon.core.main.TestSuiteExecutor.accessTestSuiteMainPhase(TestSuiteExecutor.java:142)
	at com.kms.katalon.core.main.TestSuiteExecutor.execute(TestSuiteExecutor.java:91)
	at com.kms.katalon.core.main.TestCaseMain.startTestSuite(TestCaseMain.java:157)
	at com.kms.katalon.core.main.TestCaseMain$startTestSuite$0.call(Unknown Source)
	at TempTestSuite1576822552141.run(TempTestSuite1576822552141.groovy:36)
Caused by: com.kms.katalon.core.webui.exception.WebElementNotFoundException: Web element with id: 'Object Repository/ViewInfoPublicChannel/Page_ Mattermost - asdasdas Mattermost/p_ID ujziweawtbf65fe4x1gxx83i1a' located by 'By.xpath: (.//*[normalize-space(text()) and normalize-space(.)='https://mattermost-usecase.herokuapp.com/asdasdas/channels/town-square'])[1]/following::p[1]' not found
	at com.kms.katalon.core.webui.common.WebUiCommonHelper.findWebElement(WebUiCommonHelper.java:1154)
	at com.kms.katalon.core.webui.keyword.internal.WebUIAbstractKeyword.findWebElement(WebUIAbstractKeyword.groovy:27)
	at com.kms.katalon.core.webui.keyword.internal.WebUIAbstractKeyword.findWebElement(WebUIAbstractKeyword.groovy:26)
	at com.kms.katalon.core.webui.keyword.builtin.ClickKeyword$_click_closure1.doCall(ClickKeyword.groovy:67)
	at com.kms.katalon.core.webui.keyword.builtin.ClickKeyword$_click_closure1.call(ClickKeyword.groovy)
	at com.kms.katalon.core.webui.keyword.internal.WebUIKeywordMain.runKeyword(WebUIKeywordMain.groovy:20)
	at com.kms.katalon.core.webui.keyword.builtin.ClickKeyword.click(ClickKeyword.groovy:102)
	at com.kms.katalon.core.webui.keyword.builtin.ClickKeyword.execute(ClickKeyword.groovy:43)
	at com.kms.katalon.core.keyword.internal.KeywordExecutor.executeKeywordForPlatform(KeywordExecutor.groovy:72)
	at com.kms.katalon.core.webui.keyword.WebUiBuiltInKeywords.click(WebUiBuiltInKeywords.groovy:616)
	at com.kms.katalon.core.webui.keyword.WebUiBuiltInKeywords$click$3.call(Unknown Source)
	at Script1576776075862.run(Script1576776075862.groovy:44)
	... 13 more
)

2019-12-20 13:32:04 - [MESSAGE][INFO] - Unable to find the element located by 'By.xpath: (.//*[normalize-space(text()) and normalize-space(.)='https://mattermost-usecase.herokuapp.com/asdasdas/channels/town-square'])[1]/following::p[1]'. Please recheck the objects properties to make sure the desired element is located. 

2019-12-20 13:32:04 - [MESSAGE][FAILED] - Unable to click on object 'Object Repository/ViewInfoPublicChannel/Page_ Mattermost - asdasdas Mattermost/p_ID ujziweawtbf65fe4x1gxx83i1a' (Root cause: com.kms.katalon.core.exception.StepFailedException: Unable to click on object 'Object Repository/ViewInfoPublicChannel/Page_ Mattermost - asdasdas Mattermost/p_ID ujziweawtbf65fe4x1gxx83i1a'
	at com.kms.katalon.core.webui.keyword.internal.WebUIKeywordMain.stepFailed(WebUIKeywordMain.groovy:64)
	at com.kms.katalon.core.webui.keyword.internal.WebUIKeywordMain.runKeyword(WebUIKeywordMain.groovy:26)
	at com.kms.katalon.core.webui.keyword.builtin.ClickKeyword.click(ClickKeyword.groovy:102)
	at com.kms.katalon.core.webui.keyword.builtin.ClickKeyword.execute(ClickKeyword.groovy:43)
	at com.kms.katalon.core.keyword.internal.KeywordExecutor.executeKeywordForPlatform(KeywordExecutor.groovy:72)
	at com.kms.katalon.core.webui.keyword.WebUiBuiltInKeywords.click(WebUiBuiltInKeywords.groovy:616)
	at com.kms.katalon.core.webui.keyword.WebUiBuiltInKeywords$click$3.call(Unknown Source)
	at View info public channel.run(View info public channel:44)
	at com.kms.katalon.core.main.ScriptEngine.run(ScriptEngine.java:194)
	at com.kms.katalon.core.main.ScriptEngine.runScriptAsRawText(ScriptEngine.java:119)
	at com.kms.katalon.core.main.TestCaseExecutor.runScript(TestCaseExecutor.java:337)
	at com.kms.katalon.core.main.TestCaseExecutor.doExecute(TestCaseExecutor.java:328)
	at com.kms.katalon.core.main.TestCaseExecutor.processExecutionPhase(TestCaseExecutor.java:307)
	at com.kms.katalon.core.main.TestCaseExecutor.accessMainPhase(TestCaseExecutor.java:299)
	at com.kms.katalon.core.main.TestCaseExecutor.execute(TestCaseExecutor.java:233)
	at com.kms.katalon.core.main.TestSuiteExecutor.accessTestCaseMainPhase(TestSuiteExecutor.java:169)
	at com.kms.katalon.core.main.TestSuiteExecutor.accessTestSuiteMainPhase(TestSuiteExecutor.java:142)
	at com.kms.katalon.core.main.TestSuiteExecutor.execute(TestSuiteExecutor.java:91)
	at com.kms.katalon.core.main.TestCaseMain.startTestSuite(TestCaseMain.java:157)
	at com.kms.katalon.core.main.TestCaseMain$startTestSuite$0.call(Unknown Source)
	at TempTestSuite1576822552141.run(TempTestSuite1576822552141.groovy:36)
Caused by: com.kms.katalon.core.webui.exception.WebElementNotFoundException: Web element with id: 'Object Repository/ViewInfoPublicChannel/Page_ Mattermost - asdasdas Mattermost/p_ID ujziweawtbf65fe4x1gxx83i1a' located by 'By.xpath: (.//*[normalize-space(text()) and normalize-space(.)='https://mattermost-usecase.herokuapp.com/asdasdas/channels/town-square'])[1]/following::p[1]' not found
	at com.kms.katalon.core.webui.common.WebUiCommonHelper.findWebElement(WebUiCommonHelper.java:1154)
	at com.kms.katalon.core.webui.keyword.internal.WebUIAbstractKeyword.findWebElement(WebUIAbstractKeyword.groovy:27)
	at com.kms.katalon.core.webui.keyword.internal.WebUIAbstractKeyword.findWebElement(WebUIAbstractKeyword.groovy:26)
	at com.kms.katalon.core.webui.keyword.builtin.ClickKeyword$_click_closure1.doCall(ClickKeyword.groovy:67)
	at com.kms.katalon.core.webui.keyword.builtin.ClickKeyword$_click_closure1.call(ClickKeyword.groovy)
	at com.kms.katalon.core.webui.keyword.internal.WebUIKeywordMain.runKeyword(WebUIKeywordMain.groovy:20)
	at com.kms.katalon.core.webui.keyword.builtin.ClickKeyword.click(ClickKeyword.groovy:102)
	at com.kms.katalon.core.webui.keyword.builtin.ClickKeyword.execute(ClickKeyword.groovy:43)
	at com.kms.katalon.core.keyword.internal.KeywordExecutor.executeKeywordForPlatform(KeywordExecutor.groovy:72)
	at com.kms.katalon.core.webui.keyword.WebUiBuiltInKeywords.click(WebUiBuiltInKeywords.groovy:616)
	at com.kms.katalon.core.webui.keyword.WebUiBuiltInKeywords$click$3.call(Unknown Source)
	at Script1576776075862.run(Script1576776075862.groovy:44)
	... 13 more
)
[[ATTACHMENT|/Users/apple/Desktop/Stduy/katalon-mattermost/dsds/Reports/20191220_131552/Run all test cases/20191220_131552/1576823524703.png]]]]></system-out>
         <system-err><![CDATA[2019-12-20 13:30:53 - [TEST_CASE][FAILED] - Test Cases/View info public channel: Test Cases/View info public channel FAILED.
Reason:
com.kms.katalon.core.exception.StepFailedException: Unable to click on object 'Object Repository/ViewInfoPublicChannel/Page_ Mattermost - asdasdas Mattermost/p_ID ujziweawtbf65fe4x1gxx83i1a'
	at com.kms.katalon.core.webui.keyword.internal.WebUIKeywordMain.stepFailed(WebUIKeywordMain.groovy:64)
	at com.kms.katalon.core.webui.keyword.internal.WebUIKeywordMain.runKeyword(WebUIKeywordMain.groovy:26)
	at com.kms.katalon.core.webui.keyword.builtin.ClickKeyword.click(ClickKeyword.groovy:102)
	at com.kms.katalon.core.webui.keyword.builtin.ClickKeyword.execute(ClickKeyword.groovy:43)
	at com.kms.katalon.core.keyword.internal.KeywordExecutor.executeKeywordForPlatform(KeywordExecutor.groovy:72)
	at com.kms.katalon.core.webui.keyword.WebUiBuiltInKeywords.click(WebUiBuiltInKeywords.groovy:616)
	at com.kms.katalon.core.webui.keyword.WebUiBuiltInKeywords$click$3.call(Unknown Source)
	at View info public channel.run(View info public channel:44)
	at com.kms.katalon.core.main.ScriptEngine.run(ScriptEngine.java:194)
	at com.kms.katalon.core.main.ScriptEngine.runScriptAsRawText(ScriptEngine.java:119)
	at com.kms.katalon.core.main.TestCaseExecutor.runScript(TestCaseExecutor.java:337)
	at com.kms.katalon.core.main.TestCaseExecutor.doExecute(TestCaseExecutor.java:328)
	at com.kms.katalon.core.main.TestCaseExecutor.processExecutionPhase(TestCaseExecutor.java:307)
	at com.kms.katalon.core.main.TestCaseExecutor.accessMainPhase(TestCaseExecutor.java:299)
	at com.kms.katalon.core.main.TestCaseExecutor.execute(TestCaseExecutor.java:233)
	at com.kms.katalon.core.main.TestSuiteExecutor.accessTestCaseMainPhase(TestSuiteExecutor.java:169)
	at com.kms.katalon.core.main.TestSuiteExecutor.accessTestSuiteMainPhase(TestSuiteExecutor.java:142)
	at com.kms.katalon.core.main.TestSuiteExecutor.execute(TestSuiteExecutor.java:91)
	at com.kms.katalon.core.main.TestCaseMain.startTestSuite(TestCaseMain.java:157)
	at com.kms.katalon.core.main.TestCaseMain$startTestSuite$0.call(Unknown Source)
	at TempTestSuite1576822552141.run(TempTestSuite1576822552141.groovy:36)
Caused by: com.kms.katalon.core.webui.exception.WebElementNotFoundException: Web element with id: 'Object Repository/ViewInfoPublicChannel/Page_ Mattermost - asdasdas Mattermost/p_ID ujziweawtbf65fe4x1gxx83i1a' located by 'By.xpath: (.//*[normalize-space(text()) and normalize-space(.)='https://mattermost-usecase.herokuapp.com/asdasdas/channels/town-square'])[1]/following::p[1]' not found
	at com.kms.katalon.core.webui.common.WebUiCommonHelper.findWebElement(WebUiCommonHelper.java:1154)
	at com.kms.katalon.core.webui.keyword.internal.WebUIAbstractKeyword.findWebElement(WebUIAbstractKeyword.groovy:27)
	at com.kms.katalon.core.webui.keyword.internal.WebUIAbstractKeyword.findWebElement(WebUIAbstractKeyword.groovy:26)
	at com.kms.katalon.core.webui.keyword.builtin.ClickKeyword$_click_closure1.doCall(ClickKeyword.groovy:67)
	at com.kms.katalon.core.webui.keyword.builtin.ClickKeyword$_click_closure1.call(ClickKeyword.groovy)
	at com.kms.katalon.core.webui.keyword.internal.WebUIKeywordMain.runKeyword(WebUIKeywordMain.groovy:20)
	... 19 more]]></system-err>
      </testcase>
      <system-out><![CDATA[2019-12-20 13:15:55 - [TEST_SUITE][FAILED] - Run all test cases: Test Cases/Edit public channel purpose FAILED.
Reason:
com.kms.katalon.core.exception.StepFailedException: Unable to set text 'Te' of object 'Object Repository/EditPublicChannelPurpose/Page_ Town Square - asdasdas Mattermost/textarea_T'
	at com.kms.katalon.core.webui.keyword.internal.WebUIKeywordMain.stepFailed(WebUIKeywordMain.groovy:64)
	at com.kms.katalon.core.webui.keyword.internal.WebUIKeywordMain.runKeyword(WebUIKeywordMain.groovy:26)
	at com.kms.katalon.core.webui.keyword.builtin.SetTextKeyword.setText(SetTextKeyword.groovy:66)
	at com.kms.katalon.core.webui.keyword.builtin.SetTextKeyword.execute(SetTextKeyword.groovy:37)
	at com.kms.katalon.core.keyword.internal.KeywordExecutor.executeKeywordForPlatform(KeywordExecutor.groovy:72)
	at com.kms.katalon.core.webui.keyword.WebUiBuiltInKeywords.setText(WebUiBuiltInKeywords.groovy:950)
	at com.kms.katalon.core.webui.keyword.WebUiBuiltInKeywords$setText$1.call(Unknown Source)
	at Edit public channel purpose.run(Edit public channel purpose:39)
	at com.kms.katalon.core.main.ScriptEngine.run(ScriptEngine.java:194)
	at com.kms.katalon.core.main.ScriptEngine.runScriptAsRawText(ScriptEngine.java:119)
	at com.kms.katalon.core.main.TestCaseExecutor.runScript(TestCaseExecutor.java:337)
	at com.kms.katalon.core.main.TestCaseExecutor.doExecute(TestCaseExecutor.java:328)
	at com.kms.katalon.core.main.TestCaseExecutor.processExecutionPhase(TestCaseExecutor.java:307)
	at com.kms.katalon.core.main.TestCaseExecutor.accessMainPhase(TestCaseExecutor.java:299)
	at com.kms.katalon.core.main.TestCaseExecutor.execute(TestCaseExecutor.java:233)
	at com.kms.katalon.core.main.TestSuiteExecutor.accessTestCaseMainPhase(TestSuiteExecutor.java:169)
	at com.kms.katalon.core.main.TestSuiteExecutor.accessTestSuiteMainPhase(TestSuiteExecutor.java:142)
	at com.kms.katalon.core.main.TestSuiteExecutor.execute(TestSuiteExecutor.java:91)
	at com.kms.katalon.core.main.TestCaseMain.startTestSuite(TestCaseMain.java:157)
	at com.kms.katalon.core.main.TestCaseMain$startTestSuite$0.call(Unknown Source)
	at TempTestSuite1576822552141.run(TempTestSuite1576822552141.groovy:36)
Caused by: com.kms.katalon.core.webui.exception.WebElementNotFoundException: Web element with id: 'Object Repository/EditPublicChannelPurpose/Page_ Town Square - asdasdas Mattermost/textarea_T' located by 'By.xpath: (.//*[normalize-space(text()) and normalize-space(.)='Town Square'])[4]/following::textarea[1]' not found
	at com.kms.katalon.core.webui.common.WebUiCommonHelper.findWebElement(WebUiCommonHelper.java:1154)
	at com.kms.katalon.core.webui.keyword.internal.WebUIAbstractKeyword.findWebElement(WebUIAbstractKeyword.groovy:27)
	at com.kms.katalon.core.webui.keyword.internal.WebUIAbstractKeyword.findWebElement(WebUIAbstractKeyword.groovy:26)
	at com.kms.katalon.core.webui.keyword.builtin.SetTextKeyword$_setText_closure1.doCall(SetTextKeyword.groovy:51)
	at com.kms.katalon.core.webui.keyword.builtin.SetTextKeyword$_setText_closure1.call(SetTextKeyword.groovy)
	at com.kms.katalon.core.webui.keyword.internal.WebUIKeywordMain.runKeyword(WebUIKeywordMain.groovy:20)
	... 19 more]]></system-out>
      <system-err><![CDATA[2019-12-20 13:15:55 - [TEST_SUITE][FAILED] - Run all test cases: Test Cases/Edit public channel purpose FAILED.
Reason:
com.kms.katalon.core.exception.StepFailedException: Unable to set text 'Te' of object 'Object Repository/EditPublicChannelPurpose/Page_ Town Square - asdasdas Mattermost/textarea_T'
	at com.kms.katalon.core.webui.keyword.internal.WebUIKeywordMain.stepFailed(WebUIKeywordMain.groovy:64)
	at com.kms.katalon.core.webui.keyword.internal.WebUIKeywordMain.runKeyword(WebUIKeywordMain.groovy:26)
	at com.kms.katalon.core.webui.keyword.builtin.SetTextKeyword.setText(SetTextKeyword.groovy:66)
	at com.kms.katalon.core.webui.keyword.builtin.SetTextKeyword.execute(SetTextKeyword.groovy:37)
	at com.kms.katalon.core.keyword.internal.KeywordExecutor.executeKeywordForPlatform(KeywordExecutor.groovy:72)
	at com.kms.katalon.core.webui.keyword.WebUiBuiltInKeywords.setText(WebUiBuiltInKeywords.groovy:950)
	at com.kms.katalon.core.webui.keyword.WebUiBuiltInKeywords$setText$1.call(Unknown Source)
	at Edit public channel purpose.run(Edit public channel purpose:39)
	at com.kms.katalon.core.main.ScriptEngine.run(ScriptEngine.java:194)
	at com.kms.katalon.core.main.ScriptEngine.runScriptAsRawText(ScriptEngine.java:119)
	at com.kms.katalon.core.main.TestCaseExecutor.runScript(TestCaseExecutor.java:337)
	at com.kms.katalon.core.main.TestCaseExecutor.doExecute(TestCaseExecutor.java:328)
	at com.kms.katalon.core.main.TestCaseExecutor.processExecutionPhase(TestCaseExecutor.java:307)
	at com.kms.katalon.core.main.TestCaseExecutor.accessMainPhase(TestCaseExecutor.java:299)
	at com.kms.katalon.core.main.TestCaseExecutor.execute(TestCaseExecutor.java:233)
	at com.kms.katalon.core.main.TestSuiteExecutor.accessTestCaseMainPhase(TestSuiteExecutor.java:169)
	at com.kms.katalon.core.main.TestSuiteExecutor.accessTestSuiteMainPhase(TestSuiteExecutor.java:142)
	at com.kms.katalon.core.main.TestSuiteExecutor.execute(TestSuiteExecutor.java:91)
	at com.kms.katalon.core.main.TestCaseMain.startTestSuite(TestCaseMain.java:157)
	at com.kms.katalon.core.main.TestCaseMain$startTestSuite$0.call(Unknown Source)
	at TempTestSuite1576822552141.run(TempTestSuite1576822552141.groovy:36)
Caused by: com.kms.katalon.core.webui.exception.WebElementNotFoundException: Web element with id: 'Object Repository/EditPublicChannelPurpose/Page_ Town Square - asdasdas Mattermost/textarea_T' located by 'By.xpath: (.//*[normalize-space(text()) and normalize-space(.)='Town Square'])[4]/following::textarea[1]' not found
	at com.kms.katalon.core.webui.common.WebUiCommonHelper.findWebElement(WebUiCommonHelper.java:1154)
	at com.kms.katalon.core.webui.keyword.internal.WebUIAbstractKeyword.findWebElement(WebUIAbstractKeyword.groovy:27)
	at com.kms.katalon.core.webui.keyword.internal.WebUIAbstractKeyword.findWebElement(WebUIAbstractKeyword.groovy:26)
	at com.kms.katalon.core.webui.keyword.builtin.SetTextKeyword$_setText_closure1.doCall(SetTextKeyword.groovy:51)
	at com.kms.katalon.core.webui.keyword.builtin.SetTextKeyword$_setText_closure1.call(SetTextKeyword.groovy)
	at com.kms.katalon.core.webui.keyword.internal.WebUIKeywordMain.runKeyword(WebUIKeywordMain.groovy:20)
	... 19 more]]></system-err>
   </testsuite>
</testsuites>
